Removed Pin From Net: NetName=GND Pin=C?-1
Removed Pin From Net: NetName=3.3V_PWR Pin=C?-2
Change Component Designator: OldDesignator=C? NewDesignator=C22
Change Component Designator: OldDesignator=C? NewDesignator=C23
Change Component Designator: OldDesignator=C? NewDesignator=C24
Change Component Designator: OldDesignator=C? NewDesignator=C25
Change Component Designator: OldDesignator=C? NewDesignator=C26
Change Component Designator: OldDesignator=IC5 NewDesignator=IC4
Change Component Designator: OldDesignator=IC6 NewDesignator=IC5
Change Component Designator: OldDesignator=IC? NewDesignator=IC6
Change Component Designator: OldDesignator=J? NewDesignator=J2
Change Component Designator: OldDesignator=R? NewDesignator=R13
Change Component Designator: OldDesignator=R? NewDesignator=R14
Change Component Designator: OldDesignator=R? NewDesignator=R15
Change Component Designator: OldDesignator=Y? NewDesignator=Y3
Added Pin To Net: NetName=NRST Pin=C23-1
Added Pin To Net: NetName=GND Pin=C23-2
Change Net Name : Old Net Name=NetIC5_9 New Net Name=NetIC4_9
Change Net Name : Old Net Name=NetIC6_9 New Net Name=NetIC5_9
Added Member To Class: ClassName=Sch_MCU Member=Component C22 0.10µF
Added Member To Class: ClassName=Sch_MCU Member=Component C23 0.10µF
Added Member To Class: ClassName=Sch_MCU Member=Component C24 4.7µF
Added Member To Class: ClassName=Sch_MCU Member=Component C25 0.10µF
Added Member To Class: ClassName=Sch_MCU Member=Component IC6 STM32F301K6U6
Added Member To Class: ClassName=Sch_MCU Member=Component R14 10k
Added Member To Class: ClassName=Sch_MCU Member=Component R15 10k
