Removed Pin From Net: NetName=GND Pin=C?-2
Removed Member From Class: ClassName=sch_sensors Member=C?
Removed Member From Class: ClassName=Sch_pwr_sys Member=IC?
Removed Member From Class: ClassName=Sch_pwr_sys Member=R?
Removed Member From Class: ClassName=Sch_pwr_sys Member=Y?
Change Component Designator: OldDesignator=AC? NewDesignator=AC1
Change Component Designator: OldDesignator=C? NewDesignator=C1
Change Component Designator: OldDesignator=C? NewDesignator=C2
Change Component Designator: OldDesignator=C? NewDesignator=C3
Change Component Designator: OldDesignator=C? NewDesignator=C4
Change Component Designator: OldDesignator=C? NewDesignator=C5
Change Component Designator: OldDesignator=C? NewDesignator=C6
Change Component Designator: OldDesignator=C? NewDesignator=C7
Change Component Designator: OldDesignator=C? NewDesignator=C8
Change Component Designator: OldDesignator=C? NewDesignator=C9
Change Component Designator: OldDesignator=C? NewDesignator=C10
Change Component Designator: OldDesignator=C? NewDesignator=C11
Change Component Designator: OldDesignator=C? NewDesignator=C12
Change Component Designator: OldDesignator=C? NewDesignator=C13
Change Component Designator: OldDesignator=C? NewDesignator=C14
Change Component Designator: OldDesignator=C? NewDesignator=C15
Change Component Designator: OldDesignator=DS? NewDesignator=DS1
Change Component Designator: OldDesignator=IC? NewDesignator=IC1
Change Component Designator: OldDesignator=IC? NewDesignator=IC2
Change Component Designator: OldDesignator=IC? NewDesignator=IC3
Change Component Designator: OldDesignator=IC? NewDesignator=IC4
Change Component Designator: OldDesignator=IC? NewDesignator=IC5
Change Component Designator: OldDesignator=IC? NewDesignator=IC6
Change Component Designator: OldDesignator=J? NewDesignator=J1
Change Component Designator: OldDesignator=L? NewDesignator=L1
Change Component Designator: OldDesignator=PS? NewDesignator=PS1
Change Component Designator: OldDesignator=R3 NewDesignator=R1
Change Component Designator: OldDesignator=R? NewDesignator=R2
Change Component Designator: OldDesignator=R? NewDesignator=R3
Change Component Designator: OldDesignator=R? NewDesignator=R4
Change Component Designator: OldDesignator=R? NewDesignator=R5
Change Component Designator: OldDesignator=R? NewDesignator=R6
Change Component Designator: OldDesignator=R? NewDesignator=R7
Change Component Designator: OldDesignator=R? NewDesignator=R8
Change Component Designator: OldDesignator=R? NewDesignator=R9
Change Component Designator: OldDesignator=R? NewDesignator=R10
Change Component Designator: OldDesignator=R? NewDesignator=R11
Change Component Designator: OldDesignator=R? NewDesignator=R12
Change Component Designator: OldDesignator=U? NewDesignator=U1
Change Component Designator: OldDesignator=Y? NewDesignator=Y1
Change Component Designator: OldDesignator=Y? NewDesignator=Y2
Added Pin To Net: NetName=AFE_A1 Pin=C15-1
Added Pin To Net: NetName=CMOUT Pin=C15-2
Change Net Name : Old Net Name=NetAC?_4 New Net Name=NetAC1_4
Change Net Name : Old Net Name=NetAC?_17 New Net Name=NetAC1_17
Change Net Name : Old Net Name=NetC?_2 New Net Name=NetC11_2
Change Net Name : Old Net Name=NetDS?_1 New Net Name=NetDS1_1
Change Net Name : Old Net Name=NetDS?_2 New Net Name=NetDS1_2
Change Net Name : Old Net Name=NetIC?_1 New Net Name=NetIC3_1
Change Net Name : Old Net Name=NetIC?_8 New Net Name=NetIC3_8
Change Net Name : Old Net Name=NetIC?_9 New Net Name=NetIC5_9
Change Net Name : Old Net Name=NetIC?_10 New Net Name=NetIC2_10
Change Net Name : Old Net Name=NetIC?_B1 New Net Name=NetIC1_B1
Change Net Name : Old Net Name=NetPS?_4 New Net Name=NetPS1_4
Added Pin To Net: NetName=NetAC1_9 Pin=AC1-9
Added Net: Name=NetAC1_9
Added Pin To Net: NetName=NetC14_2 Pin=C14-2
Added Pin To Net: NetName=NetC14_2 Pin=R9-1
Added Pin To Net: NetName=NetC14_2 Pin=R10-2
Added Net: Name=NetC14_2
Added Pin To Net: NetName=NetIC6_9 Pin=IC6-9
Added Pin To Net: NetName=NetIC6_9 Pin=R8-1
Added Net: Name=NetIC6_9
Added Member To Class: ClassName=Sch_pwr_sys Member=Component C1 0.10µF
Added Member To Class: ClassName=Sch_pwr_sys Member=Component C2 0.10µF
Added Member To Class: ClassName=Sch_pwr_sys Member=Component C3 0.10µF
Added Member To Class: ClassName=Sch_pwr_sys Member=Component C4 2.2uF
Added Member To Class: ClassName=Sch_pwr_sys Member=Component C6 GRM188R60J106ME47D
Added Member To Class: ClassName=Sch_pwr_sys Member=Component C7 4.7µF
Added Member To Class: ClassName=sch_sensors Member=Component C8 10000pF
Added Member To Class: ClassName=sch_sensors Member=Component C9 10000pF
Added Member To Class: ClassName=sch_sensors Member=Component C10 10µF
Added Member To Class: ClassName=sch_sensors Member=Component C11 10000pF
Added Member To Class: ClassName=sch_sensors Member=Component C12 10000pF
Added Member To Class: ClassName=sch_sensors Member=Component C13 1µF
Added Member To Class: ClassName=sch_sensors Member=Component C14 10µF
Added Member To Class: ClassName=sch_sensors Member=Component C15 6800pF
Added Member To Class: ClassName=Sch_pwr_sys Member=Component IC1 FAN53600AUC33X
Added Member To Class: ClassName=Sch_pwr_sys Member=Component IC2 FXL6408UMX
Added Member To Class: ClassName=Sch_pwr_sys Member=Component IC3 MCP73831T-2ACI_MC
Added Member To Class: ClassName=Sch_pwr_sys Member=Component IC4 PCA9570GMH
Added Member To Class: ClassName=Sch_pwr_sys Member=Component IC5 DS2786G+
Added Member To Class: ClassName=Sch_pwr_sys Member=Component R2 1M
Added Member To Class: ClassName=Sch_pwr_sys Member=Component R3 ERJ-2RKF7500X
Added Member To Class: ClassName=Sch_pwr_sys Member=Component R4 10k
Added Member To Class: ClassName=Sch_pwr_sys Member=Component R5 80.6k
Added Member To Class: ClassName=Sch_pwr_sys Member=Component R6 5.6k
Added Member To Class: ClassName=Sch_pwr_sys Member=Component R7 1k
Added Member To Class: ClassName=sch_sensors Member=Component R9 160k
Added Member To Class: ClassName=sch_sensors Member=Component R10 160k
Added Member To Class: ClassName=sch_sensors Member=Component R11 10k
Added Member To Class: ClassName=sch_sensors Member=Component R12 0
Added Member To Class: ClassName=Sch_pwr_sys Member=Component Y1 ADS1015IRUGT
