Added Component: Designator=C17(SMD-0402C)
Add component. Clean all parameters for all variants
Add component (AddParameter): Name = "@ qty"; Value = "0"; VariantName = "[No Variations]"
Add component (AddParameter): Name = "Applications"; Value = "General Purpose"; VariantName = "[No Variations]"
Add component (AddParameter): Name = "Datasheets"; Value = "http://psearch.en.murata.com/capacitor/product/GRM153R60G475ME15%23.pdf"; VariantName = "[No Variations]"
Add component (AddParameter): Name = "Digi-Key Part Number"; Value = "490-13231-1-ND"; VariantName = "[No Variations]"
Add component (AddParameter): Name = "Factory Stock"; Value = "0"; VariantName = "[No Variations]"
Add component (AddParameter): Name = "Features"; Value = "-"; VariantName = "[No Variations]"
Add component (AddParameter): Name = "Height - Seated (Max)"; Value = "-"; VariantName = "[No Variations]"
Add component (AddParameter): Name = "Image"; Value = "//media.digikey.com/Renders/Murata%20Renders/ZRB-SERIES-0402.jpg"; VariantName = "[No Variations]"
Add component (AddParameter): Name = "Lead Spacing"; Value = "-"; VariantName = "[No Variations]"
Add component (AddParameter): Name = "Lead Style"; Value = "-"; VariantName = "[No Variations]"
Add component (AddParameter): Name = "Manufacturer"; Value = "Murata Electronics North America"; VariantName = "[No Variations]"
Add component (AddParameter): Name = "Minimum Quantity"; Value = "1"; VariantName = "[No Variations]"
Add component (AddParameter): Name = "Mounting Type"; Value = "Surface Mount, MLCC"; VariantName = "[No Variations]"
Add component (AddParameter): Name = "Operating Temperature"; Value = "-55°C ~ 85°C"; VariantName = "[No Variations]"
Add component (AddParameter): Name = "Package / Case"; Value = "0402 (1005 Metric)"; VariantName = "[No Variations]"
Add component (AddParameter): Name = "Packaging"; Value = "Cut Tape (CT)"; VariantName = "[No Variations]"
Add component (AddParameter): Name = "Part Number"; Value = "GRM153R60G475ME15D"; VariantName = "[No Variations]"
Add component (AddParameter): Name = "Part Status"; Value = "Active"; VariantName = "[No Variations]"
Add component (AddParameter): Name = "Quantity Available"; Value = "9100"; VariantName = "[No Variations]"
Add component (AddParameter): Name = "Ratings"; Value = "-"; VariantName = "[No Variations]"
Add component (AddParameter): Name = "Series"; Value = "GRM"; VariantName = "[No Variations]"
Add component (AddParameter): Name = "Size / Dimension"; Value = "0.039" L x 0.020" W (1.00mm x 0.50mm)"; VariantName = "[No Variations]"
Add component (AddParameter): Name = "Temperature Coefficient"; Value = "X5R"; VariantName = "[No Variations]"
Add component (AddParameter): Name = "Thickness (Max)"; Value = "0.013" (0.33mm)"; VariantName = "[No Variations]"
Add component (AddParameter): Name = "Tolerance"; Value = "±20%"; VariantName = "[No Variations]"
Add component (AddParameter): Name = "Unit Price (USD)"; Value = "0.27"; VariantName = "[No Variations]"
Add component (AddParameter): Name = "Value"; Value = "4.7µF"; VariantName = "[No Variations]"
Add component (AddParameter): Name = "Voltage"; Value = "4V"; VariantName = "[No Variations]"
Added Component: Designator=C18(SMD-0402C)
Add component. Clean all parameters for all variants
Add component (AddParameter): Name = "@ qty"; Value = "0"; VariantName = "[No Variations]"
Add component (AddParameter): Name = "Applications"; Value = "General Purpose"; VariantName = "[No Variations]"
Add component (AddParameter): Name = "Datasheets"; Value = "http://psearch.en.murata.com/capacitor/product/GRM153R60G475ME15%23.pdf"; VariantName = "[No Variations]"
Add component (AddParameter): Name = "Digi-Key Part Number"; Value = "490-13231-1-ND"; VariantName = "[No Variations]"
Add component (AddParameter): Name = "Factory Stock"; Value = "0"; VariantName = "[No Variations]"
Add component (AddParameter): Name = "Features"; Value = "-"; VariantName = "[No Variations]"
Add component (AddParameter): Name = "Height - Seated (Max)"; Value = "-"; VariantName = "[No Variations]"
Add component (AddParameter): Name = "Image"; Value = "//media.digikey.com/Renders/Murata%20Renders/ZRB-SERIES-0402.jpg"; VariantName = "[No Variations]"
Add component (AddParameter): Name = "Lead Spacing"; Value = "-"; VariantName = "[No Variations]"
Add component (AddParameter): Name = "Lead Style"; Value = "-"; VariantName = "[No Variations]"
Add component (AddParameter): Name = "Manufacturer"; Value = "Murata Electronics North America"; VariantName = "[No Variations]"
Add component (AddParameter): Name = "Minimum Quantity"; Value = "1"; VariantName = "[No Variations]"
Add component (AddParameter): Name = "Mounting Type"; Value = "Surface Mount, MLCC"; VariantName = "[No Variations]"
Add component (AddParameter): Name = "Operating Temperature"; Value = "-55°C ~ 85°C"; VariantName = "[No Variations]"
Add component (AddParameter): Name = "Package / Case"; Value = "0402 (1005 Metric)"; VariantName = "[No Variations]"
Add component (AddParameter): Name = "Packaging"; Value = "Cut Tape (CT)"; VariantName = "[No Variations]"
Add component (AddParameter): Name = "Part Number"; Value = "GRM153R60G475ME15D"; VariantName = "[No Variations]"
Add component (AddParameter): Name = "Part Status"; Value = "Active"; VariantName = "[No Variations]"
Add component (AddParameter): Name = "Quantity Available"; Value = "9100"; VariantName = "[No Variations]"
Add component (AddParameter): Name = "Ratings"; Value = "-"; VariantName = "[No Variations]"
Add component (AddParameter): Name = "Series"; Value = "GRM"; VariantName = "[No Variations]"
Add component (AddParameter): Name = "Size / Dimension"; Value = "0.039" L x 0.020" W (1.00mm x 0.50mm)"; VariantName = "[No Variations]"
Add component (AddParameter): Name = "Temperature Coefficient"; Value = "X5R"; VariantName = "[No Variations]"
Add component (AddParameter): Name = "Thickness (Max)"; Value = "0.013" (0.33mm)"; VariantName = "[No Variations]"
Add component (AddParameter): Name = "Tolerance"; Value = "±20%"; VariantName = "[No Variations]"
Add component (AddParameter): Name = "Unit Price (USD)"; Value = "0.27"; VariantName = "[No Variations]"
Add component (AddParameter): Name = "Value"; Value = "4.7µF"; VariantName = "[No Variations]"
Add component (AddParameter): Name = "Voltage"; Value = "4V"; VariantName = "[No Variations]"
Added Component: Designator=D?(TO254P510X450X920-2P)
Add component. Clean all parameters for all variants
Add component (AddParameter): Name = "Allied_Number"; Value = "R1086877"; VariantName = "[No Variations]"
Add component (AddParameter): Name = "Allied Price/Stock"; Value = "https://www.alliedelec.com/vishay-dale-bpv22nf/R1086877/"; VariantName = "[No Variations]"
Add component (AddParameter): Name = "Datasheet Link"; Value = "http://www.vishay.com/docs/81509/bpv22nf.pdf"; VariantName = "[No Variations]"
Add component (AddParameter): Name = "Height"; Value = "5.1mm"; VariantName = "[No Variations]"
Add component (AddParameter): Name = "Manufacturer_Name"; Value = "Vishay"; VariantName = "[No Variations]"
Add component (AddParameter): Name = "Manufacturer_Part_Number"; Value = "BPV22NF"; VariantName = "[No Variations]"
Add component (AddParameter): Name = "Mouser Part Number"; Value = "782-BPV22NF"; VariantName = "[No Variations]"
Add component (AddParameter): Name = "Mouser Price/Stock"; Value = "https://www.mouser.com/Search/Refine.aspx?Keyword=782-BPV22NF"; VariantName = "[No Variations]"
Add component (AddParameter): Name = "RS Part Number"; Value = "6997604P"; VariantName = "[No Variations]"
Add component (AddParameter): Name = "RS Price/Stock"; Value = "http://uk.rs-online.com/web/p/products/6997604P"; VariantName = "[No Variations]"
Added Component: Designator=DS1(LTST-C190KFKT_V)
Add component. Clean all parameters for all variants
Add component (AddParameter): Name = "Case\Package"; Value = "0603"; VariantName = "[No Variations]"
Add component (AddParameter): Name = "Case Code (Imperial)"; Value = "0603"; VariantName = "[No Variations]"
Add component (AddParameter): Name = "Case Code (Metric)"; Value = "1608"; VariantName = "[No Variations]"
Add component (AddParameter): Name = "ComponentLink1Description"; Value = "Manufacturer URL"; VariantName = "[No Variations]"
Add component (AddParameter): Name = "ComponentLink1URL"; Value = "http://www.us.liteon.com/"; VariantName = "[No Variations]"
Add component (AddParameter): Name = "ComponentLink2Description"; Value = "Datasheet"; VariantName = "[No Variations]"
Add component (AddParameter): Name = "ComponentLink2URL"; Value = "http://optoelectronics.liteon.com/upload/download/DS-22-99-0186/S_110_LTST-C190KFKT.pdf"; VariantName = "[No Variations]"
Add component (AddParameter): Name = "DatasheetVersion"; Value = "Rev. I, 09/2011"; VariantName = "[No Variations]"
Add component (AddParameter): Name = "Height"; Value = "0.45 mm"; VariantName = "[No Variations]"
Add component (AddParameter): Name = "Length"; Value = "1.6 mm"; VariantName = "[No Variations]"
Add component (AddParameter): Name = "Max Operating Temperature"; Value = "155 degC"; VariantName = "[No Variations]"
Add component (AddParameter): Name = "Min Operating Temperature"; Value = "-55 degC"; VariantName = "[No Variations]"
Add component (AddParameter): Name = "Mount"; Value = "Surface Mount"; VariantName = "[No Variations]"
Add component (AddParameter): Name = "PackageDescription"; Value = "2-Pin Surface Mount Device, Body 1.6 x 0.8 mm"; VariantName = "[No Variations]"
Add component (AddParameter): Name = "Package Quantity"; Value = "5000"; VariantName = "[No Variations]"
Add component (AddParameter): Name = "PackageReference"; Value = "C190KFKT"; VariantName = "[No Variations]"
Add component (AddParameter): Name = "Packaging"; Value = "Tape and Reel"; VariantName = "[No Variations]"
Add component (AddParameter): Name = "Pins"; Value = "2"; VariantName = "[No Variations]"
Add component (AddParameter): Name = "Power Rating"; Value = "100 mW"; VariantName = "[No Variations]"
Add component (AddParameter): Name = "REACH SVHC"; Value = "No SVHC"; VariantName = "[No Variations]"
Add component (AddParameter): Name = "Resistance"; Value = "47 kohm"; VariantName = "[No Variations]"
Add component (AddParameter): Name = "RoHSCompliant"; Value = "true"; VariantName = "[No Variations]"
Add component (AddParameter): Name = "Tolerance"; Value = "1%"; VariantName = "[No Variations]"
Add component (AddParameter): Name = "Voltage Rating"; Value = "50 V"; VariantName = "[No Variations]"
Add component (AddParameter): Name = "Voltage Rating (DC)"; Value = "50 V"; VariantName = "[No Variations]"
Add component (AddParameter): Name = "Width"; Value = "0.8 mm"; VariantName = "[No Variations]"
Added Component: Designator=FPC_CONN_PWR?(5022502391)
Add component. Clean all parameters for all variants
Add component (AddParameter): Name = "Datasheet Link"; Value = "https://www.molex.com/pdm_docs/sd/5022501791_sd.pdf"; VariantName = "[No Variations]"
Add component (AddParameter): Name = "Height"; Value = "1.85mm"; VariantName = "[No Variations]"
Add component (AddParameter): Name = "Manufacturer_Name"; Value = "Molex"; VariantName = "[No Variations]"
Add component (AddParameter): Name = "Manufacturer_Part_Number"; Value = "502250-2391"; VariantName = "[No Variations]"
Add component (AddParameter): Name = "Mouser Part Number"; Value = "538-502250-2391"; VariantName = "[No Variations]"
Add component (AddParameter): Name = "Mouser Price/Stock"; Value = "https://www.mouser.com/Search/Refine.aspx?Keyword=538-502250-2391"; VariantName = "[No Variations]"
Add component (AddParameter): Name = "RS Part Number"; Value = ""; VariantName = "[No Variations]"
Add component (AddParameter): Name = "RS Price/Stock"; Value = ""; VariantName = "[No Variations]"
Add component (AddParameter): Name = "System"; Value = "Connector"; VariantName = "[No Variations]"
Added Component: Designator=IC3(SOT95P270X145-5N)
Add component. Clean all parameters for all variants
Add component (AddParameter): Name = "Allied_Number"; Value = "70414854"; VariantName = "[No Variations]"
Add component (AddParameter): Name = "Allied Price/Stock"; Value = "http://www.alliedelec.com/microchip-technology-inc-mcp73831t-2dci-ot/70414854/"; VariantName = "[No Variations]"
Add component (AddParameter): Name = "Datasheet Link"; Value = "http://ww1.microchip.com/downloads/en/DeviceDoc/20001984g.pdf"; VariantName = "[No Variations]"
Add component (AddParameter): Name = "Height"; Value = "1.45mm"; VariantName = "[No Variations]"
Add component (AddParameter): Name = "Manufacturer_Name"; Value = "Microchip"; VariantName = "[No Variations]"
Add component (AddParameter): Name = "Manufacturer_Part_Number"; Value = "MCP73831T-2DCI/OT"; VariantName = "[No Variations]"
Add component (AddParameter): Name = "Mouser Part Number"; Value = "579-MCP73831T-2DCIOT"; VariantName = "[No Variations]"
Add component (AddParameter): Name = "Mouser Price/Stock"; Value = "https://www.mouser.com/Search/Refine.aspx?Keyword=579-MCP73831T-2DCIOT"; VariantName = "[No Variations]"
Add component (AddParameter): Name = "RS Part Number"; Value = "7240599P"; VariantName = "[No Variations]"
Add component (AddParameter): Name = "RS Price/Stock"; Value = "http://uk.rs-online.com/web/p/products/7240599P"; VariantName = "[No Variations]"
Added Component: Designator=P1(HDR1X2)
Add component. Clean all parameters for all variants
Add component (AddParameter): Name = "LatestRevisionDate"; Value = "17-Jul-2002"; VariantName = "[No Variations]"
Add component (AddParameter): Name = "LatestRevisionNote"; Value = "Re-released for DXP Platform."; VariantName = "[No Variations]"
Add component (AddParameter): Name = "Publisher"; Value = "Altium Limited"; VariantName = "[No Variations]"
Added Component: Designator=Q?(ONSC-SOT-23-3-318-08_V)
Add component. Clean all parameters for all variants
Add component (AddParameter): Name = "ComponentLink1Description"; Value = "Manufacturer URL"; VariantName = "[No Variations]"
Add component (AddParameter): Name = "ComponentLink1URL"; Value = "http://www.onsemi.com/"; VariantName = "[No Variations]"
Add component (AddParameter): Name = "ComponentLink2Description"; Value = "Datasheet"; VariantName = "[No Variations]"
Add component (AddParameter): Name = "ComponentLink2URL"; Value = "http://www.onsemi.cn/pub_link/Collateral/MMBT3904LT1-D.PDF"; VariantName = "[No Variations]"
Add component (AddParameter): Name = "ComponentLink3Description"; Value = "Package Specification"; VariantName = "[No Variations]"
Add component (AddParameter): Name = "ComponentLink3URL"; Value = "http://www.onsemi.cn/pub_link/Collateral/318-08.PDF"; VariantName = "[No Variations]"
Add component (AddParameter): Name = "DatasheetVersion"; Value = "Rev. 12"; VariantName = "[No Variations]"
Add component (AddParameter): Name = "fT Min (MHz)"; Value = "300"; VariantName = "[No Variations]"
Add component (AddParameter): Name = "IC Continuous (A)"; Value = "0.2"; VariantName = "[No Variations]"
Add component (AddParameter): Name = "Manufacturer"; Value = "On Semiconductor"; VariantName = "[No Variations]"
Add component (AddParameter): Name = "Mounting Technology"; Value = "Surface Mount"; VariantName = "[No Variations]"
Add component (AddParameter): Name = "PackageDescription"; Value = "3-Pin Small Outline Transistor, Body 2.92 x 1.3 mm, Pitch 0.95 mm"; VariantName = "[No Variations]"
Add component (AddParameter): Name = "PackageReference"; Value = "SOT-23-3-318-08"; VariantName = "[No Variations]"
Add component (AddParameter): Name = "PackageVersion"; Value = "Rev. AP, 11/2009"; VariantName = "[No Variations]"
Add component (AddParameter): Name = "Packing"; Value = "Tape and Reel"; VariantName = "[No Variations]"
Add component (AddParameter): Name = "PartNumber"; Value = "MMBT3904LT1G"; VariantName = "[No Variations]"
Add component (AddParameter): Name = "Polarity"; Value = "NPN"; VariantName = "[No Variations]"
Add component (AddParameter): Name = "RoHS"; Value = "TRUE"; VariantName = "[No Variations]"
Added Component: Designator=R18(SMD-0402-RES)
Add component. Clean all parameters for all variants
Add component (AddParameter): Name = "@ qty"; Value = "1500"; VariantName = "[No Variations]"
Add component (AddParameter): Name = "Composition"; Value = "Thick Film"; VariantName = "[No Variations]"
Add component (AddParameter): Name = "Datasheets"; Value = "http://industrial.panasonic.com/www-cgi/jvcr13pz.cgi?E+PZ+3+AOA0002+ERJ2RKF8062X+7+WW"; VariantName = "[No Variations]"
Add component (AddParameter): Name = "Digi-Key Part Number"; Value = "P80.6KLCT-ND"; VariantName = "[No Variations]"
Add component (AddParameter): Name = "Factory Stock"; Value = "0"; VariantName = "[No Variations]"
Add component (AddParameter): Name = "Failure Rate"; Value = "-"; VariantName = "[No Variations]"
Add component (AddParameter): Name = "Features"; Value = "Automotive AEC-Q200"; VariantName = "[No Variations]"
Add component (AddParameter): Name = "Height - Seated (Max)"; Value = "0.016" (0.40mm)"; VariantName = "[No Variations]"
Add component (AddParameter): Name = "Image"; Value = "//media.digikey.com/Photos/Panasonic%20Photos/ERJ-PA2-Series.jpg"; VariantName = "[No Variations]"
Add component (AddParameter): Name = "Manufacturer"; Value = "Panasonic Electronic Components"; VariantName = "[No Variations]"
Add component (AddParameter): Name = "Minimum Quantity"; Value = "1"; VariantName = "[No Variations]"
Add component (AddParameter): Name = "Number of Terminations"; Value = "2"; VariantName = "[No Variations]"
Add component (AddParameter): Name = "Operating Temperature"; Value = "-55°C ~ 155°C"; VariantName = "[No Variations]"
Add component (AddParameter): Name = "Package / Case"; Value = "0402 (1005 Metric)"; VariantName = "[No Variations]"
Add component (AddParameter): Name = "Packaging"; Value = "Cut Tape (CT)"; VariantName = "[No Variations]"
Add component (AddParameter): Name = "Part Number"; Value = "ERJ-2RKF8062X"; VariantName = "[No Variations]"
Add component (AddParameter): Name = "Part Status"; Value = "Active"; VariantName = "[No Variations]"
Add component (AddParameter): Name = "Power (Watts)"; Value = "0.1W, 1/10W"; VariantName = "[No Variations]"
Add component (AddParameter): Name = "Quantity Available"; Value = "91747"; VariantName = "[No Variations]"
Add component (AddParameter): Name = "Series"; Value = "ERJ"; VariantName = "[No Variations]"
Add component (AddParameter): Name = "Size / Dimension"; Value = "0.039" L x 0.020" W (1.00mm x 0.50mm)"; VariantName = "[No Variations]"
Add component (AddParameter): Name = "Supplier Device Package"; Value = "0402"; VariantName = "[No Variations]"
Add component (AddParameter): Name = "Temperature Coefficient"; Value = "±100ppm/°C"; VariantName = "[No Variations]"
Add component (AddParameter): Name = "Tolerance"; Value = "±1%"; VariantName = "[No Variations]"
Add component (AddParameter): Name = "Unit Price (USD)"; Value = "0.00496"; VariantName = "[No Variations]"
Add component (AddParameter): Name = "Value"; Value = "80.6k"; VariantName = "[No Variations]"
Added Component: Designator=R19(SMD-0402-RES)
Add component. Clean all parameters for all variants
Add component (AddParameter): Name = "@ qty"; Value = "1500"; VariantName = "[No Variations]"
Add component (AddParameter): Name = "Composition"; Value = "Thick Film"; VariantName = "[No Variations]"
Add component (AddParameter): Name = "Datasheets"; Value = "http://industrial.panasonic.com/www-cgi/jvcr13pz.cgi?E+PZ+3+AOA0001+ERJ2GEJ203X+7+WW"; VariantName = "[No Variations]"
Add component (AddParameter): Name = "Digi-Key Part Number"; Value = "P20KJCT-ND"; VariantName = "[No Variations]"
Add component (AddParameter): Name = "Factory Stock"; Value = "0"; VariantName = "[No Variations]"
Add component (AddParameter): Name = "Failure Rate"; Value = "-"; VariantName = "[No Variations]"
Add component (AddParameter): Name = "Features"; Value = "Automotive AEC-Q200"; VariantName = "[No Variations]"
Add component (AddParameter): Name = "Height - Seated (Max)"; Value = "0.016" (0.40mm)"; VariantName = "[No Variations]"
Add component (AddParameter): Name = "Image"; Value = "//media.digikey.com/Photos/Panasonic%20Photos/ERJ-PA2-Series.jpg"; VariantName = "[No Variations]"
Add component (AddParameter): Name = "Manufacturer"; Value = "Panasonic Electronic Components"; VariantName = "[No Variations]"
Add component (AddParameter): Name = "Minimum Quantity"; Value = "1"; VariantName = "[No Variations]"
Add component (AddParameter): Name = "Number of Terminations"; Value = "2"; VariantName = "[No Variations]"
Add component (AddParameter): Name = "Operating Temperature"; Value = "-55°C ~ 155°C"; VariantName = "[No Variations]"
Add component (AddParameter): Name = "Package / Case"; Value = "0402 (1005 Metric)"; VariantName = "[No Variations]"
Add component (AddParameter): Name = "Packaging"; Value = "Cut Tape (CT)"; VariantName = "[No Variations]"
Add component (AddParameter): Name = "Part Number"; Value = "ERJ-2GEJ203X"; VariantName = "[No Variations]"
Add component (AddParameter): Name = "Part Status"; Value = "Active"; VariantName = "[No Variations]"
Add component (AddParameter): Name = "Power (Watts)"; Value = "0.1W, 1/10W"; VariantName = "[No Variations]"
Add component (AddParameter): Name = "Quantity Available"; Value = "191642"; VariantName = "[No Variations]"
Add component (AddParameter): Name = "Series"; Value = "ERJ"; VariantName = "[No Variations]"
Add component (AddParameter): Name = "Size / Dimension"; Value = "0.039" L x 0.020" W (1.00mm x 0.50mm)"; VariantName = "[No Variations]"
Add component (AddParameter): Name = "Supplier Device Package"; Value = "0402"; VariantName = "[No Variations]"
Add component (AddParameter): Name = "Temperature Coefficient"; Value = "±200ppm/°C"; VariantName = "[No Variations]"
Add component (AddParameter): Name = "Tolerance"; Value = "±5%"; VariantName = "[No Variations]"
Add component (AddParameter): Name = "Unit Price (USD)"; Value = "0.00350"; VariantName = "[No Variations]"
Add component (AddParameter): Name = "Value"; Value = "20k"; VariantName = "[No Variations]"
Added Component: Designator=R?(SMD-0402-RES)
Add component. Clean all parameters for all variants
Add component (AddParameter): Name = "@ qty"; Value = "1500"; VariantName = "[No Variations]"
Add component (AddParameter): Name = "Composition"; Value = "Thick Film"; VariantName = "[No Variations]"
Add component (AddParameter): Name = "Datasheets"; Value = "http://industrial.panasonic.com/www-cgi/jvcr13pz.cgi?E+PZ+3+AOA0001+ERJ2GEJ102X+7+WW"; VariantName = "[No Variations]"
Add component (AddParameter): Name = "Digi-Key Part Number"; Value = "P1.0KJCT-ND"; VariantName = "[No Variations]"
Add component (AddParameter): Name = "Factory Stock"; Value = "0"; VariantName = "[No Variations]"
Add component (AddParameter): Name = "Failure Rate"; Value = "-"; VariantName = "[No Variations]"
Add component (AddParameter): Name = "Features"; Value = "Automotive AEC-Q200"; VariantName = "[No Variations]"
Add component (AddParameter): Name = "Height - Seated (Max)"; Value = "0.016" (0.40mm)"; VariantName = "[No Variations]"
Add component (AddParameter): Name = "Image"; Value = "//media.digikey.com/Photos/Panasonic%20Photos/ERJ-PA2-Series.jpg"; VariantName = "[No Variations]"
Add component (AddParameter): Name = "Manufacturer"; Value = "Panasonic Electronic Components"; VariantName = "[No Variations]"
Add component (AddParameter): Name = "Minimum Quantity"; Value = "1"; VariantName = "[No Variations]"
Add component (AddParameter): Name = "Number of Terminations"; Value = "2"; VariantName = "[No Variations]"
Add component (AddParameter): Name = "Operating Temperature"; Value = "-55°C ~ 155°C"; VariantName = "[No Variations]"
Add component (AddParameter): Name = "Package / Case"; Value = "0402 (1005 Metric)"; VariantName = "[No Variations]"
Add component (AddParameter): Name = "Packaging"; Value = "Cut Tape (CT)"; VariantName = "[No Variations]"
Add component (AddParameter): Name = "Part Number"; Value = "ERJ-2GEJ102X"; VariantName = "[No Variations]"
Add component (AddParameter): Name = "Part Status"; Value = "Active"; VariantName = "[No Variations]"
Add component (AddParameter): Name = "Power (Watts)"; Value = "0.1W, 1/10W"; VariantName = "[No Variations]"
Add component (AddParameter): Name = "Quantity Available"; Value = "1939857"; VariantName = "[No Variations]"
Add component (AddParameter): Name = "Series"; Value = "ERJ"; VariantName = "[No Variations]"
Add component (AddParameter): Name = "Size / Dimension"; Value = "0.039" L x 0.020" W (1.00mm x 0.50mm)"; VariantName = "[No Variations]"
Add component (AddParameter): Name = "Supplier Device Package"; Value = "0402"; VariantName = "[No Variations]"
Add component (AddParameter): Name = "Temperature Coefficient"; Value = "±200ppm/°C"; VariantName = "[No Variations]"
Add component (AddParameter): Name = "Tolerance"; Value = "±5%"; VariantName = "[No Variations]"
Add component (AddParameter): Name = "Unit Price (USD)"; Value = "0.00350"; VariantName = "[No Variations]"
Add component (AddParameter): Name = "Value"; Value = "1k"; VariantName = "[No Variations]"
Added Component: Designator=S?(PCM12SMTR_1)
Add component. Clean all parameters for all variants
Add component (AddParameter): Name = "Allied_Number"; Value = "70417448"; VariantName = "[No Variations]"
Add component (AddParameter): Name = "Allied Price/Stock"; Value = "https://www.alliedelec.com/c-k-pcm12smtr/70417448/"; VariantName = "[No Variations]"
Add component (AddParameter): Name = "Datasheet Link"; Value = "http://www.farnell.com/datasheets/1789487.pdf"; VariantName = "[No Variations]"
Add component (AddParameter): Name = "Manufacturer_Name"; Value = "C & K COMPONENTS"; VariantName = "[No Variations]"
Add component (AddParameter): Name = "Manufacturer_Part_Number"; Value = "PCM12SMTR"; VariantName = "[No Variations]"
Add component (AddParameter): Name = "Mouser Part Number"; Value = "611-PCM12SMTR"; VariantName = "[No Variations]"
Add component (AddParameter): Name = "Mouser Price/Stock"; Value = "https://www.mouser.com/Search/Refine.aspx?Keyword=611-PCM12SMTR"; VariantName = "[No Variations]"
Add component (AddParameter): Name = "RS Part Number"; Value = "7931721P"; VariantName = "[No Variations]"
Add component (AddParameter): Name = "RS Price/Stock"; Value = "http://uk.rs-online.com/web/p/products/7931721P"; VariantName = "[No Variations]"
Added Component: Designator=TP?(Edge Connector (2-mini))
Add component. Clean all parameters for all variants
Added Pin To Net: NetName=3.3V Pin=FPC_CONN_PWR?-20
Added Pin To Net: NetName=3.3V Pin=FPC_CONN_PWR?-22
Added Net: Name=3.3V
Added Pin To Net: NetName=5V Pin=C17-1
Added Pin To Net: NetName=5V Pin=FPC_CONN_PWR?-16
Added Pin To Net: NetName=5V Pin=FPC_CONN_PWR?-18
Added Pin To Net: NetName=5V Pin=IC3-4
Added Pin To Net: NetName=5V Pin=R18-2
Added Net: Name=5V
Added Pin To Net: NetName=ANALOG_EXP_CONN Pin=FPC_CONN_PWR?-14
Added Net: Name=ANALOG_EXP_CONN
Added Pin To Net: NetName=BLINK_PWM Pin=FPC_CONN_PWR?-15
Added Net: Name=BLINK_PWM
Added Pin To Net: NetName=BLINK_SIG Pin=FPC_CONN_PWR?-10
Added Net: Name=BLINK_SIG
Added Pin To Net: NetName=GND Pin=C17-2
Added Pin To Net: NetName=GND Pin=C18-2
Added Pin To Net: NetName=GND Pin=D?-1
Added Pin To Net: NetName=GND Pin=FPC_CONN_PWR?-17
Added Pin To Net: NetName=GND Pin=FPC_CONN_PWR?-19
Added Pin To Net: NetName=GND Pin=FPC_CONN_PWR?-21
Added Pin To Net: NetName=GND Pin=FPC_CONN_PWR?-23
Added Pin To Net: NetName=GND Pin=IC3-2
Added Pin To Net: NetName=GND Pin=P1-1
Added Pin To Net: NetName=GND Pin=R19-1
Added Pin To Net: NetName=GND Pin=TP?-1
Added Net: Name=GND
Added Pin To Net: NetName=I2C1_SCL Pin=FPC_CONN_PWR?-6
Added Net: Name=I2C1_SCL
Added Pin To Net: NetName=I2C1_SDA Pin=FPC_CONN_PWR?-8
Added Net: Name=I2C1_SDA
Added Pin To Net: NetName=LED_PWM Pin=FPC_CONN_PWR?-13
Added Net: Name=LED_PWM
Added Pin To Net: NetName=LED_SS Pin=FPC_CONN_PWR?-7
Added Net: Name=LED_SS
Added Pin To Net: NetName=LH_DIODE_ARRAY Pin=D?-2
Added Pin To Net: NetName=LH_DIODE_ARRAY Pin=FPC_CONN_PWR?-5
Added Net: Name=LH_DIODE_ARRAY
Added Pin To Net: NetName=NetDS1_1 Pin=DS1-1
Added Pin To Net: NetName=NetDS1_1 Pin=R18-1
Added Net: Name=NetDS1_1
Added Pin To Net: NetName=NetDS1_2 Pin=DS1-2
Added Pin To Net: NetName=NetDS1_2 Pin=IC3-1
Added Net: Name=NetDS1_2
Added Pin To Net: NetName=NetIC3_5 Pin=IC3-5
Added Pin To Net: NetName=NetIC3_5 Pin=R19-2
Added Net: Name=NetIC3_5
Added Pin To Net: NetName=NetQ?_1 Pin=Q?-1
Added Pin To Net: NetName=NetQ?_1 Pin=R?-2
Added Net: Name=NetQ?_1
Added Pin To Net: NetName=NetQ?_2 Pin=Q?-2
Added Pin To Net: NetName=NetQ?_2 Pin=TP?-2
Added Net: Name=NetQ?_2
Added Pin To Net: NetName=PA0 Pin=FPC_CONN_PWR?-12
Added Pin To Net: NetName=PA0 Pin=R?-1
Added Net: Name=PA0
Added Pin To Net: NetName=SPI_SCK Pin=FPC_CONN_PWR?-9
Added Net: Name=SPI_SCK
Added Pin To Net: NetName=SPI_SDIO Pin=FPC_CONN_PWR?-11
Added Net: Name=SPI_SDIO
Added Pin To Net: NetName=TP_NOSE_GND Pin=FPC_CONN_PWR?-2
Added Net: Name=TP_NOSE_GND
Added Pin To Net: NetName=TP_NOSE Pin=FPC_CONN_PWR?-4
Added Net: Name=TP_NOSE
Added Pin To Net: NetName=VBAT_RAW Pin=C18-1
Added Pin To Net: NetName=VBAT_RAW Pin=IC3-3
Added Pin To Net: NetName=VBAT_RAW Pin=P1-2
Added Pin To Net: NetName=VBAT_RAW Pin=S?-2
Added Net: Name=VBAT_RAW
Added Pin To Net: NetName=VBAT Pin=FPC_CONN_PWR?-1
Added Pin To Net: NetName=VBAT Pin=FPC_CONN_PWR?-3
Added Pin To Net: NetName=VBAT Pin=Q?-3
Added Pin To Net: NetName=VBAT Pin=S?-3
Added Net: Name=VBAT
Added Class: Name=Sch_pwr
Added Room: Name=Sch_pwr
