Removed Pin From Net: NetName=GND Pin=Y1-5
Change Component Designator: OldDesignator=C7 NewDesignator=C8
Change Component Designator: OldDesignator=C8 NewDesignator=C9
Change Component Designator: OldDesignator=C9 NewDesignator=C10
Change Component Designator: OldDesignator=C10 NewDesignator=C11
Change Component Designator: OldDesignator=C11 NewDesignator=C12
Change Component Designator: OldDesignator=C12 NewDesignator=C13
Change Component Designator: OldDesignator=C13 NewDesignator=C14
Change Component Designator: OldDesignator=C14 NewDesignator=C15
Change Component Designator: OldDesignator=C15 NewDesignator=C16
Change Component Designator: OldDesignator=C16 NewDesignator=C17
Change Component Designator: OldDesignator=C17 NewDesignator=C18
Change Component Designator: OldDesignator=C18 NewDesignator=C19
Change Component Designator: OldDesignator=C19 NewDesignator=C20
Change Component Designator: OldDesignator=C20 NewDesignator=C21
Added Pin To Net: NetName=3.3V_PWR Pin=AC1-28
Added Pin To Net: NetName=NetIC3_1 Pin=J1-14
Added Pin To Net: NetName=TP_THERMISTOR Pin=Y1-5
Change Net Name : Old Net Name=NetC11_2 New Net Name=NetC12_2
Change Net Name : Old Net Name=NetC14_2 New Net Name=NetC15_2
Change Net Name : Old Net Name=NetIC3_1 New Net Name=5V
Added Member To Class: ClassName=Sch_pwr_sys Member=Component C8 4.7µF
