Removed Member From Class: ClassName=Sch_MCU Member=TP30
Removed Member From Class: ClassName=Sch_MCU Member=TP31
Change Component Designator: OldDesignator=C5 NewDesignator=C26
Change Component Designator: OldDesignator=C6 NewDesignator=C5
Change Component Designator: OldDesignator=C7 NewDesignator=C6
Change Component Designator: OldDesignator=C8 NewDesignator=C7
Change Component Designator: OldDesignator=C9 NewDesignator=C8
Change Component Designator: OldDesignator=C10 NewDesignator=C9
Change Component Designator: OldDesignator=C11 NewDesignator=C10
Change Component Designator: OldDesignator=C12 NewDesignator=C11
Change Component Designator: OldDesignator=C13 NewDesignator=C12
Change Component Designator: OldDesignator=C14 NewDesignator=C13
Change Component Designator: OldDesignator=C15 NewDesignator=C14
Change Component Designator: OldDesignator=C16 NewDesignator=C15
Change Component Designator: OldDesignator=C17 NewDesignator=C16
Change Component Designator: OldDesignator=C18 NewDesignator=C17
Change Component Designator: OldDesignator=C19 NewDesignator=C18
Change Component Designator: OldDesignator=C20 NewDesignator=C19
Change Component Designator: OldDesignator=C21 NewDesignator=C20
Change Component Designator: OldDesignator=C22 NewDesignator=C21
Change Component Designator: OldDesignator=C23 NewDesignator=C22
Change Component Designator: OldDesignator=C24 NewDesignator=C23
Change Component Designator: OldDesignator=C25 NewDesignator=C24
Change Component Designator: OldDesignator=C26 NewDesignator=C25
Change Component Designator: OldDesignator=IC3 NewDesignator=IC2
Change Component Designator: OldDesignator=IC5 NewDesignator=IC3
Change Component Designator: OldDesignator=IC6 NewDesignator=IC4
Change Component Designator: OldDesignator=R5 NewDesignator=R4
Change Component Designator: OldDesignator=R6 NewDesignator=R5
Change Component Designator: OldDesignator=R8 NewDesignator=R6
Change Component Designator: OldDesignator=R9 NewDesignator=R7
Change Component Designator: OldDesignator=R10 NewDesignator=R8
Change Component Designator: OldDesignator=R11 NewDesignator=R9
Change Component Designator: OldDesignator=R12 NewDesignator=R10
Change Component Designator: OldDesignator=R13 NewDesignator=R11
Change Component Designator: OldDesignator=R14 NewDesignator=R12
Change Component Designator: OldDesignator=R15 NewDesignator=R13
Change Component Designator: OldDesignator=TP3 NewDesignator=TP2
Change Component Designator: OldDesignator=TP4 NewDesignator=TP3
Change Component Designator: OldDesignator=TP5 NewDesignator=TP4
Change Component Designator: OldDesignator=TP6 NewDesignator=TP5
Change Component Designator: OldDesignator=TP7 NewDesignator=TP6
Change Component Designator: OldDesignator=TP8 NewDesignator=TP7
Change Component Designator: OldDesignator=TP9 NewDesignator=TP8
Change Component Designator: OldDesignator=TP10 NewDesignator=TP9
Change Component Designator: OldDesignator=TP11 NewDesignator=TP10
Change Component Designator: OldDesignator=TP12 NewDesignator=TP11
Change Component Designator: OldDesignator=TP13 NewDesignator=TP12
Change Component Designator: OldDesignator=TP14 NewDesignator=TP13
Change Component Designator: OldDesignator=TP15 NewDesignator=TP14
Change Component Designator: OldDesignator=TP16 NewDesignator=TP15
Change Component Designator: OldDesignator=TP17 NewDesignator=TP16
Change Component Designator: OldDesignator=TP18 NewDesignator=TP17
Change Component Designator: OldDesignator=TP19 NewDesignator=TP18
Change Component Designator: OldDesignator=TP20 NewDesignator=TP19
Change Component Designator: OldDesignator=TP22 NewDesignator=TP23
Change Component Designator: OldDesignator=TP23 NewDesignator=TP26
Change Component Designator: OldDesignator=TP24 NewDesignator=TP27
Change Component Designator: OldDesignator=TP25 NewDesignator=TP28
Change Component Designator: OldDesignator=TP26 NewDesignator=TP29
Change Component Designator: OldDesignator=TP27 NewDesignator=TP20
Change Component Designator: OldDesignator=TP29 NewDesignator=TP22
Change Component Designator: OldDesignator=TP30 NewDesignator=TP24
Change Component Designator: OldDesignator=TP31 NewDesignator=TP25
Added Component: Designator=Q1(ONSC-SOT-23-3-318-08_V)
Add component. Clean all parameters for all variants
Add component (AddParameter): Name = "ComponentLink1Description"; Value = "Manufacturer URL"; VariantName = "[No Variations]"
Add component (AddParameter): Name = "ComponentLink1URL"; Value = "http://www.onsemi.com/"; VariantName = "[No Variations]"
Add component (AddParameter): Name = "ComponentLink2Description"; Value = "Datasheet"; VariantName = "[No Variations]"
Add component (AddParameter): Name = "ComponentLink2URL"; Value = "http://www.onsemi.cn/pub_link/Collateral/MMBT3904LT1-D.PDF"; VariantName = "[No Variations]"
Add component (AddParameter): Name = "ComponentLink3Description"; Value = "Package Specification"; VariantName = "[No Variations]"
Add component (AddParameter): Name = "ComponentLink3URL"; Value = "http://www.onsemi.cn/pub_link/Collateral/318-08.PDF"; VariantName = "[No Variations]"
Add component (AddParameter): Name = "DatasheetVersion"; Value = "Rev. 12"; VariantName = "[No Variations]"
Add component (AddParameter): Name = "fT Min (MHz)"; Value = "300"; VariantName = "[No Variations]"
Add component (AddParameter): Name = "IC Continuous (A)"; Value = "0.2"; VariantName = "[No Variations]"
Add component (AddParameter): Name = "Manufacturer"; Value = "On Semiconductor"; VariantName = "[No Variations]"
Add component (AddParameter): Name = "Mounting Technology"; Value = "Surface Mount"; VariantName = "[No Variations]"
Add component (AddParameter): Name = "PackageDescription"; Value = "3-Pin Small Outline Transistor, Body 2.92 x 1.3 mm, Pitch 0.95 mm"; VariantName = "[No Variations]"
Add component (AddParameter): Name = "PackageReference"; Value = "SOT-23-3-318-08"; VariantName = "[No Variations]"
Add component (AddParameter): Name = "PackageVersion"; Value = "Rev. AP, 11/2009"; VariantName = "[No Variations]"
Add component (AddParameter): Name = "Packing"; Value = "Tape and Reel"; VariantName = "[No Variations]"
Add component (AddParameter): Name = "PartNumber"; Value = "MMBT3904LT1G"; VariantName = "[No Variations]"
Add component (AddParameter): Name = "Polarity"; Value = "NPN"; VariantName = "[No Variations]"
Add component (AddParameter): Name = "RoHS"; Value = "TRUE"; VariantName = "[No Variations]"
Added Component: Designator=R1(SMD-0402-RES)
Add component. Clean all parameters for all variants
Add component (AddParameter): Name = "@ qty"; Value = "1500"; VariantName = "[No Variations]"
Add component (AddParameter): Name = "Composition"; Value = "Thick Film"; VariantName = "[No Variations]"
Add component (AddParameter): Name = "Datasheets"; Value = "http://industrial.panasonic.com/www-cgi/jvcr13pz.cgi?E+PZ+3+AOA0001+ERJ2GEJ102X+7+WW"; VariantName = "[No Variations]"
Add component (AddParameter): Name = "Digi-Key Part Number"; Value = "P1.0KJCT-ND"; VariantName = "[No Variations]"
Add component (AddParameter): Name = "Factory Stock"; Value = "0"; VariantName = "[No Variations]"
Add component (AddParameter): Name = "Failure Rate"; Value = "-"; VariantName = "[No Variations]"
Add component (AddParameter): Name = "Features"; Value = "Automotive AEC-Q200"; VariantName = "[No Variations]"
Add component (AddParameter): Name = "Height - Seated (Max)"; Value = "0.016" (0.40mm)"; VariantName = "[No Variations]"
Add component (AddParameter): Name = "Image"; Value = "//media.digikey.com/Photos/Panasonic%20Photos/ERJ-PA2-Series.jpg"; VariantName = "[No Variations]"
Add component (AddParameter): Name = "Manufacturer"; Value = "Panasonic Electronic Components"; VariantName = "[No Variations]"
Add component (AddParameter): Name = "Minimum Quantity"; Value = "1"; VariantName = "[No Variations]"
Add component (AddParameter): Name = "Number of Terminations"; Value = "2"; VariantName = "[No Variations]"
Add component (AddParameter): Name = "Operating Temperature"; Value = "-55°C ~ 155°C"; VariantName = "[No Variations]"
Add component (AddParameter): Name = "Package / Case"; Value = "0402 (1005 Metric)"; VariantName = "[No Variations]"
Add component (AddParameter): Name = "Packaging"; Value = "Cut Tape (CT)"; VariantName = "[No Variations]"
Add component (AddParameter): Name = "Part Number"; Value = "ERJ-2GEJ102X"; VariantName = "[No Variations]"
Add component (AddParameter): Name = "Part Status"; Value = "Active"; VariantName = "[No Variations]"
Add component (AddParameter): Name = "Power (Watts)"; Value = "0.1W, 1/10W"; VariantName = "[No Variations]"
Add component (AddParameter): Name = "Quantity Available"; Value = "1939857"; VariantName = "[No Variations]"
Add component (AddParameter): Name = "Series"; Value = "ERJ"; VariantName = "[No Variations]"
Add component (AddParameter): Name = "Size / Dimension"; Value = "0.039" L x 0.020" W (1.00mm x 0.50mm)"; VariantName = "[No Variations]"
Add component (AddParameter): Name = "Supplier Device Package"; Value = "0402"; VariantName = "[No Variations]"
Add component (AddParameter): Name = "Temperature Coefficient"; Value = "±200ppm/°C"; VariantName = "[No Variations]"
Add component (AddParameter): Name = "Tolerance"; Value = "±5%"; VariantName = "[No Variations]"
Add component (AddParameter): Name = "Unit Price (USD)"; Value = "0.00350"; VariantName = "[No Variations]"
Add component (AddParameter): Name = "Value"; Value = "1k"; VariantName = "[No Variations]"
Added Component: Designator=TP1(Edge Connector (2-mini))
Add component. Clean all parameters for all variants
Added Pin To Net: NetName=NetQ1_1 Pin=Q1-1
Added Pin To Net: NetName=NetQ1_2 Pin=Q1-2
Added Pin To Net: NetName=VBAT Pin=Q1-3
Added Pin To Net: NetName=PA0 Pin=R1-1
Added Pin To Net: NetName=NetQ1_1 Pin=R1-2
Added Pin To Net: NetName=GND Pin=TP1-1
Added Pin To Net: NetName=NetQ1_2 Pin=TP1-2
Change Net Name : Old Net Name=NetC12_2 New Net Name=NetC11_2
Change Net Name : Old Net Name=NetC15_2 New Net Name=NetC14_2
Change Net Name : Old Net Name=NetIC3_8 New Net Name=NetIC2_8
Change Net Name : Old Net Name=NetIC5_9 New Net Name=NetIC3_9
Change Net Name : Old Net Name=NetIC6_18 New Net Name=NetIC4_18
Change Net Name : Old Net Name=NetIC6_19 New Net Name=NetIC4_19
Change Net Name : Old Net Name=NetIC6_20 New Net Name=NetIC4_20
Change Net Name : Old Net Name=NetIC6_22 New Net Name=NetIC4_22
Added Member To Class: ClassName=Sch_pwr Member=Component Q1 MMBT3904LT1G
Added Member To Class: ClassName=Sch_pwr Member=Component R1 1k
Added Member To Class: ClassName=Sch_pwr Member=Component TP1 2_pin_pad
Added Member To Class: ClassName=Sch_MCU Member=Component TP27 TestPoint
Added Member To Class: ClassName=Sch_MCU Member=Component TP28 TestPoint
