Added Component: Designator=Q1(ONSC-SOT-23-3-318-08_V)
Add component. Clean all parameters for all variants
Add component (AddParameter): Name = "ComponentLink1Description"; Value = "Manufacturer URL"; VariantName = "[No Variations]"
Add component (AddParameter): Name = "ComponentLink1URL"; Value = "http://www.onsemi.com/"; VariantName = "[No Variations]"
Add component (AddParameter): Name = "ComponentLink2Description"; Value = "Datasheet"; VariantName = "[No Variations]"
Add component (AddParameter): Name = "ComponentLink2URL"; Value = "http://www.onsemi.cn/pub_link/Collateral/MMBT3904LT1-D.PDF"; VariantName = "[No Variations]"
Add component (AddParameter): Name = "ComponentLink3Description"; Value = "Package Specification"; VariantName = "[No Variations]"
Add component (AddParameter): Name = "ComponentLink3URL"; Value = "http://www.onsemi.cn/pub_link/Collateral/318-08.PDF"; VariantName = "[No Variations]"
Add component (AddParameter): Name = "DatasheetVersion"; Value = "Rev. 12"; VariantName = "[No Variations]"
Add component (AddParameter): Name = "fT Min (MHz)"; Value = "300"; VariantName = "[No Variations]"
Add component (AddParameter): Name = "IC Continuous (A)"; Value = "0.2"; VariantName = "[No Variations]"
Add component (AddParameter): Name = "Manufacturer"; Value = "On Semiconductor"; VariantName = "[No Variations]"
Add component (AddParameter): Name = "Mounting Technology"; Value = "Surface Mount"; VariantName = "[No Variations]"
Add component (AddParameter): Name = "PackageDescription"; Value = "3-Pin Small Outline Transistor, Body 2.92 x 1.3 mm, Pitch 0.95 mm"; VariantName = "[No Variations]"
Add component (AddParameter): Name = "PackageReference"; Value = "SOT-23-3-318-08"; VariantName = "[No Variations]"
Add component (AddParameter): Name = "PackageVersion"; Value = "Rev. AP, 11/2009"; VariantName = "[No Variations]"
Add component (AddParameter): Name = "Packing"; Value = "Tape and Reel"; VariantName = "[No Variations]"
Add component (AddParameter): Name = "PartNumber"; Value = "MMBT3904LT1G"; VariantName = "[No Variations]"
Add component (AddParameter): Name = "Polarity"; Value = "NPN"; VariantName = "[No Variations]"
Add component (AddParameter): Name = "RoHS"; Value = "TRUE"; VariantName = "[No Variations]"
Added Component: Designator=R1(SMD-0402-RES)
Add component. Clean all parameters for all variants
Add component (AddParameter): Name = "@ qty"; Value = "1500"; VariantName = "[No Variations]"
Add component (AddParameter): Name = "Composition"; Value = "Thick Film"; VariantName = "[No Variations]"
Add component (AddParameter): Name = "Datasheets"; Value = "http://industrial.panasonic.com/www-cgi/jvcr13pz.cgi?E+PZ+3+AOA0001+ERJ2GEJ102X+7+WW"; VariantName = "[No Variations]"
Add component (AddParameter): Name = "Digi-Key Part Number"; Value = "P1.0KJCT-ND"; VariantName = "[No Variations]"
Add component (AddParameter): Name = "Factory Stock"; Value = "0"; VariantName = "[No Variations]"
Add component (AddParameter): Name = "Failure Rate"; Value = "-"; VariantName = "[No Variations]"
Add component (AddParameter): Name = "Features"; Value = "Automotive AEC-Q200"; VariantName = "[No Variations]"
Add component (AddParameter): Name = "Height - Seated (Max)"; Value = "0.016" (0.40mm)"; VariantName = "[No Variations]"
Add component (AddParameter): Name = "Image"; Value = "//media.digikey.com/Photos/Panasonic%20Photos/ERJ-PA2-Series.jpg"; VariantName = "[No Variations]"
Add component (AddParameter): Name = "Manufacturer"; Value = "Panasonic Electronic Components"; VariantName = "[No Variations]"
Add component (AddParameter): Name = "Minimum Quantity"; Value = "1"; VariantName = "[No Variations]"
Add component (AddParameter): Name = "Number of Terminations"; Value = "2"; VariantName = "[No Variations]"
Add component (AddParameter): Name = "Operating Temperature"; Value = "-55°C ~ 155°C"; VariantName = "[No Variations]"
Add component (AddParameter): Name = "Package / Case"; Value = "0402 (1005 Metric)"; VariantName = "[No Variations]"
Add component (AddParameter): Name = "Packaging"; Value = "Cut Tape (CT)"; VariantName = "[No Variations]"
Add component (AddParameter): Name = "Part Number"; Value = "ERJ-2GEJ102X"; VariantName = "[No Variations]"
Add component (AddParameter): Name = "Part Status"; Value = "Active"; VariantName = "[No Variations]"
Add component (AddParameter): Name = "Power (Watts)"; Value = "0.1W, 1/10W"; VariantName = "[No Variations]"
Add component (AddParameter): Name = "Quantity Available"; Value = "1939857"; VariantName = "[No Variations]"
Add component (AddParameter): Name = "Series"; Value = "ERJ"; VariantName = "[No Variations]"
Add component (AddParameter): Name = "Size / Dimension"; Value = "0.039" L x 0.020" W (1.00mm x 0.50mm)"; VariantName = "[No Variations]"
Add component (AddParameter): Name = "Supplier Device Package"; Value = "0402"; VariantName = "[No Variations]"
Add component (AddParameter): Name = "Temperature Coefficient"; Value = "±200ppm/°C"; VariantName = "[No Variations]"
Add component (AddParameter): Name = "Tolerance"; Value = "±5%"; VariantName = "[No Variations]"
Add component (AddParameter): Name = "Unit Price (USD)"; Value = "0.00350"; VariantName = "[No Variations]"
Add component (AddParameter): Name = "Value"; Value = "1k"; VariantName = "[No Variations]"
Added Component: Designator=TP1(Edge Connector (2-mini))
Add component. Clean all parameters for all variants
Added Component: Designator=TP2(TestPoint_0.4mm)
Add component. Clean all parameters for all variants
Added Component: Designator=TP27(TESTPOINT_1MM_OVAL)
Add component. Clean all parameters for all variants
Added Component: Designator=TP28(TESTPOINT_1MM_OVAL)
Add component. Clean all parameters for all variants
Added Component: Designator=TP29(TESTPOINT_1MM_OVAL)
Add component. Clean all parameters for all variants
Added Component: Designator=TP30(TESTPOINT_1MM_OVAL)
Add component. Clean all parameters for all variants
Added Component: Designator=TP31(TESTPOINT_1MM_OVAL)
Add component. Clean all parameters for all variants
Added Pin To Net: NetName=NetQ1_1 Pin=Q1-1
Added Pin To Net: NetName=NetQ1_2 Pin=Q1-2
Added Pin To Net: NetName=VBAT Pin=Q1-3
Added Pin To Net: NetName=PA0 Pin=R1-1
Added Pin To Net: NetName=NetQ1_1 Pin=R1-2
Added Pin To Net: NetName=GND Pin=TP1-1
Added Pin To Net: NetName=NetQ1_2 Pin=TP1-2
Added Pin To Net: NetName=VBAT_1 Pin=TP2-1
Added Pin To Net: NetName=NetIC6_18 Pin=IC6-18
Added Pin To Net: NetName=NetIC6_18 Pin=TP31-1
Added Net: Name=NetIC6_18
Added Pin To Net: NetName=NetIC6_19 Pin=IC6-19
Added Pin To Net: NetName=NetIC6_19 Pin=TP30-1
Added Net: Name=NetIC6_19
Added Pin To Net: NetName=NetIC6_20 Pin=IC6-20
Added Pin To Net: NetName=NetIC6_20 Pin=TP29-1
Added Net: Name=NetIC6_20
Added Pin To Net: NetName=NetIC6_21 Pin=IC6-21
Added Pin To Net: NetName=NetIC6_21 Pin=TP28-1
Added Net: Name=NetIC6_21
Added Pin To Net: NetName=NetIC6_22 Pin=IC6-22
Added Pin To Net: NetName=NetIC6_22 Pin=TP27-1
Added Net: Name=NetIC6_22
Added Member To Class: ClassName=Sch_pwr Member=Component Q1 MMBT3904LT1G
Added Member To Class: ClassName=Sch_pwr Member=Component R1 1k
Added Member To Class: ClassName=Sch_pwr Member=Component TP1 2_pin_pad
Added Member To Class: ClassName=Sch_pwr_sys Member=Component TP2 TestPoint
Added Member To Class: ClassName=Sch_MCU Member=Component TP27 TestPoint
Added Member To Class: ClassName=Sch_MCU Member=Component TP28 TestPoint
Added Member To Class: ClassName=Sch_MCU Member=Component TP29 TestPoint
Added Member To Class: ClassName=Sch_MCU Member=Component TP30 TestPoint
Added Member To Class: ClassName=Sch_MCU Member=Component TP31 TestPoint
