Removed Pin From Net: NetName=3.3V_PWR Pin=C5-1
Removed Pin From Net: NetName=GND Pin=C5-2
Removed Pin From Net: NetName=EXPANSION_INT Pin=IC2-1
Removed Pin From Net: NetName=3.3V_PWR Pin=IC2-2
Removed Pin From Net: NetName=ANALOG_EXP_CONN Pin=IC2-6
Removed Pin From Net: NetName=IMU_INT Pin=IC2-7
Removed Pin From Net: NetName=MUX_SWITCH Pin=IC2-8
Removed Pin From Net: NetName=GND Pin=IC2-9
Removed Pin From Net: NetName=MUX_CTRL Pin=IC2-11
Removed Pin From Net: NetName=ADC_ALERT Pin=IC2-12
Removed Pin From Net: NetName=I2C1_SCL Pin=IC2-13
Removed Pin From Net: NetName=I2C1_SDA Pin=IC2-14
Removed Pin From Net: NetName=3.3V_PWR Pin=IC2-15
Removed Pin From Net: NetName=GND Pin=IC2-16
Removed Pin From Net: NetName=I2C1_SCL Pin=IC4-3
Removed Pin From Net: NetName=I2C1_SDA Pin=IC4-4
Removed Pin From Net: NetName=GND Pin=IC4-6
Removed Pin From Net: NetName=GND Pin=IC4-11
Removed Pin From Net: NetName=3.3V_PWR Pin=R4-2
Removed Pin From Net: NetName=VBAT_MUX Pin=R7-2
Removed Member From Class: ClassName=Sch_pwr_sys Member=C5
Removed Member From Class: ClassName=Sch_pwr_sys Member=IC2
Removed Member From Class: ClassName=Sch_pwr_sys Member=IC4
Removed Member From Class: ClassName=Sch_pwr_sys Member=R4
Removed Member From Class: ClassName=Sch_pwr_sys Member=R7
