Change Component Designator: OldDesignator=C5 NewDesignator=C9
Change Component Designator: OldDesignator=C6 NewDesignator=C5
Change Component Designator: OldDesignator=C7 NewDesignator=C6
Change Component Designator: OldDesignator=C8 NewDesignator=C7
Change Component Designator: OldDesignator=C9 NewDesignator=C8
Change Component Designator: OldDesignator=C15 NewDesignator=C17
Change Component Designator: OldDesignator=C22 NewDesignator=C24
Change Component Designator: OldDesignator=C23 NewDesignator=C25
Change Component Designator: OldDesignator=C24 NewDesignator=C26
Change Component Designator: OldDesignator=C25 NewDesignator=C27
Change Component Designator: OldDesignator=C26 NewDesignator=C28
Change Component Designator: OldDesignator=C27 NewDesignator=C29
Change Component Designator: OldDesignator=C28 NewDesignator=C30
Change Component Designator: OldDesignator=C29 NewDesignator=C31
Change Component Designator: OldDesignator=R2 NewDesignator=R4
Change Component Designator: OldDesignator=R7 NewDesignator=R9
Change Component Designator: OldDesignator=R9 NewDesignator=R12
Change Component Designator: OldDesignator=R10 NewDesignator=R14
Change Component Designator: OldDesignator=R11 NewDesignator=R15
Change Component Designator: OldDesignator=R25 NewDesignator=R29
Change Component Designator: OldDesignator=R26 NewDesignator=R30
Change Component Designator: OldDesignator=R27 NewDesignator=R31
Change Component Designator: OldDesignator=R28 NewDesignator=R32
Added Component: Designator=ANT1(2065130001)
Added Pin To Net: NetName=NetANT1_1 Pin=ANT1-1
Change Net Name : Old Net Name=NetC8_1 New Net Name=NetC7_1
Change Net Name : Old Net Name=NetC23_1 New Net Name=NetC25_1
Change Net Name : Old Net Name=NetC24_1 New Net Name=NetC26_1
Change Net Name : Old Net Name=NetC25_2 New Net Name=NetC27_2
Added Net: Name=NetC19_2
Added Net: Name=NetC20_1
Added Net: Name=NetC20_2
Added Member To Class: ClassName=logger_mcu Member=Component ANT1 2065130001
Added Member To Class: ClassName=logger_sensors Member=Component C17 10000pF
Added Member To Class: ClassName=logger_power Member=Component C26 1µF
Added Member To Class: ClassName=logger_power Member=Component C27 10000pF
Added Member To Class: ClassName=logger_mcu Member=Component R4 100
Added Member To Class: ClassName=logger_sensors Member=Component R12 110
Added Member To Class: ClassName=logger_sensors Member=Component R14 30
Added Member To Class: ClassName=logger_sensors Member=Component R15 24
Added Member To Class: ClassName=logger_power Member=Component R29 100k
Added Member To Class: ClassName=logger_power Member=Component R30 100k
