Removed Pin From Net: NetName=I2S_SCK Pin=IC1-17
Removed Pin From Net: NetName=I2S_FS Pin=IC1-18
Added Pin To Net: NetName=TP_INT Pin=J1-1
Added Pin To Net: NetName=GND Pin=J1-2
Added Pin To Net: NetName=3.3V Pin=J1-3
Added Pin To Net: NetName=I2C1_SDA Pin=J1-4
Added Pin To Net: NetName=I2C1_SCL Pin=J1-5
Added Pin To Net: NetName=VBAT Pin=J1-6
Added Pin To Net: NetName=MIC_EN Pin=J1-7
Added Pin To Net: NetName=MIC_ENV Pin=J1-8
Added Pin To Net: NetName=SPI1_MOSI Pin=J1-9
Added Pin To Net: NetName=LIGHT_INT Pin=J1-10
Added Pin To Net: NetName=IMU_EN Pin=J1-11
Added Pin To Net: NetName=USB_DN Pin=J1-12
Added Pin To Net: NetName=SPI1_MISO Pin=J1-13
Added Pin To Net: NetName=IMU_INT Pin=J1-14
Added Pin To Net: NetName=VBAT Pin=J1-15
Added Pin To Net: NetName=USB_DP Pin=J1-16
Added Pin To Net: NetName=SPI1_SCK Pin=J1-17
Added Pin To Net: NetName=3.3V Pin=J1-18
Added Pin To Net: NetName=GND Pin=J1-19
Added Pin To Net: NetName=TP_EN Pin=J1-20
Change Net Name : Old Net Name=VBAT_MCU New Net Name=SUPERCAP
Added Pin To Net: NetName=NetIC1_17 Pin=IC1-17
Added Net: Name=NetIC1_17
Added Pin To Net: NetName=NetIC1_18 Pin=IC1-18
Added Net: Name=NetIC1_18
