Removed Member From Class: ClassName=Sch_led Member=C?
Change Component Footprint: Designator=J1 Old Footprint=54722-0164 New Footprint=555600168
Change Component Comment : Designator=J1 Old Comment=54722-0164 New Comment=55560-0168
Change Component Designator: OldDesignator=C2 NewDesignator=C3
Change Component Designator: OldDesignator=C3 NewDesignator=C5
Change Component Designator: OldDesignator=C4 NewDesignator=C7
Change Component Designator: OldDesignator=C? NewDesignator=C2
Change Component Designator: OldDesignator=C? NewDesignator=C4
Change Component Designator: OldDesignator=C? NewDesignator=C6
Change Component Designator: OldDesignator=C? NewDesignator=C8
Change Component Designator: OldDesignator=IC? NewDesignator=IC2
Change component parameters: Designator = "J1"; Footprint = "555600168"; UniqueID = "\JEZHFVXE"
Change component parameters. Clean all parameters for all variants
Change component parameters (AddParameter): Name = "Allied_Number"; Value = "70374726"; VariantName = "[No Variations]"
Change component parameters (AddParameter): Name = "Allied Price/Stock"; Value = "https://www.alliedelec.com/molexincorporated-55560-0168/70374726/"; VariantName = "[No Variations]"
Change component parameters (AddParameter): Name = "Datasheet Link"; Value = "https://www.molex.com/pdm_docs/sd/555600168_sd.pdf"; VariantName = "[No Variations]"
Change component parameters (AddParameter): Name = "Height"; Value = "1.15mm"; VariantName = "[No Variations]"
Change component parameters (AddParameter): Name = "Manufacturer_Name"; Value = "Molex"; VariantName = "[No Variations]"
Change component parameters (AddParameter): Name = "Manufacturer_Part_Number"; Value = "55560-0168"; VariantName = "[No Variations]"
Change component parameters (AddParameter): Name = "Mouser Part Number"; Value = "538-55560-0168"; VariantName = "[No Variations]"
Change component parameters (AddParameter): Name = "Mouser Price/Stock"; Value = "https://www.mouser.com/Search/Refine.aspx?Keyword=538-55560-0168"; VariantName = "[No Variations]"
Change component parameters (AddParameter): Name = "RS Part Number"; Value = "7206558P"; VariantName = "[No Variations]"
Change component parameters (AddParameter): Name = "RS Price/Stock"; Value = "http://uk.rs-online.com/web/p/products/7206558P"; VariantName = "[No Variations]"
Added Component: Designator=FPC_MCU1(FPC_15_0.3)
Add component. Clean all parameters for all variants
Added Component: Designator=FPC_PWR1(FPC_15_0.3)
Add component. Clean all parameters for all variants
Added Pin To Net: NetName=GND Pin=FPC_MCU1-1
Added Pin To Net: NetName=GND Pin=FPC_MCU1-2
Added Pin To Net: NetName=5V Pin=FPC_MCU1-3
Added Pin To Net: NetName=I2C_SCL Pin=FPC_MCU1-4
Added Pin To Net: NetName=I2C_SDA Pin=FPC_MCU1-5
Added Pin To Net: NetName=EXPANSION_INT Pin=FPC_MCU1-6
Added Pin To Net: NetName=IMU_INT Pin=FPC_MCU1-7
Added Pin To Net: NetName=LH_DIODE_ARRAY Pin=FPC_MCU1-8
Added Pin To Net: NetName=BATTERY_1 Pin=FPC_MCU1-12
Added Pin To Net: NetName=BLINK_SIG Pin=FPC_MCU1-13
Added Pin To Net: NetName=BLINK_PWM Pin=FPC_MCU1-14
Added Pin To Net: NetName=VBAT Pin=FPC_MCU1-15
Added Pin To Net: NetName=VBAT Pin=FPC_PWR1-1
Added Pin To Net: NetName=3.3V Pin=FPC_PWR1-2
Added Pin To Net: NetName=BATTERY_1 Pin=FPC_PWR1-4
Added Pin To Net: NetName=TP_NOSE_GND Pin=FPC_PWR1-5
Added Pin To Net: NetName=TP_THERMISTOR Pin=FPC_PWR1-6
Added Pin To Net: NetName=TP_NOSE Pin=FPC_PWR1-7
Added Pin To Net: NetName=LH_DIODE_ARRAY Pin=FPC_PWR1-8
Added Pin To Net: NetName=IMU_INT Pin=FPC_PWR1-9
Added Pin To Net: NetName=EXPANSION_INT Pin=FPC_PWR1-10
Added Pin To Net: NetName=I2C_SDA Pin=FPC_PWR1-11
Added Pin To Net: NetName=I2C_SCL Pin=FPC_PWR1-12
Added Pin To Net: NetName=5V Pin=FPC_PWR1-13
Added Pin To Net: NetName=GND Pin=FPC_PWR1-14
Added Pin To Net: NetName=GND Pin=FPC_PWR1-15
Added Pin To Net: NetName=VBAT Pin=J1-1
Added Pin To Net: NetName=BLINK_PWM Pin=J1-2
Added Pin To Net: NetName=BLINK_SIG Pin=J1-3
Added Pin To Net: NetName=BATTERY_1 Pin=J1-4
Added Pin To Net: NetName=IMU_INT Pin=J1-5
Added Pin To Net: NetName=LH_DIODE_ARRAY Pin=J1-8
Added Pin To Net: NetName=EXPANSION_INT Pin=J1-10
Added Pin To Net: NetName=I2C_SDA Pin=J1-11
Added Pin To Net: NetName=I2C_SCL Pin=J1-12
Added Pin To Net: NetName=5V Pin=J1-13
Added Pin To Net: NetName=GND Pin=J1-14
Added Pin To Net: NetName=GND Pin=J1-15
Added Pin To Net: NetName=GND Pin=J1-16
Added Pin To Net: NetName=VBAT Pin=J2-1
Added Pin To Net: NetName=3.3V Pin=J2-2
Added Pin To Net: NetName=BATTERY_1 Pin=J2-4
Added Pin To Net: NetName=TP_NOSE_GND Pin=J2-5
Added Pin To Net: NetName=TP_THERMISTOR Pin=J2-6
Added Pin To Net: NetName=TP_NOSE Pin=J2-7
Added Pin To Net: NetName=LH_DIODE_ARRAY Pin=J2-8
Added Pin To Net: NetName=IMU_INT Pin=J2-9
Added Pin To Net: NetName=EXPANSION_INT Pin=J2-10
Added Pin To Net: NetName=I2C_SDA Pin=J2-11
Added Pin To Net: NetName=I2C_SCL Pin=J2-12
Added Pin To Net: NetName=5V Pin=J2-13
Added Pin To Net: NetName=GND Pin=J2-14
Added Pin To Net: NetName=GND Pin=J2-15
Added Pin To Net: NetName=GND Pin=J2-16
Change Net Name : Old Net Name=NetC3_1 New Net Name=NetC5_1
Change Net Name : Old Net Name=NetC3_2 New Net Name=NetC5_2
Change Net Name : Old Net Name=NetC4_1 New Net Name=NetC7_1
Change Net Name : Old Net Name=NetC4_2 New Net Name=NetC7_2
Change Net Name : Old Net Name=NetC?_1 New Net Name=NetC8_1
Change Net Name : Old Net Name=NetC?_2 New Net Name=NetC8_2
Added Pin To Net: NetName=NetC6_1 Pin=C6-1
Added Pin To Net: NetName=NetC6_1 Pin=IC2-A5
Added Net: Name=NetC6_1
Added Pin To Net: NetName=NetC6_2 Pin=C6-2
Added Pin To Net: NetName=NetC6_2 Pin=IC2-A4
Added Net: Name=NetC6_2
Added Member To Class: ClassName=Sch_led Member=Component C5 0.47µF
Added Member To Class: ClassName=Sch_led Member=Component C6 0.47µF
Added Member To Class: ClassName=Sch_led Member=Component C7 0.47µF
Added Member To Class: ClassName=Sch_led Member=Component C8 0.47µF
Added Member To Class: ClassName=Sch_led Member=Component FPC_MCU1 FPC_15_0.3
Added Member To Class: ClassName=Sch_led Member=Component FPC_PWR1 FPC_15_0.3
