Removed Member From Class: ClassName=Sch_led Member=LED?
Change Component Designator: OldDesignator=C? NewDesignator=C1
Change Component Designator: OldDesignator=C? NewDesignator=C2
Change Component Designator: OldDesignator=C? NewDesignator=C3
Change Component Designator: OldDesignator=C? NewDesignator=C4
Change Component Designator: OldDesignator=FPC_MCU NewDesignator=FPC_MCU1
Change Component Designator: OldDesignator=FPC_PWR NewDesignator=FPC_PWR1
Change Component Designator: OldDesignator=IC2 NewDesignator=IC1
Change Component Designator: OldDesignator=IC3 NewDesignator=IC2
Change Component Designator: OldDesignator=LED1 NewDesignator=LED2
Change Component Designator: OldDesignator=LED2 NewDesignator=LED5
Change Component Designator: OldDesignator=LED? NewDesignator=LED1
Change Component Designator: OldDesignator=LED? NewDesignator=LED3
Change Component Designator: OldDesignator=LED? NewDesignator=LED4
Change Component Designator: OldDesignator=LED? NewDesignator=LED6
Change Component Designator: OldDesignator=R5 NewDesignator=R1
Change Component Designator: OldDesignator=R10 NewDesignator=R2
Change Component Designator: OldDesignator=R? NewDesignator=R3
Change Component Designator: OldDesignator=U2 NewDesignator=U1
Change Component Designator: OldDesignator=U3 NewDesignator=U2
Change Net Name : Old Net Name=NetC?_1 New Net Name=NetC4_1
Change Net Name : Old Net Name=NetC?_2 New Net Name=NetC4_2
Change Net Name : Old Net Name=NetR10_1 New Net Name=NetR2_1
Added Pin To Net: NetName=NetC3_1 Pin=C3-1
Added Pin To Net: NetName=NetC3_1 Pin=IC1-A5
Added Net: Name=NetC3_1
Added Pin To Net: NetName=NetC3_2 Pin=C3-2
Added Pin To Net: NetName=NetC3_2 Pin=IC1-A4
Added Net: Name=NetC3_2
Added Member To Class: ClassName=Sch_led Member=Component C1 1µF
Added Member To Class: ClassName=Sch_led Member=Component C3 0.47µF
Added Member To Class: ClassName=Sch_led Member=Component C4 0.47µF
Added Member To Class: ClassName=Sch_led Member=Component LED3 APFA3010SEKJ3ZGKQBKC
Added Member To Class: ClassName=Sch_led Member=Component LED4 APFA3010SEKJ3ZGKQBKC
Added Member To Class: ClassName=Sch_led Member=Component LED5 SMLP36RGB2W3R
Added Member To Class: ClassName=Sch_led Member=Component LED6 APFA3010SEKJ3ZGKQBKC
