Removed Pin From Net: NetName=VBAT Pin=C1-1
Removed Pin From Net: NetName=GND Pin=C1-2
Removed Pin From Net: NetName=VBAT Pin=C2-1
Removed Pin From Net: NetName=GND Pin=C2-2
Removed Pin From Net: NetName=GND Pin=C3-1
Removed Pin From Net: NetName=GND Pin=IC1-25
Removed Pin From Net: NetName=GND Pin=IC1-26
Removed Pin From Net: NetName=VBAT Pin=IC1-27
Removed Pin From Net: NetName=I2C_SDA Pin=IC1-28
Removed Pin From Net: NetName=I2C_SCL Pin=IC1-29
Removed Pin From Net: NetName=VBAT Pin=IC1-30
Removed Pin From Net: NetName=GND Pin=IC1-33
Removed Pin From Net: NetName=VBAT Pin=LED3-1
Removed Pin From Net: NetName=LED_LEFT_SIDE_B Pin=LED3-2
Removed Pin From Net: NetName=LED_LEFT_SIDE_G Pin=LED3-3
Removed Pin From Net: NetName=LED_LEFT_SIDE_R Pin=LED3-4
Removed Pin From Net: NetName=VBAT Pin=LED4-1
Removed Pin From Net: NetName=LED_RIGHT_TOP_B Pin=LED4-2
Removed Pin From Net: NetName=LED_RIGHT_TOP_G Pin=LED4-3
Removed Pin From Net: NetName=LED_RIGHT_TOP_R Pin=LED4-4
Removed Pin From Net: NetName=VBAT Pin=LED5-1
Removed Pin From Net: NetName=LED_RIGHT_SIDE_B Pin=LED5-2
Removed Pin From Net: NetName=LED_RIGHT_SIDE_G Pin=LED5-3
Removed Pin From Net: NetName=LED_RIGHT_SIDE_R Pin=LED5-4
Removed Pin From Net: NetName=VBAT Pin=LED6-1
Removed Pin From Net: NetName=LED_LEFT_TOP_R Pin=LED6-2
Removed Pin From Net: NetName=LED_LEFT_TOP_G Pin=LED6-3
Removed Pin From Net: NetName=LED_LEFT_TOP_R Pin=LED6-4
Removed Pin From Net: NetName=GND Pin=R2-2
Removed Member From Class: ClassName=Sch_led Member=C1
Removed Member From Class: ClassName=Sch_led Member=C2
Removed Member From Class: ClassName=Sch_led Member=C3
Removed Member From Class: ClassName=Sch_led Member=IC1
Removed Member From Class: ClassName=Sch_led Member=LED3
Removed Member From Class: ClassName=Sch_led Member=LED4
Removed Member From Class: ClassName=Sch_led Member=LED5
Removed Member From Class: ClassName=Sch_led Member=LED6
Removed Member From Class: ClassName=Sch_led Member=R2
Added Component: Designator=LED?(KPFA-3010RGBC-11)
Add component. Clean all parameters for all variants
Add component (AddParameter): Name = "Allied_Number"; Value = "70820377"; VariantName = "[No Variations]"
Add component (AddParameter): Name = "Allied Price/Stock"; Value = "https://www.alliedelec.com/kingbright-apfa3010sekj3zgkqbkc/70820377/"; VariantName = "[No Variations]"
Add component (AddParameter): Name = "Datasheet Link"; Value = "http://www.kingbrightusa.com/images/catalog/SPEC/APFA3010SEKJ3ZGKQBKC.pdf"; VariantName = "[No Variations]"
Add component (AddParameter): Name = "Manufacturer_Name"; Value = "Kingbright"; VariantName = "[No Variations]"
Add component (AddParameter): Name = "Manufacturer_Part_Number"; Value = "APFA3010SEKJ3ZGKQBKC"; VariantName = "[No Variations]"
Add component (AddParameter): Name = "Mouser Part Number"; Value = "604-APFA3010SEKJ3ZGK"; VariantName = "[No Variations]"
Add component (AddParameter): Name = "Mouser Price/Stock"; Value = "https://www.mouser.com/Search/Refine.aspx?Keyword=604-APFA3010SEKJ3ZGK"; VariantName = "[No Variations]"
Add component (AddParameter): Name = "RS Part Number"; Value = ""; VariantName = "[No Variations]"
Add component (AddParameter): Name = "RS Price/Stock"; Value = ""; VariantName = "[No Variations]"
Added Component: Designator=LED?(KPFA-3010RGBC-11)
Add component. Clean all parameters for all variants
Add component (AddParameter): Name = "Allied_Number"; Value = "70820377"; VariantName = "[No Variations]"
Add component (AddParameter): Name = "Allied Price/Stock"; Value = "https://www.alliedelec.com/kingbright-apfa3010sekj3zgkqbkc/70820377/"; VariantName = "[No Variations]"
Add component (AddParameter): Name = "Datasheet Link"; Value = "http://www.kingbrightusa.com/images/catalog/SPEC/APFA3010SEKJ3ZGKQBKC.pdf"; VariantName = "[No Variations]"
Add component (AddParameter): Name = "Manufacturer_Name"; Value = "Kingbright"; VariantName = "[No Variations]"
Add component (AddParameter): Name = "Manufacturer_Part_Number"; Value = "APFA3010SEKJ3ZGKQBKC"; VariantName = "[No Variations]"
Add component (AddParameter): Name = "Mouser Part Number"; Value = "604-APFA3010SEKJ3ZGK"; VariantName = "[No Variations]"
Add component (AddParameter): Name = "Mouser Price/Stock"; Value = "https://www.mouser.com/Search/Refine.aspx?Keyword=604-APFA3010SEKJ3ZGK"; VariantName = "[No Variations]"
Add component (AddParameter): Name = "RS Part Number"; Value = ""; VariantName = "[No Variations]"
Add component (AddParameter): Name = "RS Price/Stock"; Value = ""; VariantName = "[No Variations]"
Added Component: Designator=LED?(KPFA-3010RGBC-11)
Add component. Clean all parameters for all variants
Add component (AddParameter): Name = "Allied_Number"; Value = "70820377"; VariantName = "[No Variations]"
Add component (AddParameter): Name = "Allied Price/Stock"; Value = "https://www.alliedelec.com/kingbright-apfa3010sekj3zgkqbkc/70820377/"; VariantName = "[No Variations]"
Add component (AddParameter): Name = "Datasheet Link"; Value = "http://www.kingbrightusa.com/images/catalog/SPEC/APFA3010SEKJ3ZGKQBKC.pdf"; VariantName = "[No Variations]"
Add component (AddParameter): Name = "Manufacturer_Name"; Value = "Kingbright"; VariantName = "[No Variations]"
Add component (AddParameter): Name = "Manufacturer_Part_Number"; Value = "APFA3010SEKJ3ZGKQBKC"; VariantName = "[No Variations]"
Add component (AddParameter): Name = "Mouser Part Number"; Value = "604-APFA3010SEKJ3ZGK"; VariantName = "[No Variations]"
Add component (AddParameter): Name = "Mouser Price/Stock"; Value = "https://www.mouser.com/Search/Refine.aspx?Keyword=604-APFA3010SEKJ3ZGK"; VariantName = "[No Variations]"
Add component (AddParameter): Name = "RS Part Number"; Value = ""; VariantName = "[No Variations]"
Add component (AddParameter): Name = "RS Price/Stock"; Value = ""; VariantName = "[No Variations]"
Added Pin To Net: NetName=LED_LEFT_SIDE_R Pin=LED?-1
Added Pin To Net: NetName=LED_LEFT_TOP_R Pin=LED?-1
Added Pin To Net: NetName=LED_RIGHT_SIDE_R Pin=LED?-1
Added Pin To Net: NetName=LED_RIGHT_TOP_R Pin=LED?-1
Added Pin To Net: NetName=GND Pin=LED?-2
Added Pin To Net: NetName=GND Pin=LED?-2
Added Pin To Net: NetName=GND Pin=LED?-2
Added Pin To Net: NetName=GND Pin=LED?-2
Added Pin To Net: NetName=LED_LEFT_SIDE_G Pin=LED?-3
Added Pin To Net: NetName=LED_LEFT_TOP_G Pin=LED?-3
Added Pin To Net: NetName=LED_RIGHT_SIDE_G Pin=LED?-3
Added Pin To Net: NetName=LED_RIGHT_TOP_G Pin=LED?-3
Added Pin To Net: NetName=LED_LEFT_SIDE_B Pin=LED?-4
Added Pin To Net: NetName=LED_RIGHT_SIDE_B Pin=LED?-4
Added Pin To Net: NetName=LED_RIGHT_TOP_B Pin=LED?-4
Added Pin To Net: NetName=LED_LEFT_FRONT_B Pin=LED2-3
Added Net: Name=LED_LEFT_FRONT_B
Added Pin To Net: NetName=LED_LEFT_FRONT_G Pin=LED2-1
Added Net: Name=LED_LEFT_FRONT_G
Added Pin To Net: NetName=LED_LEFT_FRONT_R Pin=LED2-2
Added Net: Name=LED_LEFT_FRONT_R
Added Pin To Net: NetName=LED_LEFT_TOP_B Pin=LED?-4
Added Net: Name=LED_LEFT_TOP_B
Added Pin To Net: NetName=LED_RIGHT_FRONT_B Pin=LED1-3
Added Net: Name=LED_RIGHT_FRONT_B
Added Pin To Net: NetName=LED_RIGHT_FRONT_G Pin=LED1-1
Added Net: Name=LED_RIGHT_FRONT_G
Added Pin To Net: NetName=LED_RIGHT_FRONT_R Pin=LED1-2
Added Net: Name=LED_RIGHT_FRONT_R
Added Member To Class: ClassName=Sch_led Member=Component C? 0.47µF
Added Member To Class: ClassName=Sch_led Member=Component C? 0.47µF
Added Member To Class: ClassName=Sch_led Member=Component C? 1µF
Added Member To Class: ClassName=Sch_led Member=Component LED? APFA3010SEKJ3ZGKQBKC
Added Member To Class: ClassName=Sch_led Member=Component LED? APFA3010SEKJ3ZGKQBKC
Added Member To Class: ClassName=Sch_led Member=Component LED? APFA3010SEKJ3ZGKQBKC
