Removed Pin From Net: NetName=LH_SIG Pin=IC4-8
Removed Pin From Net: NetName=LPF_OUT Pin=IC4-10
Removed Pin From Net: NetName=LH_SIG Pin=R25-2
Removed Pin From Net: NetName=GND Pin=R27-2
Added Pin To Net: NetName=LPF_OUT Pin=IC4-5
Added Pin To Net: NetName=LH_SIG Pin=IC4-7
Added Pin To Net: NetName=LH_SIG Pin=R25-1
Added Pin To Net: NetName=GND Pin=R27-1
Added Pin To Net: NetName=NetIC4_6 Pin=IC4-6
Added Pin To Net: NetName=NetIC4_6 Pin=R24-2
Added Pin To Net: NetName=NetIC4_6 Pin=R25-2
Added Pin To Net: NetName=NetIC4_6 Pin=R27-2
Added Net: Name=NetIC4_6
Added Pin To Net: NetName=OP_3IN_N Pin=IC4-9
Added Pin To Net: NetName=OP_3IN_N Pin=J4-3
Added Net: Name=OP_3IN_N
Added Pin To Net: NetName=OP_3IN_O Pin=IC4-8
Added Pin To Net: NetName=OP_3IN_O Pin=J4-4
Added Net: Name=OP_3IN_O
Added Pin To Net: NetName=OP_3IN_P Pin=IC4-10
Added Pin To Net: NetName=OP_3IN_P Pin=J4-2
Added Net: Name=OP_3IN_P
Added Member To Class: ClassName=Sheet1_sensors Member=Component C22 0.10µF
Added Member To Class: ClassName=Sheet1_sensors Member=Component IC5 ADS1015IDGST
Added Room: Name=Sheet1_headers
Added Room: Name=Sheet1_mcu
Added Room: Name=Sheet1_pwr
Added Room: Name=Sheet1_sensors
Added Room: Name=Sheet1_ui
