Removed Pin From Net: NetName=GND Pin=D3-1
Removed Pin From Net: NetName=LH_DIODE_ARRAY Pin=D3-2
Removed Pin From Net: NetName=GND Pin=D4-1
Removed Pin From Net: NetName=LH_DIODE_ARRAY Pin=D4-2
Removed Pin From Net: NetName=TRANS_IMP_OUT Pin=TP1-1
Removed Pin From Net: NetName=NetC7_2 Pin=TP2-1
Removed Pin From Net: NetName=LH_DIODE_ARRAY Pin=TP3-1
Removed Pin From Net: NetName=LH_SIG Pin=TP4-1
Removed Pin From Net: NetName=NetIC3_4 Pin=TP5-1
Removed Pin From Net: NetName=LH_INV_AMP_N Pin=TP6-1
Removed Member From Class: ClassName=koosh_sensor_top_lighthouse Member=D3
Removed Member From Class: ClassName=koosh_sensor_top_lighthouse Member=D4
Removed Member From Class: ClassName=koosh_sensor_top_lighthouse Member=TP1
Removed Member From Class: ClassName=koosh_sensor_top_lighthouse Member=TP2
Removed Member From Class: ClassName=koosh_sensor_top_lighthouse Member=TP3
Removed Member From Class: ClassName=koosh_sensor_top_lighthouse Member=TP4
Removed Member From Class: ClassName=koosh_sensor_top_lighthouse Member=TP5
Removed Member From Class: ClassName=koosh_sensor_top_lighthouse Member=TP6
Added Component: Designator=IC4(SON50P200X200X80-9N)
Add component (AddParameter): Name = "Datasheet Link"; Value = "http://www.ti.com/lit/gpn/TLV9062"; VariantName = "[No Variations]"
Add component (AddParameter): Name = "Height"; Value = "0.8mm"; VariantName = "[No Variations]"
Add component (AddParameter): Name = "Manufacturer_Name"; Value = "Texas Instruments"; VariantName = "[No Variations]"
Add component (AddParameter): Name = "Manufacturer_Part_Number"; Value = "TLV9062IDSGT"; VariantName = "[No Variations]"
Add component (AddParameter): Name = "Mouser Part Number"; Value = "595-TLV9062IDSGT"; VariantName = "[No Variations]"
Add component (AddParameter): Name = "Mouser Price/Stock"; Value = "https://www.mouser.com/Search/Refine.aspx?Keyword=595-TLV9062IDSGT"; VariantName = "[No Variations]"
Add component (AddParameter): Name = "RS Part Number"; Value = ""; VariantName = "[No Variations]"
Add component (AddParameter): Name = "RS Price/Stock"; Value = ""; VariantName = "[No Variations]"
Added Component: Designator=IC5(SON50P200X200X80-9N)
Add component (AddParameter): Name = "Datasheet Link"; Value = "http://www.ti.com/lit/gpn/TLV9062"; VariantName = "[No Variations]"
Add component (AddParameter): Name = "Height"; Value = "0.8mm"; VariantName = "[No Variations]"
Add component (AddParameter): Name = "Manufacturer_Name"; Value = "Texas Instruments"; VariantName = "[No Variations]"
Add component (AddParameter): Name = "Manufacturer_Part_Number"; Value = "TLV9062IDSGT"; VariantName = "[No Variations]"
Add component (AddParameter): Name = "Mouser Part Number"; Value = "595-TLV9062IDSGT"; VariantName = "[No Variations]"
Add component (AddParameter): Name = "Mouser Price/Stock"; Value = "https://www.mouser.com/Search/Refine.aspx?Keyword=595-TLV9062IDSGT"; VariantName = "[No Variations]"
Add component (AddParameter): Name = "RS Part Number"; Value = ""; VariantName = "[No Variations]"
Add component (AddParameter): Name = "RS Price/Stock"; Value = ""; VariantName = "[No Variations]"
Added Pin To Net: NetName=TRANS_IMP_OUT Pin=IC4-1
Added Pin To Net: NetName=LH_DIODE_ARRAY Pin=IC4-2
Added Pin To Net: NetName=GND Pin=IC4-3
Added Pin To Net: NetName=GND Pin=IC4-4
Added Pin To Net: NetName=NetC7_2 Pin=IC4-5
Added Pin To Net: NetName=LH_INV_AMP_N Pin=IC4-6
Added Pin To Net: NetName=NetIC3_4 Pin=IC4-7
Added Pin To Net: NetName=3.3V_VIVE Pin=IC4-8
Added Pin To Net: NetName=GND Pin=IC4-9
Added Pin To Net: NetName=GND Pin=IC5-4
Added Pin To Net: NetName=3.3V_VIVE Pin=IC5-8
Added Pin To Net: NetName=GND Pin=IC5-9
Added Member To Class: ClassName=koosh_sensor_top_lighthouse Member=Component IC4 TLV9062IDSGT
Added Member To Class: ClassName=koosh_sensor_top_lighthouse Member=Component IC5 TLV9062IDSGT
