Change Component Designator: OldDesignator=C? NewDesignator=C1
Change Component Designator: OldDesignator=C? NewDesignator=C2
Change Component Designator: OldDesignator=C? NewDesignator=C3
Change Component Designator: OldDesignator=C? NewDesignator=C4
Change Component Designator: OldDesignator=D? NewDesignator=D1
Change Component Designator: OldDesignator=IC? NewDesignator=IC1
Change Component Designator: OldDesignator=IC? NewDesignator=IC2
Change Component Designator: OldDesignator=MK? NewDesignator=MK1
Change Component Designator: OldDesignator=Q? NewDesignator=Q1
Change Component Designator: OldDesignator=R? NewDesignator=R1
Change Component Designator: OldDesignator=R? NewDesignator=R2
Change Component Designator: OldDesignator=R? NewDesignator=R3
Change Component Designator: OldDesignator=R? NewDesignator=R4
Change Component Designator: OldDesignator=R? NewDesignator=R5
Change Component Designator: OldDesignator=R? NewDesignator=R6
Change Component Designator: OldDesignator=R? NewDesignator=R7
Change Component Designator: OldDesignator=R? NewDesignator=R8
Change Component Designator: OldDesignator=R? NewDesignator=R9
Change Component Designator: OldDesignator=R? NewDesignator=R10
Change Component Designator: OldDesignator=R? NewDesignator=R11
Change Component Designator: OldDesignator=U? NewDesignator=U1
Change Component Designator: OldDesignator=U? NewDesignator=U2
Change Net Name : Old Net Name=NetC?_1 New Net Name=NetC3_1
Change Net Name : Old Net Name=NetC?_2 New Net Name=NetC2_2
Change Net Name : Old Net Name=NetD?_2 New Net Name=NetD1_2
Change Net Name : Old Net Name=NetIC?_2 New Net Name=NetIC2_2
Change Net Name : Old Net Name=NetIC?_3 New Net Name=NetIC2_3
Change Net Name : Old Net Name=NetIC?_6 New Net Name=NetIC2_6
Added Pin To Net: NetName=NetC3_2 Pin=C3-2
Added Pin To Net: NetName=NetC3_2 Pin=R6-2
Added Net: Name=NetC3_2
Added Member To Class: ClassName=koosh_sensor_top Member=Component C1 1µF
Added Member To Class: ClassName=koosh_sensor_top Member=Component C2 4.7µF
Added Member To Class: ClassName=koosh_sensor_top Member=Component C4 10µF
Added Member To Class: ClassName=koosh_sensor_top Member=Component IC1 TPIS_1T_1084
Added Member To Class: ClassName=koosh_sensor_top Member=Component R1 10k
Added Member To Class: ClassName=koosh_sensor_top Member=Component R2 10k
Added Member To Class: ClassName=koosh_sensor_top Member=Component R3 1M
Added Member To Class: ClassName=koosh_sensor_top Member=Component R4 4.7k
Added Member To Class: ClassName=koosh_sensor_top Member=Component R5 100k
Added Member To Class: ClassName=koosh_sensor_top Member=Component R6 4.7k
Added Member To Class: ClassName=koosh_sensor_top Member=Component R7 100k
Added Member To Class: ClassName=koosh_sensor_top Member=Component R8 100k
Added Member To Class: ClassName=koosh_sensor_top Member=Component R9 100k
Added Member To Class: ClassName=koosh_sensor_top Member=Component R11 51.1k
Added Member To Class: ClassName=koosh_sensor_top Member=Component U1 TCS34725FN
