Removed Pin From Net: NetName=GND Pin=C1-2
Removed Pin From Net: NetName=GND Pin=C2-1
Removed Pin From Net: NetName=3.3V Pin=C3-1
Removed Pin From Net: NetName=GND Pin=C3-2
Removed Pin From Net: NetName=GND Pin=C4-2
Removed Pin From Net: NetName=3.3V Pin=C5-1
Removed Pin From Net: NetName=3.3V Pin=C6-1
Removed Pin From Net: NetName=GND Pin=C6-2
Removed Pin From Net: NetName=GND Pin=C7-2
Removed Pin From Net: NetName=GND Pin=C8-2
Removed Pin From Net: NetName=3.3V Pin=C9-1
Removed Pin From Net: NetName=GND Pin=C9-2
Removed Pin From Net: NetName=GND Pin=C17-1
Removed Pin From Net: NetName=3.3V Pin=C24-1
Removed Pin From Net: NetName=GND Pin=C24-2
Removed Pin From Net: NetName=GND Pin=C25-2
Removed Pin From Net: NetName=GND Pin=C26-2
Removed Pin From Net: NetName=GND Pin=C27-1
Removed Pin From Net: NetName=GND Pin=C28-2
Removed Pin From Net: NetName=GND Pin=C29-2
Removed Pin From Net: NetName=GND Pin=C30-2
Removed Pin From Net: NetName=GND Pin=C31-2
Removed Pin From Net: NetName=3.3V Pin=D1-2
Removed Pin From Net: NetName=3.3V Pin=FB1-2
Removed Pin From Net: NetName=I2C1_SCL Pin=IC1-5
Removed Pin From Net: NetName=I2C1_SDA Pin=IC1-6
Removed Pin From Net: NetName=MIC_SIG Pin=IC1-13
Removed Pin From Net: NetName=MIC_ENV Pin=IC1-19
Removed Pin From Net: NetName=3.3V Pin=IC1-20
Removed Pin From Net: NetName=GND Pin=IC1-22
Removed Pin From Net: NetName=3.3V Pin=IC1-23
Removed Pin From Net: NetName=TP_INT Pin=IC1-29
Removed Pin From Net: NetName=LIGHT_INT Pin=IC1-30
Removed Pin From Net: NetName=GND Pin=IC1-32
Removed Pin From Net: NetName=3.3V Pin=IC1-34
Removed Pin From Net: NetName=3.3V Pin=IC1-35
Removed Pin From Net: NetName=3.3V Pin=IC1-40
Removed Pin From Net: NetName=3.3V Pin=IC1-48
Removed Pin From Net: NetName=GND Pin=IC1-49
Removed Pin From Net: NetName=3.3V Pin=IC4-1
Removed Pin From Net: NetName=GND Pin=IC4-3
Removed Pin From Net: NetName=GND Pin=IC4-7
Removed Pin From Net: NetName=GND Pin=IC5-4
Removed Pin From Net: NetName=TP_INT Pin=J1-1
Removed Pin From Net: NetName=GND Pin=J1-2
Removed Pin From Net: NetName=3.3V Pin=J1-3
Removed Pin From Net: NetName=MIC_ENV Pin=J1-5
Removed Pin From Net: NetName=LIGHT_INT Pin=J1-7
Removed Pin From Net: NetName=I2C1_SCL Pin=J1-17
Removed Pin From Net: NetName=GND Pin=J1-18
Removed Pin From Net: NetName=I2C1_SDA Pin=J1-20
Removed Pin From Net: NetName=3.3V Pin=LED1-2
Removed Pin From Net: NetName=GND Pin=LPF1-1
Removed Pin From Net: NetName=GND Pin=LPF1-3
Removed Pin From Net: NetName=GND Pin=LPF1-5
Removed Pin From Net: NetName=GND Pin=LPF1-7
Removed Pin From Net: NetName=GND Pin=R1-1
Removed Pin From Net: NetName=I2C1_SCL Pin=R31-1
Removed Pin From Net: NetName=3.3V Pin=R31-2
Removed Pin From Net: NetName=I2C1_SDA Pin=R32-1
Removed Pin From Net: NetName=3.3V Pin=R32-2
Added Component: Designator=C?(CAPC1005X55N)
Add component (AddParameter): Name = "@ qty"; Value = "0"; VariantName = "[No Variations]"
Add component (AddParameter): Name = "Applications"; Value = "Automotive"; VariantName = "[No Variations]"
Add component (AddParameter): Name = "Datasheets"; Value = "http://www.murata.com/~/media/webrenewal/support/library/catalog/products/capacitor/mlcc/c03e.ashx"; VariantName = "[No Variations]"
Add component (AddParameter): Name = "Digi-Key Part Number"; Value = "490-4759-1-ND"; VariantName = "[No Variations]"
Add component (AddParameter): Name = "Factory Stock"; Value = "0"; VariantName = "[No Variations]"
Add component (AddParameter): Name = "Features"; Value = "-"; VariantName = "[No Variations]"
Add component (AddParameter): Name = "Height - Seated (Max)"; Value = "-"; VariantName = "[No Variations]"
Add component (AddParameter): Name = "Image"; Value = "//media.digikey.com/Renders/Murata%20Renders/ZRB-SERIES-0402.jpg"; VariantName = "[No Variations]"
Add component (AddParameter): Name = "Lead Spacing"; Value = "-"; VariantName = "[No Variations]"
Add component (AddParameter): Name = "Lead Style"; Value = "-"; VariantName = "[No Variations]"
Add component (AddParameter): Name = "Manufacturer"; Value = "Murata Electronics North America"; VariantName = "[No Variations]"
Add component (AddParameter): Name = "Minimum Quantity"; Value = "1"; VariantName = "[No Variations]"
Add component (AddParameter): Name = "Mounting Type"; Value = "Surface Mount, MLCC"; VariantName = "[No Variations]"
Add component (AddParameter): Name = "Operating Temperature"; Value = "-55°C ~ 125°C"; VariantName = "[No Variations]"
Add component (AddParameter): Name = "Package / Case"; Value = "0402 (1005 Metric)"; VariantName = "[No Variations]"
Add component (AddParameter): Name = "Packaging"; Value = "Cut Tape (CT)"; VariantName = "[No Variations]"
Add component (AddParameter): Name = "Part Number"; Value = "GCM155R71C104KA55D"; VariantName = "[No Variations]"
Add component (AddParameter): Name = "Part Status"; Value = "Active"; VariantName = "[No Variations]"
Add component (AddParameter): Name = "Quantity Available"; Value = "734194"; VariantName = "[No Variations]"
Add component (AddParameter): Name = "Ratings"; Value = "AEC-Q200"; VariantName = "[No Variations]"
Add component (AddParameter): Name = "Series"; Value = "GCM"; VariantName = "[No Variations]"
Add component (AddParameter): Name = "Size / Dimension"; Value = "0.039" L x 0.020" W (1.00mm x 0.50mm)"; VariantName = "[No Variations]"
Add component (AddParameter): Name = "Temperature Coefficient"; Value = "X7R"; VariantName = "[No Variations]"
Add component (AddParameter): Name = "Thickness (Max)"; Value = "0.022" (0.55mm)"; VariantName = "[No Variations]"
Add component (AddParameter): Name = "Tolerance"; Value = "±10%"; VariantName = "[No Variations]"
Add component (AddParameter): Name = "Unit Price (USD)"; Value = "0.1"; VariantName = "[No Variations]"
Add component (AddParameter): Name = "Value"; Value = "10µF"; VariantName = "[No Variations]"
Add component (AddParameter): Name = "Voltage"; Value = "16V"; VariantName = "[No Variations]"
Added Component: Designator=D?(SODFL1608X70N)
Add component (AddParameter): Name = "Datasheet Link"; Value = "http://www.mouser.com/ds/2/258/1N4148X(SOD-523)-349105.pdf"; VariantName = "[No Variations]"
Add component (AddParameter): Name = "Height"; Value = "0.7mm"; VariantName = "[No Variations]"
Add component (AddParameter): Name = "Manufacturer_Name"; Value = "Micro Commercial Components (MCC)"; VariantName = "[No Variations]"
Add component (AddParameter): Name = "Manufacturer_Part_Number"; Value = "1N4148X-TP"; VariantName = "[No Variations]"
Add component (AddParameter): Name = "Mouser Part Number"; Value = "833-1N4148X-TP"; VariantName = "[No Variations]"
Add component (AddParameter): Name = "Mouser Price/Stock"; Value = "https://www.mouser.com/Search/Refine.aspx?Keyword=833-1N4148X-TP"; VariantName = "[No Variations]"
Add component (AddParameter): Name = "RS Part Number"; Value = ""; VariantName = "[No Variations]"
Add component (AddParameter): Name = "RS Price/Stock"; Value = ""; VariantName = "[No Variations]"
Added Component: Designator=IC?(TPIS1T1084)
Add component (AddParameter): Name = "Datasheet Link"; Value = "http://www.excelitas.com/Downloads/IR_Innovations_Brochure.pdf"; VariantName = "[No Variations]"
Add component (AddParameter): Name = "Height"; Value = "4.5mm"; VariantName = "[No Variations]"
Add component (AddParameter): Name = "Manufacturer_Name"; Value = "Excelitas Technologies"; VariantName = "[No Variations]"
Add component (AddParameter): Name = "Manufacturer_Part_Number"; Value = "TPIS 1T 1084"; VariantName = "[No Variations]"
Add component (AddParameter): Name = "Mouser Part Number"; Value = ""; VariantName = "[No Variations]"
Add component (AddParameter): Name = "Mouser Price/Stock"; Value = ""; VariantName = "[No Variations]"
Add component (AddParameter): Name = "RS Part Number"; Value = ""; VariantName = "[No Variations]"
Add component (AddParameter): Name = "RS Price/Stock"; Value = ""; VariantName = "[No Variations]"
Added Component: Designator=IC?(SON50P200X200X80-9N)
Add component (AddParameter): Name = "Datasheet Link"; Value = "http://www.ti.com/lit/gpn/TLV9062"; VariantName = "[No Variations]"
Add component (AddParameter): Name = "Height"; Value = "0.8mm"; VariantName = "[No Variations]"
Add component (AddParameter): Name = "Manufacturer_Name"; Value = "Texas Instruments"; VariantName = "[No Variations]"
Add component (AddParameter): Name = "Manufacturer_Part_Number"; Value = "TLV9062IDSGT"; VariantName = "[No Variations]"
Add component (AddParameter): Name = "Mouser Part Number"; Value = "595-TLV9062IDSGT"; VariantName = "[No Variations]"
Add component (AddParameter): Name = "Mouser Price/Stock"; Value = "https://www.mouser.com/Search/Refine.aspx?Keyword=595-TLV9062IDSGT"; VariantName = "[No Variations]"
Add component (AddParameter): Name = "RS Part Number"; Value = ""; VariantName = "[No Variations]"
Add component (AddParameter): Name = "RS Price/Stock"; Value = ""; VariantName = "[No Variations]"
Added Component: Designator=MK?(*MIC_SPV1840LR5H-B)
Add component (AddParameter): Name = "Availability"; Value = "Unavailable"; VariantName = "[No Variations]"
Add component (AddParameter): Name = "MF"; Value = "Knowles"; VariantName = "[No Variations]"
Add component (AddParameter): Name = "MP"; Value = "SPV1840LR5H-B"; VariantName = "[No Variations]"
Add component (AddParameter): Name = "Package"; Value = "0805 Knowles"; VariantName = "[No Variations]"
Add component (AddParameter): Name = "Price"; Value = "None"; VariantName = "[No Variations]"
Add component (AddParameter): Name = "SnapEDA_Link"; Value = "https://www.snapeda.com/parts/SPV1840LR5H-B/Knowles/view-part/?ref=snap"; VariantName = "[No Variations]"
Add component (AddParameter): Name = "Value"; Value = ""; VariantName = "[No Variations]"
Added Component: Designator=Q?(SOTFL50P160X85-3N)
Add component (AddParameter): Name = "Datasheet Link"; Value = "https://componentsearchengine.com/Datasheets/1/RE1C002ZPTL.pdf"; VariantName = "[No Variations]"
Add component (AddParameter): Name = "Height"; Value = "0.85mm"; VariantName = "[No Variations]"
Add component (AddParameter): Name = "Manufacturer_Name"; Value = "ROHM Semiconductor"; VariantName = "[No Variations]"
Add component (AddParameter): Name = "Manufacturer_Part_Number"; Value = "RE1C002ZPTL"; VariantName = "[No Variations]"
Add component (AddParameter): Name = "Mouser Part Number"; Value = "755-RE1C002ZPTL"; VariantName = "[No Variations]"
Add component (AddParameter): Name = "Mouser Price/Stock"; Value = "https://www.mouser.com/Search/Refine.aspx?Keyword=755-RE1C002ZPTL"; VariantName = "[No Variations]"
Add component (AddParameter): Name = "RS Part Number"; Value = "1486960P"; VariantName = "[No Variations]"
Add component (AddParameter): Name = "RS Price/Stock"; Value = "http://uk.rs-online.com/web/p/products/1486960P"; VariantName = "[No Variations]"
Added Component: Designator=U?(TPIS_1S_1385)
Add component (AddParameter): Name = "Datasheet Link"; Value = "http://media.digikey.com/pdf/Data%20Sheets/Excelitas%20PDFs/TPiS_1S_1385.pdf"; VariantName = "[No Variations]"
Add component (AddParameter): Name = "Manufacturer_Name"; Value = "Excelitas Technologies"; VariantName = "[No Variations]"
Add component (AddParameter): Name = "Manufacturer_Part_Number"; Value = "TPIS 1S 1385"; VariantName = "[No Variations]"
Add component (AddParameter): Name = "Mouser Part Number"; Value = ""; VariantName = "[No Variations]"
Add component (AddParameter): Name = "Mouser Price/Stock"; Value = ""; VariantName = "[No Variations]"
Add component (AddParameter): Name = "RS Part Number"; Value = ""; VariantName = "[No Variations]"
Add component (AddParameter): Name = "RS Price/Stock"; Value = ""; VariantName = "[No Variations]"
Added Component: Designator=U?(FN_1)
Add component (AddParameter): Name = "Datasheet Link"; Value = "https://ams.com/jpn/content/download/319364/1117183/file/TCS3472_Datasheet_EN_v2.pdf"; VariantName = "[No Variations]"
Add component (AddParameter): Name = "Manufacturer_Name"; Value = "ams"; VariantName = "[No Variations]"
Add component (AddParameter): Name = "Manufacturer_Part_Number"; Value = "TCS34725FN"; VariantName = "[No Variations]"
Add component (AddParameter): Name = "Mouser Part Number"; Value = "985-TCS34725FN"; VariantName = "[No Variations]"
Add component (AddParameter): Name = "Mouser Price/Stock"; Value = "https://www.mouser.com/Search/Refine.aspx?Keyword=985-TCS34725FN"; VariantName = "[No Variations]"
Add component (AddParameter): Name = "RS Part Number"; Value = "1024173P"; VariantName = "[No Variations]"
Add component (AddParameter): Name = "RS Price/Stock"; Value = "http://china.rs-online.com/web/p/products/1024173P"; VariantName = "[No Variations]"
Added Pin To Net: NetName=MIC_ENV Pin=C?-1
Added Pin To Net: NetName=MIC_SIG Pin=C?-1
Added Pin To Net: NetName=GND Pin=C?-2
Added Pin To Net: NetName=GND Pin=C?-2
Added Pin To Net: NetName=MIC_ENV Pin=D?-1
Added Pin To Net: NetName=I2C1_SDA Pin=IC?-1
Added Pin To Net: NetName=MIC_SIG Pin=IC?-1
Added Pin To Net: NetName=GND Pin=IC?-3
Added Pin To Net: NetName=GND Pin=IC?-4
Added Pin To Net: NetName=TP_INT Pin=IC?-4
Added Pin To Net: NetName=I2C1_SCL Pin=IC?-5
Added Pin To Net: NetName=GND Pin=IC?-6
Added Pin To Net: NetName=GND Pin=IC?-9
Added Pin To Net: NetName=GND Pin=MK?-3
Added Pin To Net: NetName=3.3V Pin=Q?-2
Added Pin To Net: NetName=3.3V Pin=U?-1
Added Pin To Net: NetName=GND Pin=U?-1
Added Pin To Net: NetName=GND Pin=U?-2
Added Pin To Net: NetName=I2C1_SCL Pin=U?-2
Added Pin To Net: NetName=GND Pin=U?-3
Added Pin To Net: NetName=GND Pin=U?-3
Added Pin To Net: NetName=GND Pin=U?-4
Added Pin To Net: NetName=LIGHT_INT Pin=U?-5
Added Pin To Net: NetName=I2C1_SDA Pin=U?-6
Added Pin To Net: NetName=I2C1_SDA Pin=U?-6
Added Pin To Net: NetName=I2C1_SCL Pin=U?-7
Added Pin To Net: NetName=TP_INT Pin=U?-8
Added Pin To Net: NetName=3.3V_MIC Pin=IC?-8
Added Pin To Net: NetName=3.3V_MIC Pin=Q?-3
Added Net: Name=3.3V_MIC
Added Pin To Net: NetName=3.3V_TP Pin=IC?-2
Added Pin To Net: NetName=3.3V_TP Pin=U?-5
Added Net: Name=3.3V_TP
Added Pin To Net: NetName=MIC_EN Pin=Q?-1
Added Net: Name=MIC_EN
Added Pin To Net: NetName=NetC?_1 Pin=C?-1
Added Pin To Net: NetName=NetC?_1 Pin=MK?-2
Added Net: Name=NetC?_1
Added Pin To Net: NetName=NetC?_2 Pin=C?-2
Added Pin To Net: NetName=NetC?_2 Pin=IC?-5
Added Net: Name=NetC?_2
Added Pin To Net: NetName=NetD?_2 Pin=D?-2
Added Pin To Net: NetName=NetD?_2 Pin=IC?-7
Added Net: Name=NetD?_2
Added Pin To Net: NetName=NetIC?_2 Pin=IC?-2
Added Net: Name=NetIC?_2
Added Pin To Net: NetName=NetIC?_3 Pin=IC?-3
Added Net: Name=NetIC?_3
Added Pin To Net: NetName=NetIC?_6 Pin=IC?-6
Added Net: Name=NetIC?_6
Added Class: Name=koosh_sensor_top
