Removed Pin From Net: NetName=GND Pin=C1-1
Removed Pin From Net: NetName=GND Pin=C2-1
Removed Pin From Net: NetName=GND Pin=C5-1
Removed Pin From Net: NetName=GND Pin=C6-1
Removed Pin From Net: NetName=GND Pin=CONN_2-1
Removed Pin From Net: NetName=GND Pin=D1-2
Removed Pin From Net: NetName=GND Pin=D2-E
Removed Pin From Net: NetName=GND Pin=IC1-C3
Removed Pin From Net: NetName=GND Pin=IC1-D4
Removed Pin From Net: NetName=GND Pin=IC1-D5
Removed Pin From Net: NetName=GND Pin=IC1-E3
Removed Pin From Net: NetName=GND Pin=IC2-D4
Removed Pin From Net: NetName=GND Pin=IC2-D5
Removed Pin From Net: NetName=GND Pin=IC2-E3
Removed Pin From Net: NetName=GND Pin=LED1-2
Removed Pin From Net: NetName=GND Pin=LED2-2
Removed Pin From Net: NetName=GND Pin=LED3-2
Removed Pin From Net: NetName=GND Pin=LED4-2
Removed Pin From Net: NetName=GND Pin=LED5-4
Removed Pin From Net: NetName=GND Pin=LED5-5
Removed Pin From Net: NetName=GND Pin=LED5-6
Removed Pin From Net: NetName=GND Pin=LED6-4
Removed Pin From Net: NetName=GND Pin=LED6-5
Removed Pin From Net: NetName=GND Pin=LED6-6
Removed Pin From Net: NetName=TP_THERMISTOR Pin=R4-1
Removed Pin From Net: NetName=GND Pin=R5-1
Added Class: Name=nose_thermo
Added Room: Name=nose_thermo
