Removed Member From Class: ClassName=Sch_sensors Member=C7
Removed Member From Class: ClassName=Sch_sensors Member=C8
Removed Member From Class: ClassName=Sch_mcu Member=C17
Removed Member From Class: ClassName=Sch_mcu Member=C18
Removed Member From Class: ClassName=Sch_external_connectors Member=IC3
Removed Member From Class: ClassName=Sch_mcu Member=IC3
Removed Member From Class: ClassName=Sch_sensors Member=R5
Removed Member From Class: ClassName=Sch_sensors Member=R6
Removed Member From Class: ClassName=Sch_sensors Member=R11
Removed Member From Class: ClassName=Sch_sensors Member=R12
Removed Member From Class: ClassName=Sch_mcu Member=SB2
Added Member To Class: ClassName=Sch_mcu Member=Component C6 GRM1555C1HR80BA01D
Added Member To Class: ClassName=Sch_mcu Member=Component C7 GRM1555C1HR30WA01D
Added Member To Class: ClassName=Sch_mcu Member=Component C9 0.10µF
Added Member To Class: ClassName=Sch_mcu Member=Component C11 0.10µF
Added Member To Class: ClassName=Sch_pwr Member=Component C16 1µF
Added Member To Class: ClassName=Sch_sensors Member=Component C27 10µF
Added Member To Class: ClassName=Sch_sensors Member=Component C28 6800pF
Added Member To Class: ClassName=Sch_external_connectors Member=Component IC1 USBLC6-2SC6
Added Member To Class: ClassName=Sch_mcu Member=Component IC2 STM32WB55CGU6
Added Member To Class: ClassName=Sch_sensors Member=Component IC5 LSM6DS3USTR
Added Member To Class: ClassName=Sch_mcu Member=Component L2 LQG15HS2N7S02D
Added Member To Class: ClassName=Sch_sensors Member=Component R14 47k
Added Member To Class: ClassName=Sch_sensors Member=Component R15 100k
Added Member To Class: ClassName=Sch_sensors Member=Component R16 47k
Added Member To Class: ClassName=Sch_sensors Member=Component R20 160k
Added Member To Class: ClassName=Sch_sensors Member=Component R21 1k
Added Member To Class: ClassName=Sch_mcu Member=Component SB8 SOLDER_JUMPER
Added Member To Class: ClassName=Sch_sensors Member=Component VR1 TC33X-2-504G
Added Room: Name=Sch_external_connectors
Added Room: Name=Sch_mcu
Added Room: Name=Sch_pwr
Added Room: Name=Sch_sensors
