Removed Pin From Net: NetName=VBAT Pin=IC3-1
Removed Pin From Net: NetName=GND Pin=IC3-2
Removed Pin From Net: NetName=3.3V Pin=IC3-4
Removed Pin From Net: NetName=VBAT Pin=IC3-5
Removed Pin From Net: NetName=GND Pin=IC6-6
Removed Pin From Net: NetName=TP_SS Pin=IC6-10
Removed Pin From Net: NetName=SPI_SCK Pin=IC6-11
Removed Pin From Net: NetName=SPI_SDIO Pin=IC6-12
Removed Pin From Net: NetName=3.3V Pin=IC6-13
Removed Pin From Net: NetName=3.3V Pin=IC6-14
Removed Pin From Net: NetName=NetIC?_1 Pin=IC?-1
Removed Pin From Net: NetName=NetIC?_1 Pin=IC?-2
Removed Pin From Net: NetName=VBAT_1 Pin=IC?-3
Removed Pin From Net: NetName=VBAT_1 Pin=IC?-4
Removed Pin From Net: NetName=NetDS?_2 Pin=IC?-5
Removed Pin From Net: NetName=GND Pin=IC?-6
Removed Pin From Net: NetName=NetIC?_8 Pin=IC?-8
Removed Pin From Net: NetName=VBAT Pin=Q1-3
Removed Pin From Net: NetName=BATT_MEAS_CTRL Pin=Q2-1
Removed Pin From Net: NetName=GND Pin=Q2-2
Removed Pin From Net: NetName=VBAT Pin=R11-2
Removed Pin From Net: NetName=BATT_MEAS Pin=R12-2
Removed Pin From Net: NetName=BATT_MEAS Pin=R13-1
Removed Pin From Net: NetName=GND Pin=R13-2
Removed Pin From Net: NetName=TP_AFE_OUT Pin=R21-2
Removed Pin From Net: NetName=GND Pin=R?-1
Removed Pin From Net: NetName=NetDS?_1 Pin=R?-1
Removed Pin From Net: NetName=NetIC?_1 Pin=R?-2
Removed Pin From Net: NetName=NetIC?_8 Pin=R?-2
Change Component Footprint: Designator=IC? Old Footprint=SON50P300X200X100-9N-D New Footprint=BGA6C40P2X3_86X116X62
Change Component Comment : Designator=R? Old Comment=5.6k New Comment=80.6k
Change Component Comment : Designator=R? Old Comment=80.6k New Comment=5.6k
Change Component Comment : Designator=IC? Old Comment=MCP73831T-2ACI_MC New Comment=FAN53600AUC33X
Change component parameters: Designator = "IC?"; Footprint = "BGA6C40P2X3_86X116X62"; UniqueID = "\VIXUIQBK"
Change component parameters. Clean all parameters for all variants
Change component parameters (AddParameter): Name = "Datasheet Link"; Value = "https://www.onsemi.com/pub/Collateral/FAN53610-D.pdf"; VariantName = "[No Variations]"
Change component parameters (AddParameter): Name = "Height"; Value = "0.625mm"; VariantName = "[No Variations]"
Change component parameters (AddParameter): Name = "Manufacturer_Name"; Value = "Fairchild Semiconductor"; VariantName = "[No Variations]"
Change component parameters (AddParameter): Name = "Manufacturer_Part_Number"; Value = "FAN53600AUC33X"; VariantName = "[No Variations]"
Change component parameters (AddParameter): Name = "Mouser Part Number"; Value = "512-FAN53600AUC33X"; VariantName = "[No Variations]"
Change component parameters (AddParameter): Name = "Mouser Price/Stock"; Value = "https://www.mouser.com/Search/Refine.aspx?Keyword=512-FAN53600AUC33X"; VariantName = "[No Variations]"
Change component parameters (AddParameter): Name = "RS Part Number"; Value = ""; VariantName = "[No Variations]"
Change component parameters (AddParameter): Name = "RS Price/Stock"; Value = ""; VariantName = "[No Variations]"
Change component parameters: Designator = "R?"; Footprint = "SMD-0402-RES"; UniqueID = "\BZJOWUNP"
Change component parameters. Clean all parameters for all variants
Change component parameters (AddParameter): Name = "@ qty"; Value = "1500"; VariantName = "[No Variations]"
Change component parameters (AddParameter): Name = "Composition"; Value = "Thick Film"; VariantName = "[No Variations]"
Change component parameters (AddParameter): Name = "Datasheets"; Value = "http://industrial.panasonic.com/www-cgi/jvcr13pz.cgi?E+PZ+3+AOA0002+ERJ2RKF8062X+7+WW"; VariantName = "[No Variations]"
Change component parameters (AddParameter): Name = "Digi-Key Part Number"; Value = "P80.6KLCT-ND"; VariantName = "[No Variations]"
Change component parameters (AddParameter): Name = "Factory Stock"; Value = "0"; VariantName = "[No Variations]"
Change component parameters (AddParameter): Name = "Failure Rate"; Value = "-"; VariantName = "[No Variations]"
Change component parameters (AddParameter): Name = "Features"; Value = "Automotive AEC-Q200"; VariantName = "[No Variations]"
Change component parameters (AddParameter): Name = "Height - Seated (Max)"; Value = "0.016" (0.40mm)"; VariantName = "[No Variations]"
Change component parameters (AddParameter): Name = "Image"; Value = "//media.digikey.com/Photos/Panasonic%20Photos/ERJ-PA2-Series.jpg"; VariantName = "[No Variations]"
Change component parameters (AddParameter): Name = "Manufacturer"; Value = "Panasonic Electronic Components"; VariantName = "[No Variations]"
Change component parameters (AddParameter): Name = "Minimum Quantity"; Value = "1"; VariantName = "[No Variations]"
Change component parameters (AddParameter): Name = "Number of Terminations"; Value = "2"; VariantName = "[No Variations]"
Change component parameters (AddParameter): Name = "Operating Temperature"; Value = "-55°C ~ 155°C"; VariantName = "[No Variations]"
Change component parameters (AddParameter): Name = "Package / Case"; Value = "0402 (1005 Metric)"; VariantName = "[No Variations]"
Change component parameters (AddParameter): Name = "Packaging"; Value = "Cut Tape (CT)"; VariantName = "[No Variations]"
Change component parameters (AddParameter): Name = "Part Number"; Value = "ERJ-2RKF8062X"; VariantName = "[No Variations]"
Change component parameters (AddParameter): Name = "Part Status"; Value = "Active"; VariantName = "[No Variations]"
Change component parameters (AddParameter): Name = "Power (Watts)"; Value = "0.1W, 1/10W"; VariantName = "[No Variations]"
Change component parameters (AddParameter): Name = "Quantity Available"; Value = "91747"; VariantName = "[No Variations]"
Change component parameters (AddParameter): Name = "Series"; Value = "ERJ"; VariantName = "[No Variations]"
Change component parameters (AddParameter): Name = "Size / Dimension"; Value = "0.039" L x 0.020" W (1.00mm x 0.50mm)"; VariantName = "[No Variations]"
Change component parameters (AddParameter): Name = "Supplier Device Package"; Value = "0402"; VariantName = "[No Variations]"
Change component parameters (AddParameter): Name = "Temperature Coefficient"; Value = "±100ppm/°C"; VariantName = "[No Variations]"
Change component parameters (AddParameter): Name = "Tolerance"; Value = "±1%"; VariantName = "[No Variations]"
Change component parameters (AddParameter): Name = "Unit Price (USD)"; Value = "0.00496"; VariantName = "[No Variations]"
Change component parameters (AddParameter): Name = "Value"; Value = "80.6k"; VariantName = "[No Variations]"
Change component parameters: Designator = "R?"; Footprint = "SMD-0402-RES"; UniqueID = "\XHUNIWBU"
Change component parameters. Clean all parameters for all variants
Change component parameters (AddParameter): Name = "@ qty"; Value = "1500"; VariantName = "[No Variations]"
Change component parameters (AddParameter): Name = "Composition"; Value = "Thick Film"; VariantName = "[No Variations]"
Change component parameters (AddParameter): Name = "Datasheets"; Value = "http://industrial.panasonic.com/www-cgi/jvcr13pz.cgi?E+PZ+3+AOA0001+ERJ2GEJ562X+7+WW"; VariantName = "[No Variations]"
Change component parameters (AddParameter): Name = "Digi-Key Part Number"; Value = "P5.6KJCT-ND"; VariantName = "[No Variations]"
Change component parameters (AddParameter): Name = "Factory Stock"; Value = "0"; VariantName = "[No Variations]"
Change component parameters (AddParameter): Name = "Failure Rate"; Value = "-"; VariantName = "[No Variations]"
Change component parameters (AddParameter): Name = "Features"; Value = "Automotive AEC-Q200"; VariantName = "[No Variations]"
Change component parameters (AddParameter): Name = "Height - Seated (Max)"; Value = "0.016" (0.40mm)"; VariantName = "[No Variations]"
Change component parameters (AddParameter): Name = "Image"; Value = "//media.digikey.com/Photos/Panasonic%20Photos/ERJ-PA2-Series.jpg"; VariantName = "[No Variations]"
Change component parameters (AddParameter): Name = "Manufacturer"; Value = "Panasonic Electronic Components"; VariantName = "[No Variations]"
Change component parameters (AddParameter): Name = "Minimum Quantity"; Value = "1"; VariantName = "[No Variations]"
Change component parameters (AddParameter): Name = "Number of Terminations"; Value = "2"; VariantName = "[No Variations]"
Change component parameters (AddParameter): Name = "Operating Temperature"; Value = "-55°C ~ 155°C"; VariantName = "[No Variations]"
Change component parameters (AddParameter): Name = "Package / Case"; Value = "0402 (1005 Metric)"; VariantName = "[No Variations]"
Change component parameters (AddParameter): Name = "Packaging"; Value = "Cut Tape (CT)"; VariantName = "[No Variations]"
Change component parameters (AddParameter): Name = "Part Number"; Value = "ERJ-2GEJ562X"; VariantName = "[No Variations]"
Change component parameters (AddParameter): Name = "Part Status"; Value = "Active"; VariantName = "[No Variations]"
Change component parameters (AddParameter): Name = "Power (Watts)"; Value = "0.1W, 1/10W"; VariantName = "[No Variations]"
Change component parameters (AddParameter): Name = "Quantity Available"; Value = "212112"; VariantName = "[No Variations]"
Change component parameters (AddParameter): Name = "Series"; Value = "ERJ"; VariantName = "[No Variations]"
Change component parameters (AddParameter): Name = "Size / Dimension"; Value = "0.039" L x 0.020" W (1.00mm x 0.50mm)"; VariantName = "[No Variations]"
Change component parameters (AddParameter): Name = "Supplier Device Package"; Value = "0402"; VariantName = "[No Variations]"
Change component parameters (AddParameter): Name = "Temperature Coefficient"; Value = "±200ppm/°C"; VariantName = "[No Variations]"
Change component parameters (AddParameter): Name = "Tolerance"; Value = "±5%"; VariantName = "[No Variations]"
Change component parameters (AddParameter): Name = "Unit Price (USD)"; Value = "0.00350"; VariantName = "[No Variations]"
Change component parameters (AddParameter): Name = "Value"; Value = "5.6k"; VariantName = "[No Variations]"
Added Component: Designator=C?(CAPC1005X55N)
Add component. Clean all parameters for all variants
Add component (AddParameter): Name = "Datasheet Link"; Value = "http://www.murata.com/~/media/webrenewal/support/library/catalog/products/capacitor/mlcc/c02e.pdf"; VariantName = "[No Variations]"
Add component (AddParameter): Name = "Height"; Value = "0.55mm"; VariantName = "[No Variations]"
Add component (AddParameter): Name = "Manufacturer_Name"; Value = "Murata Electronics"; VariantName = "[No Variations]"
Add component (AddParameter): Name = "Manufacturer_Part_Number"; Value = "GRM155R60J225ME15D"; VariantName = "[No Variations]"
Add component (AddParameter): Name = "Mouser Part Number"; Value = "81-GRM155R60J225ME5D"; VariantName = "[No Variations]"
Add component (AddParameter): Name = "Mouser Price/Stock"; Value = "https://www.mouser.com/Search/Refine.aspx?Keyword=81-GRM155R60J225ME5D"; VariantName = "[No Variations]"
Add component (AddParameter): Name = "RS Part Number"; Value = "8145227"; VariantName = "[No Variations]"
Add component (AddParameter): Name = "RS Price/Stock"; Value = "https://uk.rs-online.com/web/p/products/8145227"; VariantName = "[No Variations]"
Added Component: Designator=IC?(SON50P200X200X80-9N)
Add component. Clean all parameters for all variants
Add component (AddParameter): Name = "Datasheet Link"; Value = "http://www.ti.com/lit/gpn/TLV9062"; VariantName = "[No Variations]"
Add component (AddParameter): Name = "Height"; Value = "0.8mm"; VariantName = "[No Variations]"
Add component (AddParameter): Name = "Manufacturer_Name"; Value = "Texas Instruments"; VariantName = "[No Variations]"
Add component (AddParameter): Name = "Manufacturer_Part_Number"; Value = "TLV9062IDSGT"; VariantName = "[No Variations]"
Add component (AddParameter): Name = "Mouser Part Number"; Value = "595-TLV9062IDSGT"; VariantName = "[No Variations]"
Add component (AddParameter): Name = "Mouser Price/Stock"; Value = "https://www.mouser.com/Search/Refine.aspx?Keyword=595-TLV9062IDSGT"; VariantName = "[No Variations]"
Add component (AddParameter): Name = "RS Part Number"; Value = ""; VariantName = "[No Variations]"
Add component (AddParameter): Name = "RS Price/Stock"; Value = ""; VariantName = "[No Variations]"
Added Component: Designator=IC?(SON50P300X200X100-9N-D)
Add component. Clean all parameters for all variants
Add component (AddParameter): Name = "Allied_Number"; Value = "70452042"; VariantName = "[No Variations]"
Add component (AddParameter): Name = "Allied Price/Stock"; Value = "https://www.alliedelec.com/microchiptechnologyinc-mcp73831t-2aci-mc/70452042/"; VariantName = "[No Variations]"
Add component (AddParameter): Name = "Datasheet Link"; Value = "http://ww1.microchip.com/downloads/en/DeviceDoc/20001984g.pdf"; VariantName = "[No Variations]"
Add component (AddParameter): Name = "Height"; Value = "1mm"; VariantName = "[No Variations]"
Add component (AddParameter): Name = "Manufacturer_Name"; Value = "Microchip"; VariantName = "[No Variations]"
Add component (AddParameter): Name = "Manufacturer_Part_Number"; Value = "MCP73831T-2ACI/MC"; VariantName = "[No Variations]"
Add component (AddParameter): Name = "Mouser Part Number"; Value = "579-MCP73831T-2ACIMC"; VariantName = "[No Variations]"
Add component (AddParameter): Name = "Mouser Price/Stock"; Value = "https://www.mouser.com/Search/Refine.aspx?Keyword=579-MCP73831T-2ACIMC"; VariantName = "[No Variations]"
Add component (AddParameter): Name = "RS Part Number"; Value = ""; VariantName = "[No Variations]"
Add component (AddParameter): Name = "RS Price/Stock"; Value = ""; VariantName = "[No Variations]"
Added Component: Designator=J?(54722-0164)
Add component. Clean all parameters for all variants
Add component (AddParameter): Name = "Datasheet Link"; Value = "http://www.molex.com/webdocs/datasheets/pdf/en-us//0547220164_PCB_RECEPTACLES.pdf"; VariantName = "[No Variations]"
Add component (AddParameter): Name = "Manufacturer_Name"; Value = "Molex"; VariantName = "[No Variations]"
Add component (AddParameter): Name = "Manufacturer_Part_Number"; Value = "54722-0164"; VariantName = "[No Variations]"
Add component (AddParameter): Name = "Mouser Part Number"; Value = "538-54722-0164"; VariantName = "[No Variations]"
Add component (AddParameter): Name = "Mouser Price/Stock"; Value = "https://www.mouser.com/Search/Refine.aspx?Keyword=538-54722-0164"; VariantName = "[No Variations]"
Add component (AddParameter): Name = "RS Part Number"; Value = "7206511"; VariantName = "[No Variations]"
Add component (AddParameter): Name = "RS Price/Stock"; Value = "https://uk.rs-online.com/web/p/products/7206511"; VariantName = "[No Variations]"
Added Component: Designator=J?(*CUI_UJ2-MIBH2-4-SMT-TR_UJ2-MIBH2-4-SMT-TR(Primary))
Add component. Clean all parameters for all variants
Add component (AddParameter): Name = "Availability"; Value = "Unavailable"; VariantName = "[No Variations]"
Add component (AddParameter): Name = "CUI_purchase_URL"; Value = "https://www.cui.com/product/interconnect/connectors/usb-connectors/uj2-mibh2-4-smt?utm_source=snapeda.com&utm_medium=referral&utm_campaign=snapedaBOM"; VariantName = "[No Variations]"
Add component (AddParameter): Name = "MF"; Value = "CUI Inc."; VariantName = "[No Variations]"
Add component (AddParameter): Name = "MP"; Value = "UJ2-MIBH2-4-SMT-TR"; VariantName = "[No Variations]"
Add component (AddParameter): Name = "Package"; Value = "None"; VariantName = "[No Variations]"
Add component (AddParameter): Name = "Price"; Value = "None"; VariantName = "[No Variations]"
Add component (AddParameter): Name = "SnapEDA_Link"; Value = "https://www.snapeda.com/parts/UJ2-MIBH2-4-SMT-TR/CUI%20Inc./view-part/?ref=snap"; VariantName = "[No Variations]"
Add component (AddParameter): Name = "Value"; Value = ""; VariantName = "[No Variations]"
Added Pin To Net: NetName=GND Pin=C?-1
Added Pin To Net: NetName=GND Pin=C?-1
Added Pin To Net: NetName=VBAT_1 Pin=C?-1
Added Pin To Net: NetName=GND Pin=C?-2
Added Pin To Net: NetName=NetIC?_1 Pin=IC?-1
Added Pin To Net: NetName=NetIC?_1 Pin=IC?-2
Added Pin To Net: NetName=VBAT_1 Pin=IC?-3
Added Pin To Net: NetName=VBAT_1 Pin=IC?-4
Added Pin To Net: NetName=NetDS?_2 Pin=IC?-5
Added Pin To Net: NetName=GND Pin=IC?-6
Added Pin To Net: NetName=NetIC?_8 Pin=IC?-8
Added Pin To Net: NetName=GND Pin=IC?-A1
Added Pin To Net: NetName=GND Pin=IC?-C2
Added Pin To Net: NetName=5V Pin=J?-1
Added Pin To Net: NetName=VBAT Pin=J?-1
Added Pin To Net: NetName=BLINK_PWM Pin=J?-2
Added Pin To Net: NetName=NetIC1_6 Pin=J?-2
Added Pin To Net: NetName=NetIC1_4 Pin=J?-3
Added Pin To Net: NetName=NRST Pin=J?-4
Added Pin To Net: NetName=3.3V Pin=J?-5
Added Pin To Net: NetName=GND Pin=J?-5
Added Pin To Net: NetName=BLINK_SIG Pin=J?-7
Added Pin To Net: NetName=5V Pin=J?-13
Added Pin To Net: NetName=LH_DIODE_ARRAY Pin=J?-14
Added Pin To Net: NetName=GND Pin=J?-15
Added Pin To Net: NetName=GND Pin=J?-16
Added Pin To Net: NetName=GND Pin=J?-SH1
Added Pin To Net: NetName=GND Pin=J?-SH2
Added Pin To Net: NetName=GND Pin=J?-SH3
Added Pin To Net: NetName=GND Pin=J?-SH4
Added Pin To Net: NetName=GND Pin=J?-SH5
Added Pin To Net: NetName=GND Pin=R?-1
Added Pin To Net: NetName=NetDS?_1 Pin=R?-1
Added Pin To Net: NetName=NetIC?_1 Pin=R?-2
Added Pin To Net: NetName=NetIC?_8 Pin=R?-2
Added Pin To Net: NetName=3.3V_MCU Pin=C?-2
Added Pin To Net: NetName=3.3V_MCU Pin=IC?-C1
Added Net: Name=3.3V_MCU
Added Pin To Net: NetName=BATTERY_1 Pin=J?-4
Added Net: Name=BATTERY_1
Added Pin To Net: NetName=EXPANSION_INT Pin=J?-12
Added Net: Name=EXPANSION_INT
Added Pin To Net: NetName=I2C_SCL Pin=J?-10
Added Net: Name=I2C_SCL
Added Pin To Net: NetName=I2C_SDA Pin=J?-11
Added Net: Name=I2C_SDA
Added Pin To Net: NetName=IMU_INT Pin=J?-9
Added Net: Name=IMU_INT
Added Pin To Net: NetName=NetIC?_B1 Pin=IC?-B1
Added Net: Name=NetIC?_B1
Added Pin To Net: NetName=VBAT_MUX Pin=C?-2
Added Pin To Net: NetName=VBAT_MUX Pin=IC?-A2
Added Pin To Net: NetName=VBAT_MUX Pin=IC?-B2
Added Net: Name=VBAT_MUX
Added Member To Class: ClassName=Sch_pwr Member=Component C? GRM188R60J106ME47D
Added Member To Class: ClassName=Sch_pwr Member=Component C? 2.2uF
Added Member To Class: ClassName=Sch_pwr Member=Component C? 4.7µF
Added Member To Class: ClassName=Sch_sensors Member=Component D2 VBPW34FASR
Added Member To Class: ClassName=Sch_pwr Member=Component IC? FAN53600AUC33X
Added Member To Class: ClassName=Sch_sensors Member=Component IC? TLV9062IDSGT
Added Member To Class: ClassName=Sch_external_connectors Member=Component J? 54722-0164
Added Member To Class: ClassName=Sch_external_connectors Member=Component J? UJ2-MIBH2-4-SMT-TR
Added Member To Class: ClassName=Sch_external_connectors Member=Component POGO_PIN1 0923-0-15-20-78-14-11-0
Added Member To Class: ClassName=Sch_external_connectors Member=Component POGO_PIN2 0923-0-15-20-78-14-11-0
Added Member To Class: ClassName=Sch_external_connectors Member=Component POGO_PIN3 0923-0-15-20-78-14-11-0
Added Member To Class: ClassName=Sch_external_connectors Member=Component R1 1k
Added Member To Class: ClassName=Sch_external_connectors Member=Component R2 1k
Added Member To Class: ClassName=Sch_external_connectors Member=Component R3 1k
Added Member To Class: ClassName=Sch_mcu Member=Component R5 10k
Added Member To Class: ClassName=Sch_mcu Member=Component R6 10k
Added Member To Class: ClassName=Sch_mcu Member=Component R7 10K
Added Member To Class: ClassName=Sch_sensors Member=Component R14 47k
Added Member To Class: ClassName=Sch_sensors Member=Component R15 100k
Added Member To Class: ClassName=Sch_sensors Member=Component R16 47k
Added Member To Class: ClassName=Sch_sensors Member=Component R17 3.3k
Added Member To Class: ClassName=Sch_pwr Member=Component R? 5.6k
Added Member To Class: ClassName=Sch_mcu Member=Component Y1 NX3215SA-32.768K-STD-MUA-8
Added Member To Class: ClassName=Sch_mcu Member=Component Y2 XRCGB32M000F1H01R0
Added Room: Name=Sch_external_connectors
Added Room: Name=Sch_mcu
Added Room: Name=Sch_pwr
