Removed Pin From Net: NetName=VBAT_MUX Pin=J1-1
Removed Pin From Net: NetName=BLINK_PWM Pin=J1-2
Removed Pin From Net: NetName=VBAT_1 Pin=J1-4
Removed Pin From Net: NetName=3.3V_MCU Pin=J1-5
Removed Pin From Net: NetName=GND Pin=J1-6
Removed Pin From Net: NetName=BLINK_SIG Pin=J1-7
Removed Pin From Net: NetName=GND Pin=J1-8
Removed Pin From Net: NetName=IMU_INT Pin=J1-9
Removed Pin From Net: NetName=I2C1_SCL Pin=J1-10
Removed Pin From Net: NetName=I2C1_SDA Pin=J1-11
Removed Pin From Net: NetName=EXPANSION_INT Pin=J1-12
Removed Pin From Net: NetName=5V Pin=J1-13
Removed Pin From Net: NetName=LH_DIODE_ARRAY Pin=J1-14
Removed Pin From Net: NetName=GND Pin=J1-15
Removed Pin From Net: NetName=GND Pin=J1-16
Added Pin To Net: NetName=GND Pin=J1-1
Added Pin To Net: NetName=5V Pin=J1-3
Added Pin To Net: NetName=LH_DIODE_ARRAY Pin=J1-4
Added Pin To Net: NetName=I2C1_SDA Pin=J1-5
Added Pin To Net: NetName=EXPANSION_INT Pin=J1-6
Added Pin To Net: NetName=IMU_INT Pin=J1-7
Added Pin To Net: NetName=I2C1_SCL Pin=J1-8
Added Pin To Net: NetName=BLINK_SIG Pin=J1-9
Added Pin To Net: NetName=GND Pin=J1-10
Added Pin To Net: NetName=3.3V_MCU Pin=J1-11
Added Pin To Net: NetName=GND Pin=J1-12
Added Pin To Net: NetName=VBAT_1 Pin=J1-14
Added Pin To Net: NetName=VBAT_MUX Pin=J1-15
Added Pin To Net: NetName=BLINK_PWM Pin=J1-16
