Added Component: Designator=P?(CAPTIVATE_BREAKOUT_PADS)
Added Pin To Net: NetName=PA2 Pin=IC2-11
Added Pin To Net: NetName=PA2 Pin=P?-3
Added Net: Name=PA2
Added Pin To Net: NetName=PA3 Pin=IC2-12
Added Pin To Net: NetName=PA3 Pin=P?-1
Added Net: Name=PA3
Added Pin To Net: NetName=PA4 Pin=IC2-13
Added Pin To Net: NetName=PA4 Pin=P?-2
Added Net: Name=PA4
Added Pin To Net: NetName=PA6 Pin=IC2-15
Added Pin To Net: NetName=PA6 Pin=P?-6
Added Net: Name=PA6
Added Pin To Net: NetName=PA7 Pin=IC2-16
Added Pin To Net: NetName=PA7 Pin=P?-5
Added Net: Name=PA7
Added Pin To Net: NetName=PA8 Pin=IC2-17
Added Pin To Net: NetName=PA8 Pin=P?-4
Added Net: Name=PA8
Added Member To Class: ClassName=Sch_pwr Member=Component C? 1µF
Added Member To Class: ClassName=Sch_external_connectors Member=Component P? Captivates_Breakout
