Added Component: Designator=ANT?(2450AT43B100E)
Add component. Clean all parameters for all variants
Added Component: Designator=J?(USB307030A)
Add component. Clean all parameters for all variants
Add component (AddParameter): Name = "Datasheet Link"; Value = "https://componentsearchengine.com/Datasheets/2/USB3070-30-A.pdf"; VariantName = "[No Variations]"
Add component (AddParameter): Name = "Height"; Value = "2.8mm"; VariantName = "[No Variations]"
Add component (AddParameter): Name = "Manufacturer_Name"; Value = "GCT (GLOBAL CONNECTOR TECHNOLOGY)"; VariantName = "[No Variations]"
Add component (AddParameter): Name = "Manufacturer_Part_Number"; Value = "USB3070-30-A"; VariantName = "[No Variations]"
Add component (AddParameter): Name = "Mouser Part Number"; Value = ""; VariantName = "[No Variations]"
Add component (AddParameter): Name = "Mouser Price/Stock"; Value = ""; VariantName = "[No Variations]"
Add component (AddParameter): Name = "RS Part Number"; Value = ""; VariantName = "[No Variations]"
Add component (AddParameter): Name = "RS Price/Stock"; Value = ""; VariantName = "[No Variations]"
Added Component: Designator=SB8(JUMPER_SMD)
Add component. Clean all parameters for all variants
Added Pin To Net: NetName=3.3V Pin=SB8-1
Added Pin To Net: NetName=BOOT0 Pin=SB8-2
Added Member To Class: ClassName=Sch_mcu Member=Component ANT? 2450AT43B100E
Added Member To Class: ClassName=Sch_mcu Member=Component ANT? 2450AT14A0100T
Added Member To Class: ClassName=Sch_external_connectors Member=Component J? USB3070-30-A
Added Member To Class: ClassName=Sch_mcu Member=Component SB8 SOLDER_JUMPER
