Removed Pin From Net: NetName=GND Pin=FPC_CONN_MCU?-1
Removed Pin From Net: NetName=3.3V Pin=FPC_CONN_MCU?-2
Removed Pin From Net: NetName=GND Pin=FPC_CONN_MCU?-3
Removed Pin From Net: NetName=3.3V Pin=FPC_CONN_MCU?-4
Removed Pin From Net: NetName=GND Pin=FPC_CONN_MCU?-5
Removed Pin From Net: NetName=5V Pin=FPC_CONN_MCU?-6
Removed Pin From Net: NetName=GND Pin=FPC_CONN_MCU?-7
Removed Pin From Net: NetName=5V Pin=FPC_CONN_MCU?-8
Removed Pin From Net: NetName=BLINK_PWM Pin=FPC_CONN_MCU?-9
Removed Pin From Net: NetName=ANALOG_EXP_CONN Pin=FPC_CONN_MCU?-10
Removed Pin From Net: NetName=LED_PWM Pin=FPC_CONN_MCU?-11
Removed Pin From Net: NetName=PA0 Pin=FPC_CONN_MCU?-12
Removed Pin From Net: NetName=SPI_SDIO Pin=FPC_CONN_MCU?-13
Removed Pin From Net: NetName=BLINK_SIG Pin=FPC_CONN_MCU?-14
Removed Pin From Net: NetName=SPI_SCK Pin=FPC_CONN_MCU?-15
Removed Pin From Net: NetName=I2C1_SDA Pin=FPC_CONN_MCU?-16
Removed Pin From Net: NetName=LED_SS Pin=FPC_CONN_MCU?-17
Removed Pin From Net: NetName=I2C1_SCL Pin=FPC_CONN_MCU?-18
Removed Pin From Net: NetName=LH_DIODE_ARRAY Pin=FPC_CONN_MCU?-19
Removed Pin From Net: NetName=TP_NOSE Pin=FPC_CONN_MCU?-20
Removed Pin From Net: NetName=VBAT Pin=FPC_CONN_MCU?-21
Removed Pin From Net: NetName=CMOUT Pin=FPC_CONN_MCU?-22
Removed Pin From Net: NetName=VBAT Pin=FPC_CONN_MCU?-23
Removed Pin From Net: NetName=3.3V Pin=LED9-1
Removed Pin From Net: NetName=LED_1_RED Pin=R37-2
Removed Pin From Net: NetName=LED_1_BLUE Pin=R38-1
Removed Pin From Net: NetName=LED_1_GREEN Pin=R39-2
Removed Member From Class: ClassName=Sch_mcu Member=C27
Removed Member From Class: ClassName=Sch_mcu Member=C28
Removed Member From Class: ClassName=Sch_external_connectors Member=C?
Removed Member From Class: ClassName=Sch_external_connectors Member=FPC_CONN_MCU?
Removed Member From Class: ClassName=Sch_external_connectors Member=IC?
Removed Member From Class: ClassName=Sch_external_connectors Member=R?
Removed Member From Class: ClassName=Sch_mcu Member=R?
Removed Member From Class: ClassName=Sch_external_connectors Member=SB?
Change Component Designator: OldDesignator=C6 NewDesignator=C8
Change Component Designator: OldDesignator=C7 NewDesignator=C9
Change Component Designator: OldDesignator=C8 NewDesignator=C11
Change Component Designator: OldDesignator=C9 NewDesignator=C12
Change Component Designator: OldDesignator=C11 NewDesignator=C13
Change Component Designator: OldDesignator=C12 NewDesignator=C14
Change Component Designator: OldDesignator=C13 NewDesignator=C15
Change Component Designator: OldDesignator=C14 NewDesignator=C16
Change Component Designator: OldDesignator=C15 NewDesignator=C17
Change Component Designator: OldDesignator=C16 NewDesignator=C18
Change Component Designator: OldDesignator=C27 NewDesignator=C6
Change Component Designator: OldDesignator=C28 NewDesignator=C7
Change Component Designator: OldDesignator=C? NewDesignator=C1
Change Component Designator: OldDesignator=C? NewDesignator=C19
Change Component Designator: OldDesignator=C? NewDesignator=C20
Change Component Designator: OldDesignator=C? NewDesignator=C21
Change Component Designator: OldDesignator=C? NewDesignator=C22
Change Component Designator: OldDesignator=C? NewDesignator=C23
Change Component Designator: OldDesignator=C? NewDesignator=C24
Change Component Designator: OldDesignator=C? NewDesignator=C25
Change Component Designator: OldDesignator=C? NewDesignator=C26
Change Component Designator: OldDesignator=C? NewDesignator=C27
Change Component Designator: OldDesignator=C? NewDesignator=C28
Change Component Designator: OldDesignator=C? NewDesignator=C29
Change Component Designator: OldDesignator=C? NewDesignator=C30
Change Component Designator: OldDesignator=C? NewDesignator=C31
Change Component Designator: OldDesignator=D? NewDesignator=D1
Change Component Designator: OldDesignator=IC1 NewDesignator=IC2
Change Component Designator: OldDesignator=IC2 NewDesignator=IC3
Change Component Designator: OldDesignator=IC? NewDesignator=IC1
Change Component Designator: OldDesignator=IC? NewDesignator=IC4
Change Component Designator: OldDesignator=IC? NewDesignator=IC5
Change Component Designator: OldDesignator=IC? NewDesignator=IC6
Change Component Designator: OldDesignator=J? NewDesignator=J1
Change Component Designator: OldDesignator=J? NewDesignator=J2
Change Component Designator: OldDesignator=L2 NewDesignator=L3
Change Component Designator: OldDesignator=L3 NewDesignator=L2
Change Component Designator: OldDesignator=Q? NewDesignator=Q3
Change Component Designator: OldDesignator=R14 NewDesignator=R4
Change Component Designator: OldDesignator=R15 NewDesignator=R5
Change Component Designator: OldDesignator=R16 NewDesignator=R6
Change Component Designator: OldDesignator=R20 NewDesignator=R11
Change Component Designator: OldDesignator=R21 NewDesignator=R12
Change Component Designator: OldDesignator=R22 NewDesignator=R13
Change Component Designator: OldDesignator=R? NewDesignator=R1
Change Component Designator: OldDesignator=R? NewDesignator=R2
Change Component Designator: OldDesignator=R? NewDesignator=R3
Change Component Designator: OldDesignator=R? NewDesignator=R7
Change Component Designator: OldDesignator=R? NewDesignator=R14
Change Component Designator: OldDesignator=R? NewDesignator=R15
Change Component Designator: OldDesignator=R? NewDesignator=R16
Change Component Designator: OldDesignator=R? NewDesignator=R17
Change Component Designator: OldDesignator=R? NewDesignator=R19
Change Component Designator: OldDesignator=R? NewDesignator=R20
Change Component Designator: OldDesignator=R? NewDesignator=R21
Change Component Designator: OldDesignator=SB11 NewDesignator=SB6
Change Component Designator: OldDesignator=SB12 NewDesignator=SB7
Change Component Designator: OldDesignator=SB? NewDesignator=SB1
Change Component Designator: OldDesignator=SB? NewDesignator=SB2
Change Component Designator: OldDesignator=SB? NewDesignator=SB3
Change Component Designator: OldDesignator=SB? NewDesignator=SB4
Change Component Designator: OldDesignator=SB? NewDesignator=SB5
Change Component Designator: OldDesignator=SB? NewDesignator=SB8
Change Component Designator: OldDesignator=U? NewDesignator=U1
Change Component Designator: OldDesignator=VR? NewDesignator=VR1
Change Component Designator: OldDesignator=VR? NewDesignator=VR2
Added Component: Designator=FPC_MCU1(5022502391)
Add component. Clean all parameters for all variants
Add component (AddParameter): Name = "Datasheet Link"; Value = "https://www.molex.com/pdm_docs/sd/5022501791_sd.pdf"; VariantName = "[No Variations]"
Add component (AddParameter): Name = "Height"; Value = "1.85mm"; VariantName = "[No Variations]"
Add component (AddParameter): Name = "Manufacturer_Name"; Value = "Molex"; VariantName = "[No Variations]"
Add component (AddParameter): Name = "Manufacturer_Part_Number"; Value = "502250-2391"; VariantName = "[No Variations]"
Add component (AddParameter): Name = "Mouser Part Number"; Value = "538-502250-2391"; VariantName = "[No Variations]"
Add component (AddParameter): Name = "Mouser Price/Stock"; Value = "https://www.mouser.com/Search/Refine.aspx?Keyword=538-502250-2391"; VariantName = "[No Variations]"
Add component (AddParameter): Name = "RS Part Number"; Value = ""; VariantName = "[No Variations]"
Add component (AddParameter): Name = "RS Price/Stock"; Value = ""; VariantName = "[No Variations]"
Add component (AddParameter): Name = "System"; Value = "Connector"; VariantName = "[No Variations]"
Added Component: Designator=LED1(SON95P200X200X100-4N)
Add component. Clean all parameters for all variants
Add component (AddParameter): Name = "Datasheet Link"; Value = "https://componentsearchengine.com/Datasheets/1/CLMVC-FKC-CGJJM569aBB7a343.pdf"; VariantName = "[No Variations]"
Add component (AddParameter): Name = "Height"; Value = "1mm"; VariantName = "[No Variations]"
Add component (AddParameter): Name = "Manufacturer_Name"; Value = "Cree"; VariantName = "[No Variations]"
Add component (AddParameter): Name = "Manufacturer_Part_Number"; Value = "CLMVC-FKC-CGJJM569aBB7a343"; VariantName = "[No Variations]"
Add component (AddParameter): Name = "Mouser Part Number"; Value = "941-CLMVG569ABB7A343"; VariantName = "[No Variations]"
Add component (AddParameter): Name = "Mouser Price/Stock"; Value = "https://www.mouser.com/Search/Refine.aspx?Keyword=941-CLMVG569ABB7A343"; VariantName = "[No Variations]"
Add component (AddParameter): Name = "RS Part Number"; Value = ""; VariantName = "[No Variations]"
Add component (AddParameter): Name = "RS Price/Stock"; Value = ""; VariantName = "[No Variations]"
Added Component: Designator=POGO_PIN1(0923-0-15-20-78-14-11-0)
Add component. Clean all parameters for all variants
Added Component: Designator=POGO_PIN2(0923-0-15-20-78-14-11-0)
Add component. Clean all parameters for all variants
Added Component: Designator=POGO_PIN3(0923-0-15-20-78-14-11-0)
Add component. Clean all parameters for all variants
Added Component: Designator=R8(SMD-0402-RES)
Add component. Clean all parameters for all variants
Add component (AddParameter): Name = "@ qty"; Value = "1500"; VariantName = "[No Variations]"
Add component (AddParameter): Name = "Composition"; Value = "Thick Film"; VariantName = "[No Variations]"
Add component (AddParameter): Name = "Datasheets"; Value = "http://industrial.panasonic.com/www-cgi/jvcr13pz.cgi?E+PZ+3+AOA0001+ERJ2GEJ101X+7+WW"; VariantName = "[No Variations]"
Add component (AddParameter): Name = "Digi-Key Part Number"; Value = "P100JCT-ND"; VariantName = "[No Variations]"
Add component (AddParameter): Name = "Factory Stock"; Value = "0"; VariantName = "[No Variations]"
Add component (AddParameter): Name = "Failure Rate"; Value = "-"; VariantName = "[No Variations]"
Add component (AddParameter): Name = "Features"; Value = "Automotive AEC-Q200"; VariantName = "[No Variations]"
Add component (AddParameter): Name = "Height - Seated (Max)"; Value = "0.016" (0.40mm)"; VariantName = "[No Variations]"
Add component (AddParameter): Name = "Image"; Value = "//media.digikey.com/Photos/Panasonic%20Photos/ERJ-PA2-Series.jpg"; VariantName = "[No Variations]"
Add component (AddParameter): Name = "Manufacturer"; Value = "Panasonic Electronic Components"; VariantName = "[No Variations]"
Add component (AddParameter): Name = "Minimum Quantity"; Value = "1"; VariantName = "[No Variations]"
Add component (AddParameter): Name = "Number of Terminations"; Value = "2"; VariantName = "[No Variations]"
Add component (AddParameter): Name = "Operating Temperature"; Value = "-55°C ~ 155°C"; VariantName = "[No Variations]"
Add component (AddParameter): Name = "Package / Case"; Value = "0402 (1005 Metric)"; VariantName = "[No Variations]"
Add component (AddParameter): Name = "Packaging"; Value = "Cut Tape (CT)"; VariantName = "[No Variations]"
Add component (AddParameter): Name = "Part Number"; Value = "ERJ-2GEJ101X"; VariantName = "[No Variations]"
Add component (AddParameter): Name = "Part Status"; Value = "Active"; VariantName = "[No Variations]"
Add component (AddParameter): Name = "Power (Watts)"; Value = "0.1W, 1/10W"; VariantName = "[No Variations]"
Add component (AddParameter): Name = "Quantity Available"; Value = "3114113"; VariantName = "[No Variations]"
Add component (AddParameter): Name = "Series"; Value = "ERJ"; VariantName = "[No Variations]"
Add component (AddParameter): Name = "Size / Dimension"; Value = "0.039" L x 0.020" W (1.00mm x 0.50mm)"; VariantName = "[No Variations]"
Add component (AddParameter): Name = "Supplier Device Package"; Value = "0402"; VariantName = "[No Variations]"
Add component (AddParameter): Name = "Temperature Coefficient"; Value = "±200ppm/°C"; VariantName = "[No Variations]"
Add component (AddParameter): Name = "Tolerance"; Value = "±5%"; VariantName = "[No Variations]"
Add component (AddParameter): Name = "Unit Price (USD)"; Value = "0.00350"; VariantName = "[No Variations]"
Add component (AddParameter): Name = "Value"; Value = "100"; VariantName = "[No Variations]"
Added Component: Designator=R9(SMD-0402-RES)
Add component. Clean all parameters for all variants
Add component (AddParameter): Name = "@ qty"; Value = "1500"; VariantName = "[No Variations]"
Add component (AddParameter): Name = "Composition"; Value = "Thick Film"; VariantName = "[No Variations]"
Add component (AddParameter): Name = "Datasheets"; Value = "http://industrial.panasonic.com/www-cgi/jvcr13pz.cgi?E+PZ+3+AOA0001+ERJ2GEJ220X+7+WW"; VariantName = "[No Variations]"
Add component (AddParameter): Name = "Digi-Key Part Number"; Value = "P22JCT-ND"; VariantName = "[No Variations]"
Add component (AddParameter): Name = "Factory Stock"; Value = "0"; VariantName = "[No Variations]"
Add component (AddParameter): Name = "Failure Rate"; Value = "-"; VariantName = "[No Variations]"
Add component (AddParameter): Name = "Features"; Value = "Automotive AEC-Q200"; VariantName = "[No Variations]"
Add component (AddParameter): Name = "Height - Seated (Max)"; Value = "0.016" (0.40mm)"; VariantName = "[No Variations]"
Add component (AddParameter): Name = "Image"; Value = "//media.digikey.com/Photos/Panasonic%20Photos/ERJ-PA2-Series.jpg"; VariantName = "[No Variations]"
Add component (AddParameter): Name = "Manufacturer"; Value = "Panasonic Electronic Components"; VariantName = "[No Variations]"
Add component (AddParameter): Name = "Minimum Quantity"; Value = "1"; VariantName = "[No Variations]"
Add component (AddParameter): Name = "Number of Terminations"; Value = "2"; VariantName = "[No Variations]"
Add component (AddParameter): Name = "Operating Temperature"; Value = "-55°C ~ 155°C"; VariantName = "[No Variations]"
Add component (AddParameter): Name = "Package / Case"; Value = "0402 (1005 Metric)"; VariantName = "[No Variations]"
Add component (AddParameter): Name = "Packaging"; Value = "Cut Tape (CT)"; VariantName = "[No Variations]"
Add component (AddParameter): Name = "Part Number"; Value = "ERJ-2GEJ220X"; VariantName = "[No Variations]"
Add component (AddParameter): Name = "Part Status"; Value = "Active"; VariantName = "[No Variations]"
Add component (AddParameter): Name = "Power (Watts)"; Value = "0.1W, 1/10W"; VariantName = "[No Variations]"
Add component (AddParameter): Name = "Quantity Available"; Value = "1147502"; VariantName = "[No Variations]"
Add component (AddParameter): Name = "Series"; Value = "ERJ"; VariantName = "[No Variations]"
Add component (AddParameter): Name = "Size / Dimension"; Value = "0.039" L x 0.020" W (1.00mm x 0.50mm)"; VariantName = "[No Variations]"
Add component (AddParameter): Name = "Supplier Device Package"; Value = "0402"; VariantName = "[No Variations]"
Add component (AddParameter): Name = "Temperature Coefficient"; Value = "±200ppm/°C"; VariantName = "[No Variations]"
Add component (AddParameter): Name = "Tolerance"; Value = "±5%"; VariantName = "[No Variations]"
Add component (AddParameter): Name = "Unit Price (USD)"; Value = "0.00350"; VariantName = "[No Variations]"
Add component (AddParameter): Name = "Value"; Value = "22"; VariantName = "[No Variations]"
Added Component: Designator=R10(SMD-0402-RES)
Add component. Clean all parameters for all variants
Add component (AddParameter): Name = "@ qty"; Value = "1500"; VariantName = "[No Variations]"
Add component (AddParameter): Name = "Composition"; Value = "Thick Film"; VariantName = "[No Variations]"
Add component (AddParameter): Name = "Datasheets"; Value = "http://industrial.panasonic.com/www-cgi/jvcr13pz.cgi?E+PZ+3+AOA0001+ERJ2GEJ220X+7+WW"; VariantName = "[No Variations]"
Add component (AddParameter): Name = "Digi-Key Part Number"; Value = "P22JCT-ND"; VariantName = "[No Variations]"
Add component (AddParameter): Name = "Factory Stock"; Value = "0"; VariantName = "[No Variations]"
Add component (AddParameter): Name = "Failure Rate"; Value = "-"; VariantName = "[No Variations]"
Add component (AddParameter): Name = "Features"; Value = "Automotive AEC-Q200"; VariantName = "[No Variations]"
Add component (AddParameter): Name = "Height - Seated (Max)"; Value = "0.016" (0.40mm)"; VariantName = "[No Variations]"
Add component (AddParameter): Name = "Image"; Value = "//media.digikey.com/Photos/Panasonic%20Photos/ERJ-PA2-Series.jpg"; VariantName = "[No Variations]"
Add component (AddParameter): Name = "Manufacturer"; Value = "Panasonic Electronic Components"; VariantName = "[No Variations]"
Add component (AddParameter): Name = "Minimum Quantity"; Value = "1"; VariantName = "[No Variations]"
Add component (AddParameter): Name = "Number of Terminations"; Value = "2"; VariantName = "[No Variations]"
Add component (AddParameter): Name = "Operating Temperature"; Value = "-55°C ~ 155°C"; VariantName = "[No Variations]"
Add component (AddParameter): Name = "Package / Case"; Value = "0402 (1005 Metric)"; VariantName = "[No Variations]"
Add component (AddParameter): Name = "Packaging"; Value = "Cut Tape (CT)"; VariantName = "[No Variations]"
Add component (AddParameter): Name = "Part Number"; Value = "ERJ-2GEJ220X"; VariantName = "[No Variations]"
Add component (AddParameter): Name = "Part Status"; Value = "Active"; VariantName = "[No Variations]"
Add component (AddParameter): Name = "Power (Watts)"; Value = "0.1W, 1/10W"; VariantName = "[No Variations]"
Add component (AddParameter): Name = "Quantity Available"; Value = "1147502"; VariantName = "[No Variations]"
Add component (AddParameter): Name = "Series"; Value = "ERJ"; VariantName = "[No Variations]"
Add component (AddParameter): Name = "Size / Dimension"; Value = "0.039" L x 0.020" W (1.00mm x 0.50mm)"; VariantName = "[No Variations]"
Add component (AddParameter): Name = "Supplier Device Package"; Value = "0402"; VariantName = "[No Variations]"
Add component (AddParameter): Name = "Temperature Coefficient"; Value = "±200ppm/°C"; VariantName = "[No Variations]"
Add component (AddParameter): Name = "Tolerance"; Value = "±5%"; VariantName = "[No Variations]"
Add component (AddParameter): Name = "Unit Price (USD)"; Value = "0.00350"; VariantName = "[No Variations]"
Add component (AddParameter): Name = "Value"; Value = "22"; VariantName = "[No Variations]"
Added Component: Designator=R18(SMD-0402-RES)
Add component. Clean all parameters for all variants
Add component (AddParameter): Name = "@ qty"; Value = "1500"; VariantName = "[No Variations]"
Add component (AddParameter): Name = "Composition"; Value = "Thick Film"; VariantName = "[No Variations]"
Add component (AddParameter): Name = "Datasheets"; Value = "http://industrial.panasonic.com/www-cgi/jvcr13pz.cgi?E+PZ+3+AOA0001+ERJ2GEJ103X+7+WW"; VariantName = "[No Variations]"
Add component (AddParameter): Name = "Digi-Key Part Number"; Value = "P10KJCT-ND"; VariantName = "[No Variations]"
Add component (AddParameter): Name = "Factory Stock"; Value = "0"; VariantName = "[No Variations]"
Add component (AddParameter): Name = "Failure Rate"; Value = "-"; VariantName = "[No Variations]"
Add component (AddParameter): Name = "Features"; Value = "Automotive AEC-Q200"; VariantName = "[No Variations]"
Add component (AddParameter): Name = "Height - Seated (Max)"; Value = "0.016" (0.40mm)"; VariantName = "[No Variations]"
Add component (AddParameter): Name = "Image"; Value = "//media.digikey.com/Photos/Panasonic%20Photos/ERJ-PA2-Series.jpg"; VariantName = "[No Variations]"
Add component (AddParameter): Name = "Manufacturer"; Value = "Panasonic Electronic Components"; VariantName = "[No Variations]"
Add component (AddParameter): Name = "Minimum Quantity"; Value = "1"; VariantName = "[No Variations]"
Add component (AddParameter): Name = "Number of Terminations"; Value = "2"; VariantName = "[No Variations]"
Add component (AddParameter): Name = "Operating Temperature"; Value = "-55°C ~ 155°C"; VariantName = "[No Variations]"
Add component (AddParameter): Name = "Package / Case"; Value = "0402 (1005 Metric)"; VariantName = "[No Variations]"
Add component (AddParameter): Name = "Packaging"; Value = "Cut Tape (CT)"; VariantName = "[No Variations]"
Add component (AddParameter): Name = "Part Number"; Value = "ERJ-2GEJ103X"; VariantName = "[No Variations]"
Add component (AddParameter): Name = "Part Status"; Value = "Active"; VariantName = "[No Variations]"
Add component (AddParameter): Name = "Power (Watts)"; Value = "0.1W, 1/10W"; VariantName = "[No Variations]"
Add component (AddParameter): Name = "Quantity Available"; Value = "2560215"; VariantName = "[No Variations]"
Add component (AddParameter): Name = "Series"; Value = "ERJ"; VariantName = "[No Variations]"
Add component (AddParameter): Name = "Size / Dimension"; Value = "0.039" L x 0.020" W (1.00mm x 0.50mm)"; VariantName = "[No Variations]"
Add component (AddParameter): Name = "Supplier Device Package"; Value = "0402"; VariantName = "[No Variations]"
Add component (AddParameter): Name = "Temperature Coefficient"; Value = "±200ppm/°C"; VariantName = "[No Variations]"
Add component (AddParameter): Name = "Tolerance"; Value = "±5%"; VariantName = "[No Variations]"
Add component (AddParameter): Name = "Unit Price (USD)"; Value = "0.00350"; VariantName = "[No Variations]"
Add component (AddParameter): Name = "Value"; Value = "10k"; VariantName = "[No Variations]"
Added Pin To Net: NetName=VBAT Pin=FPC_MCU1-1
Added Pin To Net: NetName=CMOUT Pin=FPC_MCU1-2
Added Pin To Net: NetName=VBAT Pin=FPC_MCU1-3
Added Pin To Net: NetName=TP_NOSE Pin=FPC_MCU1-4
Added Pin To Net: NetName=LH_DIODE_ARRAY Pin=FPC_MCU1-5
Added Pin To Net: NetName=I2C1_SCL Pin=FPC_MCU1-6
Added Pin To Net: NetName=LED_SS Pin=FPC_MCU1-7
Added Pin To Net: NetName=I2C1_SDA Pin=FPC_MCU1-8
Added Pin To Net: NetName=SPI_SCK Pin=FPC_MCU1-9
Added Pin To Net: NetName=BLINK_SIG Pin=FPC_MCU1-10
Added Pin To Net: NetName=SPI_SDIO Pin=FPC_MCU1-11
Added Pin To Net: NetName=PA0 Pin=FPC_MCU1-12
Added Pin To Net: NetName=LED_PWM Pin=FPC_MCU1-13
Added Pin To Net: NetName=ANALOG_EXP_CONN Pin=FPC_MCU1-14
Added Pin To Net: NetName=BLINK_PWM Pin=FPC_MCU1-15
Added Pin To Net: NetName=5V Pin=FPC_MCU1-16
Added Pin To Net: NetName=GND Pin=FPC_MCU1-17
Added Pin To Net: NetName=5V Pin=FPC_MCU1-18
Added Pin To Net: NetName=GND Pin=FPC_MCU1-19
Added Pin To Net: NetName=3.3V Pin=FPC_MCU1-20
Added Pin To Net: NetName=GND Pin=FPC_MCU1-21
Added Pin To Net: NetName=3.3V Pin=FPC_MCU1-22
Added Pin To Net: NetName=GND Pin=FPC_MCU1-23
Added Pin To Net: NetName=3.3V Pin=LED1-1
Added Pin To Net: NetName=GND Pin=Q3-1
Added Pin To Net: NetName=LED_1_RED Pin=R8-2
Added Pin To Net: NetName=LED_1_BLUE Pin=R9-1
Added Pin To Net: NetName=LED_1_GREEN Pin=R10-2
Added Pin To Net: NetName=3.3V Pin=R18-1
Change Net Name : Old Net Name=NetC16_1 New Net Name=NetC18_1
Change Net Name : Old Net Name=NetC27_2 New Net Name=NetC6_2
Change Net Name : Old Net Name=NetC?_2 New Net Name=NetC29_2
Change Net Name : Old Net Name=NetIC?_9 New Net Name=NetIC6_9
Change Net Name : Old Net Name=NetJ?_2 New Net Name=NetJ1_2
Change Net Name : Old Net Name=NetJ?_3 New Net Name=NetJ1_3
Change Net Name : Old Net Name=NetJ?_4 New Net Name=NetJ1_4
Added Pin To Net: NetName=BLINK_SIDE_SIG Pin=IC2-11
Added Pin To Net: NetName=BLINK_SIDE_SIG Pin=Q3-2
Added Pin To Net: NetName=BLINK_SIDE_SIG Pin=R18-2
Added Net: Name=BLINK_SIDE_SIG
Added Pin To Net: NetName=NetC19_2 Pin=C19-2
Added Pin To Net: NetName=NetC19_2 Pin=IC4-5
Added Pin To Net: NetName=NetC19_2 Pin=R14-1
Added Net: Name=NetC19_2
Added Pin To Net: NetName=NetC27_2 Pin=C27-2
Added Pin To Net: NetName=NetC27_2 Pin=R19-1
Added Pin To Net: NetName=NetC27_2 Pin=R20-2
Added Net: Name=NetC27_2
Added Pin To Net: NetName=NetLED1_2 Pin=LED1-2
Added Pin To Net: NetName=NetLED1_2 Pin=R9-2
Added Net: Name=NetLED1_2
Added Pin To Net: NetName=NetLED1_3 Pin=LED1-3
Added Pin To Net: NetName=NetLED1_3 Pin=R10-1
Added Net: Name=NetLED1_3
Added Pin To Net: NetName=NetLED1_4 Pin=LED1-4
Added Pin To Net: NetName=NetLED1_4 Pin=R8-1
Added Net: Name=NetLED1_4
Added Pin To Net: NetName=NetPOGO_PIN1_1 Pin=POGO_PIN1-1
Added Pin To Net: NetName=NetPOGO_PIN1_1 Pin=R1-2
Added Net: Name=NetPOGO_PIN1_1
Added Pin To Net: NetName=NetPOGO_PIN2_1 Pin=POGO_PIN2-1
Added Pin To Net: NetName=NetPOGO_PIN2_1 Pin=R2-2
Added Net: Name=NetPOGO_PIN2_1
Added Pin To Net: NetName=NetPOGO_PIN3_1 Pin=POGO_PIN3-1
Added Pin To Net: NetName=NetPOGO_PIN3_1 Pin=R3-2
Added Net: Name=NetPOGO_PIN3_1
Added Member To Class: ClassName=Sch_external_connectors Member=Component C1 10000pF
Added Member To Class: ClassName=Sch_mcu Member=Component C14 0.10µF
Added Member To Class: ClassName=Sch_mcu Member=Component C15 100pF
Added Member To Class: ClassName=Sch_sensors Member=Component C19 10000pF
Added Member To Class: ClassName=Sch_sensors Member=Component C20 5pF
Added Member To Class: ClassName=Sch_sensors Member=Component C21 0.10µF
Added Member To Class: ClassName=Sch_sensors Member=Component C23 0.10µF
Added Member To Class: ClassName=Sch_sensors Member=Component C24 10000pF
Added Member To Class: ClassName=Sch_sensors Member=Component C25 10000pF
Added Member To Class: ClassName=Sch_sensors Member=Component C26 10µF
Added Member To Class: ClassName=Sch_sensors Member=Component C27 10µF
Added Member To Class: ClassName=Sch_sensors Member=Component C28 6800pF
Added Member To Class: ClassName=Sch_sensors Member=Component C29 10000pF
Added Member To Class: ClassName=Sch_sensors Member=Component C30 10000pF
Added Member To Class: ClassName=Sch_sensors Member=Component C31 1µF
Added Member To Class: ClassName=Sch_external_connectors Member=Component FPC_MCU1 502250-2391
Added Member To Class: ClassName=Sch_external_connectors Member=Component IC1 USBLC6-2SC6
Added Member To Class: ClassName=Sch_sensors Member=Component IC4 TLV2462CDR
Added Member To Class: ClassName=Sch_sensors Member=Component IC6 LMP91051MT_NOPB
Added Member To Class: ClassName=Sch_external_connectors Member=Component J2 TC2030-CTX-NL
Added Member To Class: ClassName=Sch_mcu Member=Component LED1 CLMVC-FKC-CGJJM569aBB7a343
Added Member To Class: ClassName=Sch_external_connectors Member=Component POGO_PIN1 0923-0-15-20-78-14-11-0
Added Member To Class: ClassName=Sch_external_connectors Member=Component POGO_PIN2 0923-0-15-20-78-14-11-0
Added Member To Class: ClassName=Sch_external_connectors Member=Component POGO_PIN3 0923-0-15-20-78-14-11-0
Added Member To Class: ClassName=Sch_external_connectors Member=Component R1 1k
Added Member To Class: ClassName=Sch_external_connectors Member=Component R2 1k
Added Member To Class: ClassName=Sch_external_connectors Member=Component R3 1k
Added Member To Class: ClassName=Sch_mcu Member=Component R7 10K
Added Member To Class: ClassName=Sch_mcu Member=Component R8 100
Added Member To Class: ClassName=Sch_mcu Member=Component R9 22
Added Member To Class: ClassName=Sch_mcu Member=Component R10 22
Added Member To Class: ClassName=Sch_sensors Member=Component R15 100k
Added Member To Class: ClassName=Sch_sensors Member=Component R16 47k
Added Member To Class: ClassName=Sch_sensors Member=Component R17 3.3k
Added Member To Class: ClassName=Sch_sensors Member=Component R18 10k
Added Member To Class: ClassName=Sch_sensors Member=Component R19 160k
Added Member To Class: ClassName=Sch_sensors Member=Component R20 160k
Added Member To Class: ClassName=Sch_sensors Member=Component R21 1k
Added Member To Class: ClassName=Sch_external_connectors Member=Component SB1 SOLDER_JUMPER
Added Member To Class: ClassName=Sch_external_connectors Member=Component SB2 SOLDER_JUMPER
Added Member To Class: ClassName=Sch_external_connectors Member=Component SB3 SOLDER_JUMPER
Added Member To Class: ClassName=Sch_external_connectors Member=Component SB4 SOLDER_JUMPER
Added Member To Class: ClassName=Sch_external_connectors Member=Component SB5 SOLDER_JUMPER
Added Member To Class: ClassName=Sch_sensors Member=Component VR2 TC33X-2-105G
Added Room: Name=Sch_external_connectors
Added Room: Name=Sch_mcu
Added Room: Name=Sch_pwr
Added Room: Name=Sch_sensors
