Removed Pin From Net: NetName=VBAT_1 Pin=C?-1
Removed Pin From Net: NetName=GND Pin=C?-2
Removed Pin From Net: NetName=I2C1_SCL Pin=IC2-5
Removed Pin From Net: NetName=I2C1_SDA Pin=IC2-6
Removed Pin From Net: NetName=BLINK_PWM Pin=IC2-10
Removed Pin From Net: NetName=BLINK_SIG Pin=IC2-28
Added Component: Designator=J?(54722-0164)
Add component. Clean all parameters for all variants
Add component (AddParameter): Name = "Datasheet Link"; Value = "http://www.molex.com/webdocs/datasheets/pdf/en-us//0547220164_PCB_RECEPTACLES.pdf"; VariantName = "[No Variations]"
Add component (AddParameter): Name = "Manufacturer_Name"; Value = "Molex"; VariantName = "[No Variations]"
Add component (AddParameter): Name = "Manufacturer_Part_Number"; Value = "54722-0164"; VariantName = "[No Variations]"
Add component (AddParameter): Name = "Mouser Part Number"; Value = "538-54722-0164"; VariantName = "[No Variations]"
Add component (AddParameter): Name = "Mouser Price/Stock"; Value = "https://www.mouser.com/Search/Refine.aspx?Keyword=538-54722-0164"; VariantName = "[No Variations]"
Add component (AddParameter): Name = "RS Part Number"; Value = "7206511"; VariantName = "[No Variations]"
Add component (AddParameter): Name = "RS Price/Stock"; Value = "https://uk.rs-online.com/web/p/products/7206511"; VariantName = "[No Variations]"
Added Pin To Net: NetName=GND Pin=C?-1
Added Pin To Net: NetName=VBAT_1 Pin=C?-1
Added Pin To Net: NetName=3.3V_MCU Pin=C?-2
Added Pin To Net: NetName=GND Pin=C?-2
Added Pin To Net: NetName=IMU_INT Pin=IC2-14
Added Pin To Net: NetName=I2C1_SCL Pin=IC2-18
Added Pin To Net: NetName=EXPANSION_INT Pin=IC2-19
Added Pin To Net: NetName=I2C1_SDA Pin=IC2-36
Added Pin To Net: NetName=BLINK_SIG Pin=IC2-42
Added Pin To Net: NetName=BLINK_PWM Pin=IC2-43
Added Pin To Net: NetName=VBAT_MUX Pin=J?-1
Added Pin To Net: NetName=BLINK_PWM Pin=J?-2
Added Pin To Net: NetName=BATTERY_1 Pin=J?-4
Added Pin To Net: NetName=3.3V Pin=J?-5
Added Pin To Net: NetName=GND Pin=J?-6
Added Pin To Net: NetName=BLINK_SIG Pin=J?-7
Added Pin To Net: NetName=GND Pin=J?-8
Added Pin To Net: NetName=IMU_INT Pin=J?-9
Added Pin To Net: NetName=I2C_SCL Pin=J?-10
Added Pin To Net: NetName=I2C_SDA Pin=J?-11
Added Pin To Net: NetName=EXPANSION_INT Pin=J?-12
Added Pin To Net: NetName=5V Pin=J?-13
Added Pin To Net: NetName=LH_DIODE_ARRAY Pin=J?-14
Added Pin To Net: NetName=GND Pin=J?-15
Added Pin To Net: NetName=GND Pin=J?-16
Added Member To Class: ClassName=Sch_pwr Member=Component C? 4.7µF
Added Member To Class: ClassName=Sch_pwr Member=Component C? 2.2uF
Added Member To Class: ClassName=Sch_pwr Member=Component IC? FAN53600AUC33X
Added Member To Class: ClassName=Sch_external_connectors Member=Component J? 54722-0164
Added Member To Class: ClassName=Sch_mcu Member=Component J? 54722-0164
Added Member To Class: ClassName=Sch_pwr Member=Component R? 5.6k
