Removed Pin From Net: NetName=VBAT_1 Pin=C?-1
Removed Pin From Net: NetName=GND Pin=C?-2
Removed Member From Class: ClassName=Sch_sensors Member=IC?
Change Component Designator: OldDesignator=C? NewDesignator=C16
Change Component Designator: OldDesignator=C? NewDesignator=C17
Change Component Designator: OldDesignator=DS? NewDesignator=DS1
Change Component Designator: OldDesignator=IC? NewDesignator=IC3
Change Component Designator: OldDesignator=IC? NewDesignator=IC5
Change Component Designator: OldDesignator=IC? NewDesignator=IC6
Change Component Designator: OldDesignator=J? NewDesignator=J1
Change Component Designator: OldDesignator=J? NewDesignator=J3
Change Component Designator: OldDesignator=L? NewDesignator=L4
Change Component Designator: OldDesignator=P? NewDesignator=P1
Change Component Designator: OldDesignator=R? NewDesignator=R4
Change Component Designator: OldDesignator=R? NewDesignator=R8
Added Pin To Net: NetName=GND Pin=C17-1
Added Pin To Net: NetName=3.3V_MCU Pin=C17-2
Change Net Name : Old Net Name=NetDS?_1 New Net Name=NetDS1_1
Change Net Name : Old Net Name=NetDS?_2 New Net Name=NetDS1_2
Change Net Name : Old Net Name=NetIC?_1 New Net Name=NetIC5_1
Change Net Name : Old Net Name=NetIC?_8 New Net Name=NetIC5_8
Change Net Name : Old Net Name=NetIC?_B1 New Net Name=NetIC3_B1
Added Member To Class: ClassName=Sch_pwr Member=Component C17 GRM188R60J106ME47D
Added Member To Class: ClassName=Sch_pwr Member=Component IC5 MCP73831T-2ACI_MC
Added Member To Class: ClassName=Sch_sensors Member=Component IC6 TLV9062IDSGT
Added Member To Class: ClassName=Sch_external_connectors Member=Component J1 54722-0164
Added Member To Class: ClassName=Sch_external_connectors Member=Component J3 UJ2-MIBH2-4-SMT-TR
Added Member To Class: ClassName=Sch_pwr Member=Component R4 80.6k
