Removed Pin From Net: NetName=VBAT Pin=FPC_MCU-1
Removed Pin From Net: NetName=CMOUT Pin=FPC_MCU-2
Removed Pin From Net: NetName=TP_NOSE Pin=FPC_MCU-4
Removed Pin From Net: NetName=SPI_SCK Pin=FPC_MCU-9
Removed Pin From Net: NetName=BLINK_SIG Pin=FPC_MCU-10
Removed Pin From Net: NetName=SPI_SDIO Pin=FPC_MCU-11
Removed Pin From Net: NetName=PA0 Pin=FPC_MCU-12
Removed Pin From Net: NetName=ANALOG_EXP_CONN Pin=FPC_MCU-14
Removed Pin From Net: NetName=BLINK_PWM Pin=FPC_MCU-15
Removed Pin From Net: NetName=5V Pin=FPC_MCU-16
Removed Pin From Net: NetName=5V Pin=FPC_MCU-18
Removed Pin From Net: NetName=GND Pin=FPC_MCU-19
Removed Pin From Net: NetName=GND Pin=FPC_MCU-21
Removed Pin From Net: NetName=LED_SS Pin=IC2-17
Removed Pin From Net: NetName=ANALOG_EXP_CONN Pin=IC2-36
Added Pin To Net: NetName=TP_NOSE Pin=FPC_MCU-2
Added Pin To Net: NetName=CMOUT Pin=FPC_MCU-4
Added Pin To Net: NetName=PA0 Pin=FPC_MCU-10
Added Pin To Net: NetName=GND Pin=FPC_MCU-11
Added Pin To Net: NetName=5V Pin=FPC_MCU-12
Added Pin To Net: NetName=SPI_SCK Pin=FPC_MCU-13
Added Pin To Net: NetName=5V Pin=FPC_MCU-14
Added Pin To Net: NetName=SPI_SDIO Pin=FPC_MCU-15
Added Pin To Net: NetName=BLINK_SIG Pin=FPC_MCU-16
Added Pin To Net: NetName=ANALOG_EXP_CONN Pin=FPC_MCU-18
Added Pin To Net: NetName=BLINK_PWM Pin=FPC_MCU-21
Added Pin To Net: NetName=ANALOG_EXP_CONN Pin=IC2-29
Added Pin To Net: NetName=LED_SS Pin=IC2-30
Added Pin To Net: NetName=LED1_PWM Pin=FPC_MCU-19
Added Pin To Net: NetName=LED1_PWM Pin=IC2-42
Added Net: Name=LED1_PWM
Added Pin To Net: NetName=LED2_PWM Pin=FPC_MCU-9
Added Pin To Net: NetName=LED2_PWM Pin=IC2-36
Added Net: Name=LED2_PWM
Added Pin To Net: NetName=TP_NOSE_THERM Pin=FPC_MCU-1
Added Pin To Net: NetName=TP_NOSE_THERM Pin=IC2-17
Added Net: Name=TP_NOSE_THERM
Added Room: Name=Sch_external_connectors
Added Room: Name=Sch_mcu
Added Room: Name=Sch_pwr
Added Room: Name=Sch_sensors
