Added Component: Designator=TP?(TestPoint_0.4mm)
Add component. Clean all parameters for all variants
Added Component: Designator=TP?(TestPoint_0.4mm)
Add component. Clean all parameters for all variants
Added Component: Designator=TP?(TestPoint_0.4mm)
Add component. Clean all parameters for all variants
Added Component: Designator=TP?(TestPoint_0.4mm)
Add component. Clean all parameters for all variants
Added Component: Designator=TP?(TestPoint_0.4mm)
Add component. Clean all parameters for all variants
Added Component: Designator=TP?(TestPoint_0.4mm)
Add component. Clean all parameters for all variants
Added Component: Designator=TP?(TestPoint_0.4mm)
Add component. Clean all parameters for all variants
Added Component: Designator=TP?(TestPoint_0.4mm)
Add component. Clean all parameters for all variants
Added Component: Designator=TP?(TestPoint_0.4mm)
Add component. Clean all parameters for all variants
Added Component: Designator=TP?(TestPoint_0.4mm)
Add component. Clean all parameters for all variants
Added Component: Designator=TP?(TestPoint_0.4mm)
Add component. Clean all parameters for all variants
Added Component: Designator=TP?(TestPoint_0.4mm)
Add component. Clean all parameters for all variants
Added Component: Designator=TP?(TestPoint_0.4mm)
Add component. Clean all parameters for all variants
Added Component: Designator=TP?(TestPoint_0.4mm)
Add component. Clean all parameters for all variants
Added Component: Designator=TP?(TestPoint_0.4mm)
Add component. Clean all parameters for all variants
Added Component: Designator=TP?(TestPoint_0.4mm)
Add component. Clean all parameters for all variants
Added Component: Designator=TP?(TestPoint_0.4mm)
Add component. Clean all parameters for all variants
Added Component: Designator=TP?(TestPoint_0.4mm)
Add component. Clean all parameters for all variants
Added Component: Designator=TP?(TestPoint_0.4mm)
Add component. Clean all parameters for all variants
Added Component: Designator=TP?(TestPoint_0.4mm)
Add component. Clean all parameters for all variants
Added Component: Designator=TP?(TestPoint_0.4mm)
Add component. Clean all parameters for all variants
Added Component: Designator=TP?(TestPoint_0.4mm)
Add component. Clean all parameters for all variants
Added Pin To Net: NetName=3.3V_MCU Pin=TP?-1
Added Pin To Net: NetName=5V Pin=TP?-1
Added Pin To Net: NetName=BLINK_PWM Pin=TP?-1
Added Pin To Net: NetName=BLINK_SIG Pin=TP?-1
Added Pin To Net: NetName=BOOT0 Pin=TP?-1
Added Pin To Net: NetName=EXPANSION_INT Pin=TP?-1
Added Pin To Net: NetName=I2C1_SCL Pin=TP?-1
Added Pin To Net: NetName=I2C1_SDA Pin=TP?-1
Added Pin To Net: NetName=IMU_INT Pin=TP?-1
Added Pin To Net: NetName=LH_DIODE_ARRAY Pin=TP?-1
Added Pin To Net: NetName=LH_INV_AMP_N Pin=TP?-1
Added Pin To Net: NetName=LH_SIG Pin=TP?-1
Added Pin To Net: NetName=NetC21_2 Pin=TP?-1
Added Pin To Net: NetName=NRST Pin=TP?-1
Added Pin To Net: NetName=SYS_SWCLK Pin=TP?-1
Added Pin To Net: NetName=SYS_SWDIO Pin=TP?-1
Added Pin To Net: NetName=TRANS_IMP_OUT Pin=TP?-1
Added Pin To Net: NetName=TSC_G2_IO1 Pin=TP?-1
Added Pin To Net: NetName=USB_DN Pin=TP?-1
Added Pin To Net: NetName=USB_DP Pin=TP?-1
Added Pin To Net: NetName=VBAT_1 Pin=TP?-1
Added Pin To Net: NetName=VBAT_MUX Pin=TP?-1
Added Member To Class: ClassName=Sch_external_connectors Member=Component TP? TestPoint
Added Member To Class: ClassName=Sch_external_connectors Member=Component TP? TestPoint
Added Member To Class: ClassName=Sch_external_connectors Member=Component TP? TestPoint
Added Member To Class: ClassName=Sch_external_connectors Member=Component TP? TestPoint
Added Member To Class: ClassName=Sch_external_connectors Member=Component TP? TestPoint
Added Member To Class: ClassName=Sch_external_connectors Member=Component TP? TestPoint
Added Member To Class: ClassName=Sch_external_connectors Member=Component TP? TestPoint
Added Member To Class: ClassName=Sch_external_connectors Member=Component TP? TestPoint
Added Member To Class: ClassName=Sch_external_connectors Member=Component TP? TestPoint
Added Member To Class: ClassName=Sch_external_connectors Member=Component TP? TestPoint
Added Member To Class: ClassName=Sch_external_connectors Member=Component TP? TestPoint
Added Member To Class: ClassName=Sch_external_connectors Member=Component TP? TestPoint
Added Member To Class: ClassName=Sch_external_connectors Member=Component TP? TestPoint
Added Member To Class: ClassName=Sch_external_connectors Member=Component TP? TestPoint
Added Member To Class: ClassName=Sch_external_connectors Member=Component TP? TestPoint
Added Member To Class: ClassName=Sch_external_connectors Member=Component TP? TestPoint
Added Member To Class: ClassName=Sch_external_connectors Member=Component TP? TestPoint
Added Member To Class: ClassName=Sch_sensors Member=Component TP? TestPoint
Added Member To Class: ClassName=Sch_sensors Member=Component TP? TestPoint
Added Member To Class: ClassName=Sch_sensors Member=Component TP? TestPoint
Added Member To Class: ClassName=Sch_sensors Member=Component TP? TestPoint
Added Member To Class: ClassName=Sch_sensors Member=Component TP? TestPoint
