Change Component Designator: Old Designator=C6 New Designator=C8
Change Component Designator: Old Designator=C7 New Designator=C9
Change Component Designator: Old Designator=C8 New Designator=C11
Change Component Designator: Old Designator=C9 New Designator=C12
Change Component Designator: Old Designator=C11 New Designator=C13
Change Component Designator: Old Designator=C12 New Designator=C14
Change Component Designator: Old Designator=C13 New Designator=C15
Change Component Designator: Old Designator=C27 New Designator=C6
Change Component Designator: Old Designator=C28 New Designator=C7
Change Component Designator: Old Designator=IC1 New Designator=IC2
Change Component Designator: Old Designator=L2 New Designator=L3
Change Component Designator: Old Designator=L3 New Designator=L2
Change Component Designator: Old Designator=LED? New Designator=LED1
Change Component Designator: Old Designator=R14 New Designator=R4
Change Component Designator: Old Designator=R15 New Designator=R5
Change Component Designator: Old Designator=R16 New Designator=R6
Change Component Designator: Old Designator=R? New Designator=R7
Change Component Designator: Old Designator=R? New Designator=R8
Change Component Designator: Old Designator=R? New Designator=R9
Change Component Designator: Old Designator=R? New Designator=R10
Change Component Designator: Old Designator=SB11 New Designator=SB6
Change Component Designator: Old Designator=SB12 New Designator=SB7
Change Component Designator: Old Designator=SB? New Designator=SB8
