Replace Part ANT1 2450AT14A0100T in C:\Users\patrick\OneDrive - Massachusetts Institute of Technology\altium\altium_designs\ProjectAttendance\MCU_PCB\Sch_mcu.SchDoc with 2450AT14A0100T from SamacSys.SchLib
Replace Part C2 GCM1555C1H150JA16D in C:\Users\patrick\OneDrive - Massachusetts Institute of Technology\altium\altium_designs\ProjectAttendance\MCU_PCB\Sch_mcu.SchDoc with GCM1555C1H150JA16D from capacitor_murata_0402.IntLib
Replace Part C3 GCM1555C1H150JA16D in C:\Users\patrick\OneDrive - Massachusetts Institute of Technology\altium\altium_designs\ProjectAttendance\MCU_PCB\Sch_mcu.SchDoc with GCM1555C1H150JA16D from capacitor_murata_0402.IntLib
Replace Part C4 GRM1555C1HR80BA01D in C:\Users\patrick\OneDrive - Massachusetts Institute of Technology\altium\altium_designs\ProjectAttendance\MCU_PCB\Sch_mcu.SchDoc with GRM1555C1HR80BA01D from capacitor_murata_0402.IntLib
Replace Part C5 GRM1555C1HR30WA01D in C:\Users\patrick\OneDrive - Massachusetts Institute of Technology\altium\altium_designs\ProjectAttendance\MCU_PCB\Sch_mcu.SchDoc with GRM1555C1HR30WA01D from capacitor_murata_0402.IntLib
Replace Part C6 GRM1555C1HR80BA01D in C:\Users\patrick\OneDrive - Massachusetts Institute of Technology\altium\altium_designs\ProjectAttendance\MCU_PCB\Sch_mcu.SchDoc with GRM1555C1HR80BA01D from capacitor_murata_0402.IntLib
Replace Part C7 GRM1555C1HR30WA01D in C:\Users\patrick\OneDrive - Massachusetts Institute of Technology\altium\altium_designs\ProjectAttendance\MCU_PCB\Sch_mcu.SchDoc with GRM1555C1HR30WA01D from capacitor_murata_0402.IntLib
Replace Part C8 GRM153R60G475ME15D in C:\Users\patrick\OneDrive - Massachusetts Institute of Technology\altium\altium_designs\ProjectAttendance\MCU_PCB\Sch_mcu.SchDoc with GRM153R60G475ME15D from capacitor_murata_0402.IntLib
Replace Part C9 GCM155R71C104KA55D in C:\Users\patrick\OneDrive - Massachusetts Institute of Technology\altium\altium_designs\ProjectAttendance\MCU_PCB\Sch_mcu.SchDoc with GCM155R71C104KA55D from capacitor_murata_0402.IntLib
Replace Part C10 GCM155R71C104KA55D in C:\Users\patrick\OneDrive - Massachusetts Institute of Technology\altium\altium_designs\ProjectAttendance\MCU_PCB\Sch_mcu.SchDoc with GCM155R71C104KA55D from capacitor_murata_0402.IntLib
Replace Part C11 GCM155R71C104KA55D in C:\Users\patrick\OneDrive - Massachusetts Institute of Technology\altium\altium_designs\ProjectAttendance\MCU_PCB\Sch_mcu.SchDoc with GCM155R71C104KA55D from capacitor_murata_0402.IntLib
Replace Part C12 GCM155R71C104KA55D in C:\Users\patrick\OneDrive - Massachusetts Institute of Technology\altium\altium_designs\ProjectAttendance\MCU_PCB\Sch_mcu.SchDoc with GCM155R71C104KA55D from capacitor_murata_0402.IntLib
Replace Part C13 GCM155R71C104KA55D in C:\Users\patrick\OneDrive - Massachusetts Institute of Technology\altium\altium_designs\ProjectAttendance\MCU_PCB\Sch_mcu.SchDoc with GCM155R71C104KA55D from capacitor_murata_0402.IntLib
Replace Part C14 GCM155R71C104KA55D in C:\Users\patrick\OneDrive - Massachusetts Institute of Technology\altium\altium_designs\ProjectAttendance\MCU_PCB\Sch_mcu.SchDoc with GCM155R71C104KA55D from capacitor_murata_0402.IntLib
Replace Part C15 GCM1555C1H101JA16D in C:\Users\patrick\OneDrive - Massachusetts Institute of Technology\altium\altium_designs\ProjectAttendance\MCU_PCB\Sch_mcu.SchDoc with GCM1555C1H101JA16D from capacitor_murata_0402.IntLib
Replace Part FB1 FCM1608KF-601T03 in C:\Users\patrick\OneDrive - Massachusetts Institute of Technology\altium\altium_designs\ProjectAttendance\MCU_PCB\Sch_mcu.SchDoc with FCM1608KF-601T03 from SamacSys.SchLib
Replace Part IC2 STM32WB55CGU6 in C:\Users\patrick\OneDrive - Massachusetts Institute of Technology\altium\altium_designs\ProjectAttendance\MCU_PCB\Sch_mcu.SchDoc with STM32WB55CGU6 from SamacSys.SchLib
Replace Part L1 LQG15HS2N7S02D in C:\Users\patrick\OneDrive - Massachusetts Institute of Technology\altium\altium_designs\ProjectAttendance\MCU_PCB\Sch_mcu.SchDoc with LQG15HS2N7S02D from SamacSys.SchLib
Replace Part L2 LQG15HS2N7S02D in C:\Users\patrick\OneDrive - Massachusetts Institute of Technology\altium\altium_designs\ProjectAttendance\MCU_PCB\Sch_mcu.SchDoc with LQG15HS2N7S02D from SamacSys.SchLib
Replace Part L3 LBR2012T100K in C:\Users\patrick\OneDrive - Massachusetts Institute of Technology\altium\altium_designs\ProjectAttendance\MCU_PCB\Sch_mcu.SchDoc with LBR2012T100K from SamacSys.SchLib
Replace Part R4 ERJ-2GEJ103X in C:\Users\patrick\OneDrive - Massachusetts Institute of Technology\altium\altium_designs\ProjectAttendance\MCU_PCB\Sch_mcu.SchDoc with ERJ-2GEJ103X from Panasonic_ERJ_0402.IntLib
Replace Part R5 ERJ-2GEJ103X in C:\Users\patrick\OneDrive - Massachusetts Institute of Technology\altium\altium_designs\ProjectAttendance\MCU_PCB\Sch_mcu.SchDoc with ERJ-2GEJ103X from Panasonic_ERJ_0402.IntLib
Replace Part R6 ERJ-2RKF1003X in C:\Users\patrick\OneDrive - Massachusetts Institute of Technology\altium\altium_designs\ProjectAttendance\MCU_PCB\Sch_mcu.SchDoc with ERJ-2RKF1003X from Panasonic_ERJ_0402.IntLib
Replace Part Y1 NX3215SA-32.768K-STD-MUA-8 in C:\Users\patrick\OneDrive - Massachusetts Institute of Technology\altium\altium_designs\ProjectAttendance\MCU_PCB\Sch_mcu.SchDoc with NX3215SA-32.768K-STD-MUA-8 from SamacSys.SchLib
Replace Part Y2 XRCGB32M000F1H01R0 in C:\Users\patrick\OneDrive - Massachusetts Institute of Technology\altium\altium_designs\ProjectAttendance\MCU_PCB\Sch_mcu.SchDoc with XRCGB32M000F1H01R0 from SamacSys.SchLib
