Removed Pin From Net: NetName=SYS_SWCLK Pin=J?-2
Removed Pin From Net: NetName=SYS_SWDIO Pin=J?-3
Removed Pin From Net: NetName=NRST Pin=J?-4
Removed Pin From Net: NetName=NRST Pin=TP?-1
Removed Pin From Net: NetName=SYS_SWCLK Pin=TP?-1
Removed Pin From Net: NetName=SYS_SWDIO Pin=TP?-1
Change Component Designator: OldDesignator=AC? NewDesignator=AC1
Change Component Designator: OldDesignator=C? NewDesignator=C1
Change Component Designator: OldDesignator=C? NewDesignator=C2
Change Component Designator: OldDesignator=C? NewDesignator=C3
Change Component Designator: OldDesignator=C? NewDesignator=C4
Change Component Designator: OldDesignator=C? NewDesignator=C5
Change Component Designator: OldDesignator=C? NewDesignator=C6
Change Component Designator: OldDesignator=C? NewDesignator=C7
Change Component Designator: OldDesignator=DS? NewDesignator=DS1
Change Component Designator: OldDesignator=IC? NewDesignator=IC1
Change Component Designator: OldDesignator=IC? NewDesignator=IC2
Change Component Designator: OldDesignator=J? NewDesignator=J1
Change Component Designator: OldDesignator=J? NewDesignator=J2
Change Component Designator: OldDesignator=J? NewDesignator=J3
Change Component Designator: OldDesignator=J? NewDesignator=J4
Change Component Designator: OldDesignator=Q? NewDesignator=Q1
Change Component Designator: OldDesignator=R? NewDesignator=R1
Change Component Designator: OldDesignator=R? NewDesignator=R2
Change Component Designator: OldDesignator=R? NewDesignator=R3
Change Component Designator: OldDesignator=R? NewDesignator=R4
Change Component Designator: OldDesignator=R? NewDesignator=R5
Change Component Designator: OldDesignator=Y? NewDesignator=Y1
Added Pin To Net: NetName=USB_DN Pin=J1-2
Added Pin To Net: NetName=USB_DP Pin=J1-3
Added Pin To Net: NetName=SYS_SWCLK Pin=J4-1
Added Pin To Net: NetName=NRST Pin=J4-2
Added Pin To Net: NetName=SYS_SWDIO Pin=J4-3
Change Net Name : Old Net Name=NetAC?_4 New Net Name=NetAC1_4
Change Net Name : Old Net Name=NetAC?_9 New Net Name=NetAC1_9
Change Net Name : Old Net Name=NetAC?_17 New Net Name=NetAC1_17
Change Net Name : Old Net Name=NetDS?_1 New Net Name=NetDS1_1
Change Net Name : Old Net Name=NetDS?_2 New Net Name=NetDS1_2
Change Net Name : Old Net Name=NetIC?_8 New Net Name=NetIC1_8
Added Member To Class: ClassName=koosh_sd_card_base Member=Component C1 0.10µF
Added Member To Class: ClassName=koosh_sd_card_base Member=Component C2 0.10µF
Added Member To Class: ClassName=koosh_sd_card_base Member=Component C3 0.10µF
Added Member To Class: ClassName=koosh_sd_card_base Member=Component C4 15pF
Added Member To Class: ClassName=koosh_sd_card_base Member=Component C5 15pF
Added Member To Class: ClassName=koosh_sd_card_base Member=Component C6 4.7µF
Added Member To Class: ClassName=koosh_sd_card_base Member=Component IC1 MCP73831T-2ACI_MC
Added Member To Class: ClassName=koosh_sd_card_base Member=Component J1 ZX62-B-5PA(33)
Added Member To Class: ClassName=koosh_sd_card_base Member=Component J2 0537480208
Added Member To Class: ClassName=koosh_sd_card_base Member=Component J4 TC2030-CTX-NL
Added Member To Class: ClassName=koosh_sd_card_base Member=Component R1 10k
Added Member To Class: ClassName=koosh_sd_card_base Member=Component R2 0
Added Member To Class: ClassName=koosh_sd_card_base Member=Component R4 80.6k
Added Member To Class: ClassName=koosh_sd_card_base Member=Component R5 10k
