Removed Pin From Net: NetName=GND Pin=C1-1
Removed Pin From Net: NetName=GND Pin=C2-1
Removed Pin From Net: NetName=GND Pin=C5-1
Removed Pin From Net: NetName=GND Pin=C6-1
Removed Pin From Net: NetName=GND Pin=CONN_1-4
Removed Pin From Net: NetName=GND Pin=D1-2
Removed Pin From Net: NetName=GND Pin=IC1-C3
Removed Pin From Net: NetName=GND Pin=IC1-D4
Removed Pin From Net: NetName=GND Pin=IC1-D5
Removed Pin From Net: NetName=GND Pin=IC1-E3
Removed Pin From Net: NetName=GND Pin=IC2-D4
Removed Pin From Net: NetName=GND Pin=IC2-D5
Removed Pin From Net: NetName=GND Pin=IC2-E3
Removed Pin From Net: NetName=BLINK_PWM Pin=J1-2
Removed Pin From Net: NetName=GND Pin=J1-6
Removed Pin From Net: NetName=BLINK_SIG Pin=J1-7
Removed Pin From Net: NetName=GND Pin=J1-8
Removed Pin From Net: NetName=GND Pin=J1-15
Removed Pin From Net: NetName=GND Pin=J1-16
Removed Pin From Net: NetName=GND Pin=J2-15
Removed Pin From Net: NetName=GND Pin=J2-16
Removed Pin From Net: NetName=GND Pin=LED1-2
Removed Pin From Net: NetName=GND Pin=LED2-2
Removed Pin From Net: NetName=GND Pin=LED3-2
Removed Pin From Net: NetName=GND Pin=LED4-2
Removed Pin From Net: NetName=GND Pin=LED5-4
Removed Pin From Net: NetName=GND Pin=LED5-5
Removed Pin From Net: NetName=GND Pin=LED5-6
Removed Pin From Net: NetName=GND Pin=LED6-4
Removed Pin From Net: NetName=GND Pin=LED6-5
Removed Pin From Net: NetName=GND Pin=LED6-6
Removed Pin From Net: NetName=GND Pin=R5-1
Removed Pin From Net: NetName=BLINK_CATHODE Pin=R5-2
Removed Pin From Net: NetName=BLINK_SIG Pin=R6-1
Removed Pin From Net: NetName=GND Pin=U2-1
Removed Member From Class: ClassName=Sch_front Member=CONN_1
Removed Member From Class: ClassName=Sch_front Member=D1
Removed Member From Class: ClassName=Sch_front Member=R4
Removed Member From Class: ClassName=Sch_front Member=R5
Removed Member From Class: ClassName=Sch_front Member=R6
Removed Member From Class: ClassName=Sch_front Member=U2
Change Class Name : Old Net Name=Sch_front New Net Name=nose_blink
Added Room: Name=nose_blink
