Added Component: Designator=FPC_MCU1(5022502391)
Add component. Clean all parameters for all variants
Add component (AddParameter): Name = "Datasheet Link"; Value = "https://www.molex.com/pdm_docs/sd/5022501791_sd.pdf"; VariantName = "[No Variations]"
Add component (AddParameter): Name = "Height"; Value = "1.85mm"; VariantName = "[No Variations]"
Add component (AddParameter): Name = "Manufacturer_Name"; Value = "Molex"; VariantName = "[No Variations]"
Add component (AddParameter): Name = "Manufacturer_Part_Number"; Value = "502250-2391"; VariantName = "[No Variations]"
Add component (AddParameter): Name = "Mouser Part Number"; Value = "538-502250-2391"; VariantName = "[No Variations]"
Add component (AddParameter): Name = "Mouser Price/Stock"; Value = "https://www.mouser.com/Search/Refine.aspx?Keyword=538-502250-2391"; VariantName = "[No Variations]"
Add component (AddParameter): Name = "RS Part Number"; Value = ""; VariantName = "[No Variations]"
Add component (AddParameter): Name = "RS Price/Stock"; Value = ""; VariantName = "[No Variations]"
Add component (AddParameter): Name = "System"; Value = "Connector"; VariantName = "[No Variations]"
Added Pin To Net: NetName=VBAT Pin=FPC_MCU1-1
Added Pin To Net: NetName=TP_NOSE_GND Pin=FPC_MCU1-2
Added Pin To Net: NetName=VBAT Pin=FPC_MCU1-3
Added Pin To Net: NetName=TP_NOSE Pin=FPC_MCU1-4
Added Pin To Net: NetName=LH_DIODE_ARRAY Pin=FPC_MCU1-5
Added Pin To Net: NetName=I2C1_SCL Pin=FPC_MCU1-6
Added Pin To Net: NetName=LED_SS Pin=FPC_MCU1-7
Added Pin To Net: NetName=I2C1_SDA Pin=FPC_MCU1-8
Added Pin To Net: NetName=SPI_SCK Pin=FPC_MCU1-9
Added Pin To Net: NetName=BLINK_SIG Pin=FPC_MCU1-10
Added Pin To Net: NetName=SPI_SDIO Pin=FPC_MCU1-11
Added Pin To Net: NetName=PA0 Pin=FPC_MCU1-12
Added Pin To Net: NetName=LED_PWM Pin=FPC_MCU1-13
Added Pin To Net: NetName=ANALOG_EXP_CONN Pin=FPC_MCU1-14
Added Pin To Net: NetName=BLINK_PWM Pin=FPC_MCU1-15
Added Pin To Net: NetName=5V Pin=FPC_MCU1-16
Added Pin To Net: NetName=GND Pin=FPC_MCU1-17
Added Pin To Net: NetName=5V Pin=FPC_MCU1-18
Added Pin To Net: NetName=GND Pin=FPC_MCU1-19
Added Pin To Net: NetName=3.3V Pin=FPC_MCU1-20
Added Pin To Net: NetName=GND Pin=FPC_MCU1-21
Added Pin To Net: NetName=3.3V Pin=FPC_MCU1-22
Added Pin To Net: NetName=GND Pin=FPC_MCU1-23
Added Member To Class: ClassName=Sheet1 Member=Component FPC_MCU1 502250-2391
Added Room: Name=Sheet1
