Added Component: Designator=FPC_MCU?(5022502391)
Add component. Clean all parameters for all variants
Add component (AddParameter): Name = "Datasheet Link"; Value = "https://www.molex.com/pdm_docs/sd/5022501791_sd.pdf"; VariantName = "[No Variations]"
Add component (AddParameter): Name = "Height"; Value = "1.85mm"; VariantName = "[No Variations]"
Add component (AddParameter): Name = "Manufacturer_Name"; Value = "Molex"; VariantName = "[No Variations]"
Add component (AddParameter): Name = "Manufacturer_Part_Number"; Value = "502250-2391"; VariantName = "[No Variations]"
Add component (AddParameter): Name = "Mouser Part Number"; Value = "538-502250-2391"; VariantName = "[No Variations]"
Add component (AddParameter): Name = "Mouser Price/Stock"; Value = "https://www.mouser.com/Search/Refine.aspx?Keyword=538-502250-2391"; VariantName = "[No Variations]"
Add component (AddParameter): Name = "RS Part Number"; Value = ""; VariantName = "[No Variations]"
Add component (AddParameter): Name = "RS Price/Stock"; Value = ""; VariantName = "[No Variations]"
Add component (AddParameter): Name = "System"; Value = "Connector"; VariantName = "[No Variations]"
Added Component: Designator=FPC_PWR?(5022502391)
Add component. Clean all parameters for all variants
Add component (AddParameter): Name = "Datasheet Link"; Value = "https://www.molex.com/pdm_docs/sd/5022501791_sd.pdf"; VariantName = "[No Variations]"
Add component (AddParameter): Name = "Height"; Value = "1.85mm"; VariantName = "[No Variations]"
Add component (AddParameter): Name = "Manufacturer_Name"; Value = "Molex"; VariantName = "[No Variations]"
Add component (AddParameter): Name = "Manufacturer_Part_Number"; Value = "502250-2391"; VariantName = "[No Variations]"
Add component (AddParameter): Name = "Mouser Part Number"; Value = "538-502250-2391"; VariantName = "[No Variations]"
Add component (AddParameter): Name = "Mouser Price/Stock"; Value = "https://www.mouser.com/Search/Refine.aspx?Keyword=538-502250-2391"; VariantName = "[No Variations]"
Add component (AddParameter): Name = "RS Part Number"; Value = ""; VariantName = "[No Variations]"
Add component (AddParameter): Name = "RS Price/Stock"; Value = ""; VariantName = "[No Variations]"
Add component (AddParameter): Name = "System"; Value = "Connector"; VariantName = "[No Variations]"
Added Component: Designator=J?(HDRV26W89P254X254_2X13_3261X506X1074P)
Add component. Clean all parameters for all variants
Add component (AddParameter): Name = "Datasheet Link"; Value = "http://www.te.com/commerce/DocumentDelivery/DDEController?Action=showdoc&DocId=Customer+Drawing%7F103542%7FJ3%7Fpdf%7FEnglish%7FENG_CD_103542_J3.pdf%7F1-103542-2"; VariantName = "[No Variations]"
Add component (AddParameter): Name = "Height"; Value = "10.744mm"; VariantName = "[No Variations]"
Add component (AddParameter): Name = "Manufacturer_Name"; Value = "TE Connectivity"; VariantName = "[No Variations]"
Add component (AddParameter): Name = "Manufacturer_Part_Number"; Value = "1-103542-2"; VariantName = "[No Variations]"
Add component (AddParameter): Name = "Mouser Part Number"; Value = "571-1-103542-2"; VariantName = "[No Variations]"
Add component (AddParameter): Name = "Mouser Price/Stock"; Value = "https://www.mouser.com/Search/Refine.aspx?Keyword=571-1-103542-2"; VariantName = "[No Variations]"
Add component (AddParameter): Name = "RS Part Number"; Value = ""; VariantName = "[No Variations]"
Add component (AddParameter): Name = "RS Price/Stock"; Value = ""; VariantName = "[No Variations]"
Added Pin To Net: NetName=3.3V Pin=FPC_MCU?-20
Added Pin To Net: NetName=3.3V Pin=FPC_MCU?-22
Added Pin To Net: NetName=3.3V Pin=FPC_PWR?-2
Added Pin To Net: NetName=3.3V Pin=FPC_PWR?-4
Added Pin To Net: NetName=3.3V Pin=J?-2
Added Pin To Net: NetName=3.3V Pin=J?-4
Added Net: Name=3.3V
Added Pin To Net: NetName=5V Pin=FPC_MCU?-16
Added Pin To Net: NetName=5V Pin=FPC_MCU?-18
Added Pin To Net: NetName=5V Pin=FPC_PWR?-6
Added Pin To Net: NetName=5V Pin=FPC_PWR?-8
Added Pin To Net: NetName=5V Pin=J?-6
Added Pin To Net: NetName=5V Pin=J?-8
Added Net: Name=5V
Added Pin To Net: NetName=ANALOG_EXP_CONN Pin=FPC_MCU?-14
Added Pin To Net: NetName=ANALOG_EXP_CONN Pin=FPC_PWR?-10
Added Pin To Net: NetName=ANALOG_EXP_CONN Pin=J?-10
Added Net: Name=ANALOG_EXP_CONN
Added Pin To Net: NetName=BLINK_PWM Pin=FPC_MCU?-15
Added Pin To Net: NetName=BLINK_PWM Pin=FPC_PWR?-9
Added Pin To Net: NetName=BLINK_PWM Pin=J?-15
Added Net: Name=BLINK_PWM
Added Pin To Net: NetName=BLINK_SIG Pin=FPC_MCU?-10
Added Pin To Net: NetName=BLINK_SIG Pin=FPC_PWR?-14
Added Pin To Net: NetName=BLINK_SIG Pin=J?-14
Added Net: Name=BLINK_SIG
Added Pin To Net: NetName=GND Pin=FPC_MCU?-17
Added Pin To Net: NetName=GND Pin=FPC_MCU?-19
Added Pin To Net: NetName=GND Pin=FPC_MCU?-21
Added Pin To Net: NetName=GND Pin=FPC_MCU?-23
Added Pin To Net: NetName=GND Pin=FPC_PWR?-1
Added Pin To Net: NetName=GND Pin=FPC_PWR?-3
Added Pin To Net: NetName=GND Pin=FPC_PWR?-5
Added Pin To Net: NetName=GND Pin=FPC_PWR?-7
Added Pin To Net: NetName=GND Pin=J?-17
Added Pin To Net: NetName=GND Pin=J?-19
Added Pin To Net: NetName=GND Pin=J?-21
Added Pin To Net: NetName=GND Pin=J?-23
Added Pin To Net: NetName=GND Pin=J?-24
Added Pin To Net: NetName=GND Pin=J?-25
Added Pin To Net: NetName=GND Pin=J?-26
Added Net: Name=GND
Added Pin To Net: NetName=I2C1_SCL Pin=FPC_MCU?-6
Added Pin To Net: NetName=I2C1_SCL Pin=FPC_PWR?-18
Added Pin To Net: NetName=I2C1_SCL Pin=J?-18
Added Net: Name=I2C1_SCL
Added Pin To Net: NetName=I2C1_SDA Pin=FPC_MCU?-8
Added Pin To Net: NetName=I2C1_SDA Pin=FPC_PWR?-16
Added Pin To Net: NetName=I2C1_SDA Pin=J?-16
Added Net: Name=I2C1_SDA
Added Pin To Net: NetName=LED_PWM Pin=FPC_MCU?-13
Added Pin To Net: NetName=LED_PWM Pin=FPC_PWR?-11
Added Pin To Net: NetName=LED_PWM Pin=J?-13
Added Net: Name=LED_PWM
Added Pin To Net: NetName=LED_SS Pin=FPC_MCU?-7
Added Pin To Net: NetName=LED_SS Pin=FPC_PWR?-17
Added Pin To Net: NetName=LED_SS Pin=J?-7
Added Net: Name=LED_SS
Added Pin To Net: NetName=LH_DIODE_ARRAY Pin=FPC_MCU?-5
Added Pin To Net: NetName=LH_DIODE_ARRAY Pin=FPC_PWR?-19
Added Pin To Net: NetName=LH_DIODE_ARRAY Pin=J?-5
Added Net: Name=LH_DIODE_ARRAY
Added Pin To Net: NetName=PA0 Pin=FPC_MCU?-12
Added Pin To Net: NetName=PA0 Pin=FPC_PWR?-12
Added Pin To Net: NetName=PA0 Pin=J?-12
Added Net: Name=PA0
Added Pin To Net: NetName=SPI_SCK Pin=FPC_MCU?-9
Added Pin To Net: NetName=SPI_SCK Pin=FPC_PWR?-15
Added Pin To Net: NetName=SPI_SCK Pin=J?-9
Added Net: Name=SPI_SCK
Added Pin To Net: NetName=SPI_SDIO Pin=FPC_MCU?-11
Added Pin To Net: NetName=SPI_SDIO Pin=FPC_PWR?-13
Added Pin To Net: NetName=SPI_SDIO Pin=J?-11
Added Net: Name=SPI_SDIO
Added Pin To Net: NetName=TP_NOSE_GND Pin=FPC_MCU?-2
Added Pin To Net: NetName=TP_NOSE_GND Pin=FPC_PWR?-22
Added Pin To Net: NetName=TP_NOSE_GND Pin=J?-22
Added Net: Name=TP_NOSE_GND
Added Pin To Net: NetName=TP_NOSE Pin=FPC_MCU?-4
Added Pin To Net: NetName=TP_NOSE Pin=FPC_PWR?-20
Added Pin To Net: NetName=TP_NOSE Pin=J?-20
Added Net: Name=TP_NOSE
Added Pin To Net: NetName=VBAT Pin=FPC_MCU?-1
Added Pin To Net: NetName=VBAT Pin=FPC_MCU?-3
Added Pin To Net: NetName=VBAT Pin=FPC_PWR?-21
Added Pin To Net: NetName=VBAT Pin=FPC_PWR?-23
Added Pin To Net: NetName=VBAT Pin=J?-1
Added Pin To Net: NetName=VBAT Pin=J?-3
Added Net: Name=VBAT
Added Class: Name=Sheet1
Added Room: Name=Sheet1
