Removed Pin From Net: NetName=TP_INT Pin=J1-1
Removed Pin From Net: NetName=GND Pin=J1-2
Removed Pin From Net: NetName=3.3V Pin=J1-3
Removed Pin From Net: NetName=SPI1_SCK Pin=J1-4
Removed Pin From Net: NetName=MIC_ENV Pin=J1-5
Removed Pin From Net: NetName=TP_EN Pin=J1-6
Removed Pin From Net: NetName=LIGHT_INT Pin=J1-7
Removed Pin From Net: NetName=USB_DN Pin=J1-8
Removed Pin From Net: NetName=SPI1_MOSI Pin=J1-9
Removed Pin From Net: NetName=USB_DP Pin=J1-10
Removed Pin From Net: NetName=VBAT Pin=J1-11
Removed Pin From Net: NetName=IMU_EN Pin=J1-12
Removed Pin From Net: NetName=SPI1_MISO Pin=J1-13
Removed Pin From Net: NetName=SYS_SWCLK Pin=J1-14
Removed Pin From Net: NetName=IMU_INT Pin=J1-15
Removed Pin From Net: NetName=SYS_SWDIO Pin=J1-16
Removed Pin From Net: NetName=I2C1_SCL Pin=J1-17
Removed Pin From Net: NetName=GND Pin=J1-18
Removed Pin From Net: NetName=NRST Pin=J1-19
Removed Pin From Net: NetName=I2C1_SDA Pin=J1-20
Added Component: Designator=P1(P70-5000045R)
Added Pin To Net: NetName=NetP1_1 Pin=P1-1
Change Class Name : Old Net Name=logger_mcu New Net Name=koosh_mcu
Change Class Name : Old Net Name=logger_periph New Net Name=koosh_periph
Change Class Name : Old Net Name=logger_power New Net Name=koosh_power
Change Class Name : Old Net Name=logger_sensors New Net Name=koosh_sensors
Added Room: Name=koosh_mcu
Added Room: Name=koosh_periph
Added Room: Name=koosh_power
Added Room: Name=koosh_sensors
