Added Component: Designator=CN?(XNT-005MF-05A)
Add component. Clean all parameters for all variants
Added Component: Designator=CN?(XNT-005MF-05A)
Add component. Clean all parameters for all variants
Added Member To Class: ClassName=Sheet1 Member=Component C? 47nF
Added Member To Class: ClassName=Sheet1 Member=Component C? 0.10µF
Added Member To Class: ClassName=Sheet1 Member=Component C? 0.10µF
Added Member To Class: ClassName=Sheet1 Member=Component C? 0.10µF
Added Member To Class: ClassName=Sheet1 Member=Component C? 47nF
Added Member To Class: ClassName=Sheet1 Member=Component CN? XNT-005MF-05A
Added Member To Class: ClassName=Sheet1 Member=Component CN? XNT-005MF-05A
Added Member To Class: ClassName=Sheet1 Member=Component IC? TLV2462CDR
Added Member To Class: ClassName=Sheet1 Member=Component IC? TLV2462CDR
Added Member To Class: ClassName=Sheet1 Member=Component J? 0010845020
Added Member To Class: ClassName=Sheet1 Member=Component J? 0010844030
Added Member To Class: ClassName=Sheet1 Member=Component J? 0010844030
Added Member To Class: ClassName=Sheet1 Member=Component R? 470k
Added Member To Class: ClassName=Sheet1 Member=Component R? 240k
Added Member To Class: ClassName=Sheet1 Member=Component R? 240k
Added Member To Class: ClassName=Sheet1 Member=Component R? 240k
Added Member To Class: ClassName=Sheet1 Member=Component R? 470k
Added Member To Class: ClassName=Sheet1 Member=Component R? 470k
Added Member To Class: ClassName=Sheet1 Member=Component R? 470k
Added Member To Class: ClassName=Sheet1 Member=Component R? 470k
Added Member To Class: ClassName=Sheet1 Member=Component R? 470k
Added Member To Class: ClassName=Sheet1 Member=Component R? 470k
Added Member To Class: ClassName=Sheet1 Member=Component R? 470k
Added Member To Class: ClassName=Sheet1 Member=Component VR? TC33X-2-304E
Added Member To Class: ClassName=Sheet1 Member=Component VR? TC33X-2-304E
Added Room: Name=Sheet1
