Removed Pin From Net: NetName=NetIC?_6 Pin=IC?-6
Removed Pin From Net: NetName=NetIC?_6 Pin=R?-2
Added Pin To Net: NetName=NetIC?_6 Pin=IC?-6
Added Pin To Net: NetName=NetIC?_6 Pin=R?-2
Added Member To Class: ClassName=Sheet1 Member=Component C? 47nF
Added Member To Class: ClassName=Sheet1 Member=Component C? 0.10µF
Added Member To Class: ClassName=Sheet1 Member=Component C? 0.10µF
Added Member To Class: ClassName=Sheet1 Member=Component C? 0.10µF
Added Member To Class: ClassName=Sheet1 Member=Component C? 47nF
Added Member To Class: ClassName=Sheet1 Member=Component IC? TLV2462CDR
Added Member To Class: ClassName=Sheet1 Member=Component IC? TLV2462CDR
Added Member To Class: ClassName=Sheet1 Member=Component R? 470k
Added Member To Class: ClassName=Sheet1 Member=Component R? 470k
Added Member To Class: ClassName=Sheet1 Member=Component R? 470k
Added Member To Class: ClassName=Sheet1 Member=Component R? 470k
Added Member To Class: ClassName=Sheet1 Member=Component R? 470k
Added Member To Class: ClassName=Sheet1 Member=Component R? 470k
Added Member To Class: ClassName=Sheet1 Member=Component R? 470k
Added Member To Class: ClassName=Sheet1 Member=Component R? 240k
Added Member To Class: ClassName=Sheet1 Member=Component R? 470k
Added Member To Class: ClassName=Sheet1 Member=Component R? 240k
Added Member To Class: ClassName=Sheet1 Member=Component R? 240k
