Change Component Designator: OldDesignator=? NewDesignator=1
Change Component Designator: OldDesignator=C? NewDesignator=C1
Change Component Designator: OldDesignator=C? NewDesignator=C2
Change Component Designator: OldDesignator=C? NewDesignator=C3
Change Component Designator: OldDesignator=C? NewDesignator=C4
Change Component Designator: OldDesignator=C? NewDesignator=C5
Change Component Designator: OldDesignator=C? NewDesignator=C6
Change Component Designator: OldDesignator=CN? NewDesignator=CN1
Change Component Designator: OldDesignator=CN? NewDesignator=CN2
Change Component Designator: OldDesignator=CN? NewDesignator=CN3
Change Component Designator: OldDesignator=IC? NewDesignator=IC1
Change Component Designator: OldDesignator=IC? NewDesignator=IC2
Change Component Designator: OldDesignator=IC? NewDesignator=IC3
Change Component Designator: OldDesignator=R? NewDesignator=R1
Change Component Designator: OldDesignator=R? NewDesignator=R2
Change Component Designator: OldDesignator=R? NewDesignator=R3
Change Component Designator: OldDesignator=R? NewDesignator=R4
Change Component Designator: OldDesignator=R? NewDesignator=R5
Change Component Designator: OldDesignator=R? NewDesignator=R6
Change Component Designator: OldDesignator=R? NewDesignator=R7
Change Component Designator: OldDesignator=R? NewDesignator=R8
Change Component Designator: OldDesignator=R? NewDesignator=R9
Change Component Designator: OldDesignator=R? NewDesignator=R10
Change Component Designator: OldDesignator=R? NewDesignator=R11
Change Component Designator: OldDesignator=VR? NewDesignator=VR1
Change Component Designator: OldDesignator=VR? NewDesignator=VR2
Change Component Designator: OldDesignator=VR? NewDesignator=VR3
Change Net Name : Old Net Name=Net?_1 New Net Name=Net1_1
Change Net Name : Old Net Name=NetIC?_1 New Net Name=NetIC1_1
Change Net Name : Old Net Name=NetIC?_2 New Net Name=NetIC3_2
Change Net Name : Old Net Name=NetIC?_6 New Net Name=NetIC3_6
Change Net Name : Old Net Name=NetIC?_7 New Net Name=NetIC2_7
Added Pin To Net: NetName=NetIC1_7 Pin=IC1-7
Added Pin To Net: NetName=NetIC1_7 Pin=R6-1
Added Pin To Net: NetName=NetIC1_7 Pin=R7-2
Added Net: Name=NetIC1_7
Added Pin To Net: NetName=NetIC2_1 Pin=IC2-1
Added Pin To Net: NetName=NetIC2_1 Pin=R2-2
Added Pin To Net: NetName=NetIC2_1 Pin=R4-2
Added Net: Name=NetIC2_1
Added Pin To Net: NetName=NetIC3_1 Pin=IC3-1
Added Pin To Net: NetName=NetIC3_1 Pin=R8-2
Added Pin To Net: NetName=NetIC3_1 Pin=VR2-2
Added Net: Name=NetIC3_1
Added Pin To Net: NetName=NetIC3_7 Pin=IC3-7
Added Pin To Net: NetName=NetIC3_7 Pin=R10-1
Added Pin To Net: NetName=NetIC3_7 Pin=VR3-2
Added Net: Name=NetIC3_7
Added Member To Class: ClassName=Sheet1 Member=Component C1 47nF
Added Member To Class: ClassName=Sheet1 Member=Component C2 47nF
Added Member To Class: ClassName=Sheet1 Member=Component C3 0.10µF
Added Member To Class: ClassName=Sheet1 Member=Component C4 47nF
Added Member To Class: ClassName=Sheet1 Member=Component C6 0.10µF
Added Member To Class: ClassName=Sheet1 Member=Component CN1 XNT-005MF-05A
Added Member To Class: ClassName=Sheet1 Member=Component CN3 XNT-005MF-05A
Added Member To Class: ClassName=Sheet1 Member=Component IC1 TLV2462CDR
Added Member To Class: ClassName=Sheet1 Member=Component IC3 TLV2462CDR
Added Member To Class: ClassName=Sheet1 Member=Component R1 240k
Added Member To Class: ClassName=Sheet1 Member=Component R2 240k
Added Member To Class: ClassName=Sheet1 Member=Component R3 470k
Added Member To Class: ClassName=Sheet1 Member=Component R4 470k
Added Member To Class: ClassName=Sheet1 Member=Component R5 470k
Added Member To Class: ClassName=Sheet1 Member=Component R6 470k
Added Member To Class: ClassName=Sheet1 Member=Component R7 240k
Added Member To Class: ClassName=Sheet1 Member=Component R8 470k
Added Member To Class: ClassName=Sheet1 Member=Component R9 470k
Added Member To Class: ClassName=Sheet1 Member=Component R10 470k
Added Member To Class: ClassName=Sheet1 Member=Component R11 470k
Added Member To Class: ClassName=Sheet1 Member=Component VR1 TC33X-2-304E
Added Member To Class: ClassName=Sheet1 Member=Component VR2 TC33X-2-304E
