Removed Pin From Net: NetName=GND Pin=R?-1
Removed Pin From Net: NetName=GND Pin=R?-1
Removed Pin From Net: NetName=NetIC?_7 Pin=R?-2
Added Component: Designator=?(SMD-0402-RES)
Add component. Clean all parameters for all variants
Add component (AddParameter): Name = "@ qty"; Value = "1500"; VariantName = "[No Variations]"
Add component (AddParameter): Name = "Composition"; Value = "Thick Film"; VariantName = "[No Variations]"
Add component (AddParameter): Name = "Datasheets"; Value = "http://industrial.panasonic.com/www-cgi/jvcr13pz.cgi?E+PZ+3+AOA0001+ERJ2GEJ104X+7+WW"; VariantName = "[No Variations]"
Add component (AddParameter): Name = "Digi-Key Part Number"; Value = "P100KJCT-ND"; VariantName = "[No Variations]"
Add component (AddParameter): Name = "Factory Stock"; Value = "0"; VariantName = "[No Variations]"
Add component (AddParameter): Name = "Failure Rate"; Value = "-"; VariantName = "[No Variations]"
Add component (AddParameter): Name = "Features"; Value = "Automotive AEC-Q200"; VariantName = "[No Variations]"
Add component (AddParameter): Name = "Height - Seated (Max)"; Value = "0.016" (0.40mm)"; VariantName = "[No Variations]"
Add component (AddParameter): Name = "Image"; Value = "//media.digikey.com/Photos/Panasonic%20Photos/ERJ-PA2-Series.jpg"; VariantName = "[No Variations]"
Add component (AddParameter): Name = "Manufacturer"; Value = "Panasonic Electronic Components"; VariantName = "[No Variations]"
Add component (AddParameter): Name = "Minimum Quantity"; Value = "1"; VariantName = "[No Variations]"
Add component (AddParameter): Name = "Number of Terminations"; Value = "2"; VariantName = "[No Variations]"
Add component (AddParameter): Name = "Operating Temperature"; Value = "-55°C ~ 155°C"; VariantName = "[No Variations]"
Add component (AddParameter): Name = "Package / Case"; Value = "0402 (1005 Metric)"; VariantName = "[No Variations]"
Add component (AddParameter): Name = "Packaging"; Value = "Cut Tape (CT)"; VariantName = "[No Variations]"
Add component (AddParameter): Name = "Part Number"; Value = "ERJ-2GEJ104X"; VariantName = "[No Variations]"
Add component (AddParameter): Name = "Part Status"; Value = "Active"; VariantName = "[No Variations]"
Add component (AddParameter): Name = "Power (Watts)"; Value = "0.1W, 1/10W"; VariantName = "[No Variations]"
Add component (AddParameter): Name = "Quantity Available"; Value = "2387986"; VariantName = "[No Variations]"
Add component (AddParameter): Name = "Series"; Value = "ERJ"; VariantName = "[No Variations]"
Add component (AddParameter): Name = "Size / Dimension"; Value = "0.039" L x 0.020" W (1.00mm x 0.50mm)"; VariantName = "[No Variations]"
Add component (AddParameter): Name = "Supplier Device Package"; Value = "0402"; VariantName = "[No Variations]"
Add component (AddParameter): Name = "Temperature Coefficient"; Value = "±200ppm/°C"; VariantName = "[No Variations]"
Add component (AddParameter): Name = "Tolerance"; Value = "±5%"; VariantName = "[No Variations]"
Add component (AddParameter): Name = "Unit Price (USD)"; Value = "0.00350"; VariantName = "[No Variations]"
Add component (AddParameter): Name = "Value"; Value = "470k"; VariantName = "[No Variations]"
Added Component: Designator=CN?(XNT-005MF-05A)
Add component. Clean all parameters for all variants
Added Pin To Net: NetName=GND Pin=?-2
Added Pin To Net: NetName=3.3V Pin=CN?-1
Added Pin To Net: NetName=DIODE_IN_1 Pin=CN?-1
Added Pin To Net: NetName=3.3V Pin=CN?-2
Added Pin To Net: NetName=DIODE_IN_2 Pin=CN?-2
Added Pin To Net: NetName=DIODE_IN_3 Pin=CN?-3
Added Pin To Net: NetName=GND Pin=CN?-4
Added Pin To Net: NetName=HP_FILTER_OUT_2 Pin=CN?-4
Added Pin To Net: NetName=GND Pin=CN?-5
Added Pin To Net: NetName=HP_FILTER_OUT_1 Pin=CN?-5
Added Pin To Net: NetName=HP_FILTER_OUT_3 Pin=CN?-5
Added Pin To Net: NetName=NetIC?_2 Pin=R?-1
Added Pin To Net: NetName=NetIC?_6 Pin=R?-1
Added Pin To Net: NetName=GND Pin=R?-2
Added Pin To Net: NetName=DIODE_1_AMP_OUT Pin=CN?-1
Added Net: Name=DIODE_1_AMP_OUT
Added Pin To Net: NetName=DIODE_2_AMP_OUT Pin=CN?-2
Added Net: Name=DIODE_2_AMP_OUT
Added Pin To Net: NetName=DIODE_3_AMP_OUT Pin=CN?-3
Added Net: Name=DIODE_3_AMP_OUT
Added Pin To Net: NetName=Net?_1 Pin=?-1
Added Pin To Net: NetName=Net?_1 Pin=IC?-6
Added Pin To Net: NetName=Net?_1 Pin=R?-2
Added Pin To Net: NetName=Net?_1 Pin=VR?-1
Added Net: Name=Net?_1
Added Member To Class: ClassName=Sheet1 Member=Component ? 470k
Added Member To Class: ClassName=Sheet1 Member=Component C? 47nF
Added Member To Class: ClassName=Sheet1 Member=Component C? 0.10µF
Added Member To Class: ClassName=Sheet1 Member=Component C? 0.10µF
Added Member To Class: ClassName=Sheet1 Member=Component C? 0.10µF
Added Member To Class: ClassName=Sheet1 Member=Component C? 47nF
Added Member To Class: ClassName=Sheet1 Member=Component CN? XNT-005MF-05A
Added Member To Class: ClassName=Sheet1 Member=Component CN? XNT-005MF-05A
Added Member To Class: ClassName=Sheet1 Member=Component IC? TLV2462CDR
Added Member To Class: ClassName=Sheet1 Member=Component IC? TLV2462CDR
Added Member To Class: ClassName=Sheet1 Member=Component R? 470k
Added Member To Class: ClassName=Sheet1 Member=Component R? 470k
Added Member To Class: ClassName=Sheet1 Member=Component R? 240k
Added Member To Class: ClassName=Sheet1 Member=Component R? 240k
Added Member To Class: ClassName=Sheet1 Member=Component R? 470k
Added Member To Class: ClassName=Sheet1 Member=Component R? 470k
Added Member To Class: ClassName=Sheet1 Member=Component R? 470k
Added Member To Class: ClassName=Sheet1 Member=Component R? 240k
Added Member To Class: ClassName=Sheet1 Member=Component R? 470k
Added Member To Class: ClassName=Sheet1 Member=Component R? 470k
Added Member To Class: ClassName=Sheet1 Member=Component VR? TC33X-2-304E
Added Member To Class: ClassName=Sheet1 Member=Component VR? TC33X-2-304E
Added Room: Name=Sheet1
